2023-11-29 13:20:55.845 [main] INFO  page.PortalPage - Opening Portal Page...
2023-11-29 13:20:56.229 [main] INFO  page.PortalPage - Clicking Get started button....
2023-11-29 13:20:56.684 [main] INFO  page.HomePage - Opening home page...
2023-11-29 13:20:56.784 [main] INFO  page.HomePage - USER IS IN HOME PAGE
2023-11-29 13:21:00.431 [main] INFO  page.PortalPage - Opening Portal Page...
2023-11-29 13:21:00.652 [main] INFO  page.PortalPage - Clicking Get started button....
2023-11-29 13:21:01.217 [main] INFO  page.HomePage - Opening home page...
2023-11-29 13:21:01.278 [main] INFO  page.HomePage - USER IS IN HOME PAGE
2023-11-29 13:21:20.335 [main] INFO  page.HomePage - Clicking on data structures link
2023-11-29 13:21:20.521 [main] INFO  page.HomePage - 6 items available in the DataStructure dropdown
2023-11-29 13:21:24.145 [main] INFO  page.PortalPage - Opening Portal Page...
2023-11-29 13:21:24.462 [main] INFO  page.PortalPage - Clicking Get started button....
2023-11-29 13:21:24.929 [main] INFO  page.HomePage - Opening home page...
2023-11-29 13:21:24.994 [main] INFO  page.HomePage - USER IS IN HOME PAGE
2023-11-29 13:21:24.995 [main] INFO  page.HomePage - Clicking on array link
2023-11-29 13:21:25.342 [main] INFO  page.HomePage - You are not logged in is displayed as expected
2023-11-29 13:21:28.868 [main] INFO  page.PortalPage - Opening Portal Page...
2023-11-29 13:21:29.151 [main] INFO  page.PortalPage - Clicking Get started button....
2023-11-29 13:21:29.639 [main] INFO  page.HomePage - Opening home page...
2023-11-29 13:21:29.706 [main] INFO  page.HomePage - USER IS IN HOME PAGE
2023-11-29 13:21:30.121 [main] INFO  page.HomePage - You are not logged in is displayed as expected
2023-11-29 13:21:33.675 [main] INFO  page.PortalPage - Opening Portal Page...
2023-11-29 13:21:34.045 [main] INFO  page.PortalPage - Clicking Get started button....
2023-11-29 13:21:34.559 [main] INFO  page.HomePage - Opening home page...
2023-11-29 13:21:34.628 [main] INFO  page.HomePage - USER IS IN HOME PAGE
2023-11-29 13:21:34.628 [main] INFO  page.HomePage - Clicking on sign in link...
2023-11-29 13:21:34.914 [main] INFO  page.HomePage - USER IS IN SIGN IN PAGE
2023-11-29 13:21:38.440 [main] INFO  page.PortalPage - Opening Portal Page...
2023-11-29 13:21:38.649 [main] INFO  page.PortalPage - Clicking Get started button....
2023-11-29 13:21:39.190 [main] INFO  page.HomePage - Opening home page...
2023-11-29 13:21:39.251 [main] INFO  page.HomePage - USER IS IN HOME PAGE
2023-11-29 13:21:39.253 [main] INFO  page.HomePage - Clicking on Register link...
2023-11-29 13:21:39.545 [main] INFO  page.HomePage - USER IS IN REGISTER PAGE
2023-11-29 13:21:43.793 [main] INFO  page.RegisterPage - Please fill out this field. message is displayed as expected
2023-11-29 13:21:47.987 [main] INFO  page.RegisterPage - Please fill out this field. message is displayed as expected
2023-11-29 13:21:52.586 [main] INFO  page.RegisterPage - Please fill out this field. message is displayed as expected
2023-11-29 13:21:57.290 [main] INFO  page.RegisterPage - password_mismatch:The two password fields didn’t match. message is displayed as expected
2023-11-29 13:22:02.001 [main] INFO  page.RegisterPage - password_mismatch:The two password fields didn’t match. message is displayed as expected
2023-11-29 13:22:06.712 [main] INFO  page.RegisterPage - password_mismatch:The two password fields didn’t match. message is displayed as expected
2023-11-29 13:22:11.290 [main] INFO  page.RegisterPage - password_mismatch:The two password fields didn’t match. message is displayed as expected
2023-11-29 13:22:16.051 [main] INFO  page.RegisterPage - Home page is displayed successfully with message New Account Created. You are logged in as NumNi11@gmail.com
2023-11-29 13:22:33.396 [main] DEBUG org.apache.poi.openxml4j.opc.PackageRelationshipCollection - Parsing relationship: /xl/_rels/workbook.xml.rels
2023-11-29 13:22:33.437 [main] DEBUG org.apache.poi.openxml4j.opc.PackageRelationshipCollection - Parsing relationship: /_rels/.rels
2023-11-29 13:22:34.737 [main] INFO  page.RegisterPage - Actual Result is Invalid Username and Password - As expected
2023-11-29 13:22:38.824 [main] DEBUG org.apache.poi.openxml4j.opc.PackageRelationshipCollection - Parsing relationship: /xl/_rels/workbook.xml.rels
2023-11-29 13:22:38.827 [main] DEBUG org.apache.poi.openxml4j.opc.PackageRelationshipCollection - Parsing relationship: /_rels/.rels
2023-11-29 13:22:39.382 [main] INFO  page.RegisterPage - Actual Result is Invalid Username and Password - As expected
2023-11-29 13:22:43.182 [main] DEBUG org.apache.poi.openxml4j.opc.PackageRelationshipCollection - Parsing relationship: /xl/_rels/workbook.xml.rels
2023-11-29 13:22:43.184 [main] DEBUG org.apache.poi.openxml4j.opc.PackageRelationshipCollection - Parsing relationship: /_rels/.rels
2023-11-29 13:22:43.931 [main] INFO  page.RegisterPage - Actual Result is Invalid Username and Password - As expected
2023-11-29 13:22:47.971 [main] DEBUG org.apache.poi.openxml4j.opc.PackageRelationshipCollection - Parsing relationship: /xl/_rels/workbook.xml.rels
2023-11-29 13:22:47.976 [main] DEBUG org.apache.poi.openxml4j.opc.PackageRelationshipCollection - Parsing relationship: /_rels/.rels
2023-11-29 13:22:48.736 [main] INFO  page.RegisterPage - Actual Result is You are logged in - As expected
2023-11-29 14:56:30.332 [main] INFO  page.PortalPage - Opening Portal Page...
2023-11-29 14:56:30.756 [main] INFO  page.PortalPage - Clicking Get started button....
2023-11-29 14:56:31.239 [main] INFO  page.HomePage - Opening home page...
2023-11-29 14:56:31.337 [main] INFO  page.HomePage - USER IS IN HOME PAGE
2023-11-29 14:56:36.291 [main] INFO  page.PortalPage - Opening Portal Page...
2023-11-29 14:56:36.544 [main] INFO  page.PortalPage - Clicking Get started button....
2023-11-29 14:56:39.075 [main] INFO  page.HomePage - Opening home page...
2023-11-29 14:56:39.165 [main] INFO  page.HomePage - USER IS IN HOME PAGE
2023-11-29 14:56:39.166 [main] INFO  page.HomePage - Clicking on data structures link
2023-11-29 14:56:39.307 [main] INFO  page.HomePage - 6 items available in the DataStructure dropdown
2023-11-29 14:56:43.290 [main] INFO  page.PortalPage - Opening Portal Page...
2023-11-29 14:56:43.533 [main] INFO  page.PortalPage - Clicking Get started button....
2023-11-29 14:56:44.068 [main] INFO  page.HomePage - Opening home page...
2023-11-29 14:56:44.144 [main] INFO  page.HomePage - USER IS IN HOME PAGE
2023-11-29 14:56:44.144 [main] INFO  page.HomePage - Clicking on array link
2023-11-29 14:56:44.476 [main] INFO  page.HomePage - You are not logged in is displayed as expected
2023-11-29 14:56:48.147 [main] INFO  page.PortalPage - Opening Portal Page...
2023-11-29 14:56:48.537 [main] INFO  page.PortalPage - Clicking Get started button....
2023-11-29 14:56:48.963 [main] INFO  page.HomePage - Opening home page...
2023-11-29 14:56:49.028 [main] INFO  page.HomePage - USER IS IN HOME PAGE
2023-11-29 14:56:49.410 [main] INFO  page.HomePage - You are not logged in is displayed as expected
2023-11-29 14:56:53.070 [main] INFO  page.PortalPage - Opening Portal Page...
2023-11-29 14:56:53.293 [main] INFO  page.PortalPage - Clicking Get started button....
2023-11-29 14:56:53.859 [main] INFO  page.HomePage - Opening home page...
2023-11-29 14:56:53.914 [main] INFO  page.HomePage - USER IS IN HOME PAGE
2023-11-29 14:56:53.920 [main] INFO  page.HomePage - Clicking on sign in link...
2023-11-29 14:56:54.243 [main] INFO  page.HomePage - USER IS IN SIGN IN PAGE
2023-11-29 14:56:57.909 [main] INFO  page.PortalPage - Opening Portal Page...
2023-11-29 14:56:58.242 [main] INFO  page.PortalPage - Clicking Get started button....
2023-11-29 14:56:58.750 [main] INFO  page.HomePage - Opening home page...
2023-11-29 14:56:58.826 [main] INFO  page.HomePage - USER IS IN HOME PAGE
2023-11-29 14:56:58.829 [main] INFO  page.HomePage - Clicking on Register link...
2023-11-29 14:56:59.156 [main] INFO  page.HomePage - USER IS IN REGISTER PAGE
2023-11-29 14:57:03.472 [main] INFO  page.RegisterPage - Please fill out this field. message is displayed as expected
2023-11-29 14:57:08.024 [main] INFO  page.RegisterPage - Please fill out this field. message is displayed as expected
2023-11-29 14:57:12.620 [main] INFO  page.RegisterPage - Please fill out this field. message is displayed as expected
2023-11-29 14:57:17.351 [main] INFO  page.RegisterPage - password_mismatch:The two password fields didn’t match. message is displayed as expected
2023-11-29 14:57:21.952 [main] INFO  page.RegisterPage - password_mismatch:The two password fields didn’t match. message is displayed as expected
2023-11-29 14:57:26.752 [main] INFO  page.RegisterPage - password_mismatch:The two password fields didn’t match. message is displayed as expected
2023-11-29 14:57:31.507 [main] INFO  page.RegisterPage - password_mismatch:The two password fields didn’t match. message is displayed as expected
2023-11-29 14:57:36.091 [main] ERROR page.RegisterPage - Home page is not displayed successfully with message password_mismatch:The two password fields didn’t match.
2023-11-29 14:57:53.545 [main] DEBUG org.apache.poi.openxml4j.opc.PackageRelationshipCollection - Parsing relationship: /xl/_rels/workbook.xml.rels
2023-11-29 14:57:53.575 [main] DEBUG org.apache.poi.openxml4j.opc.PackageRelationshipCollection - Parsing relationship: /_rels/.rels
2023-11-29 14:57:54.727 [main] INFO  page.RegisterPage - Actual Result is Invalid Username and Password - As expected
2023-11-29 14:57:58.893 [main] DEBUG org.apache.poi.openxml4j.opc.PackageRelationshipCollection - Parsing relationship: /xl/_rels/workbook.xml.rels
2023-11-29 14:57:58.895 [main] DEBUG org.apache.poi.openxml4j.opc.PackageRelationshipCollection - Parsing relationship: /_rels/.rels
2023-11-29 14:57:59.545 [main] INFO  page.RegisterPage - Actual Result is Invalid Username and Password - As expected
2023-11-29 14:58:03.753 [main] DEBUG org.apache.poi.openxml4j.opc.PackageRelationshipCollection - Parsing relationship: /xl/_rels/workbook.xml.rels
2023-11-29 14:58:03.758 [main] DEBUG org.apache.poi.openxml4j.opc.PackageRelationshipCollection - Parsing relationship: /_rels/.rels
2023-11-29 14:58:04.324 [main] INFO  page.RegisterPage - Actual Result is Invalid Username and Password - As expected
2023-11-29 14:58:08.377 [main] DEBUG org.apache.poi.openxml4j.opc.PackageRelationshipCollection - Parsing relationship: /xl/_rels/workbook.xml.rels
2023-11-29 14:58:08.382 [main] DEBUG org.apache.poi.openxml4j.opc.PackageRelationshipCollection - Parsing relationship: /_rels/.rels
2023-11-29 14:58:09.101 [main] INFO  page.RegisterPage - Actual Result is You are logged in - As expected
2023-11-29 15:18:13.371 [main] INFO  page.HomePage - Overview of Trees
2023-11-29 15:18:14.592 [main] INFO  page.HomePage - Terminologies
2023-11-29 15:18:15.497 [main] INFO  page.HomePage - Types of Trees
2023-11-29 15:18:16.424 [main] INFO  page.HomePage - Tree Traversals
2023-11-29 15:18:17.515 [main] INFO  page.HomePage - Traversals-Illustration
2023-11-29 15:18:18.563 [main] INFO  page.HomePage - Binary Trees
2023-11-29 15:18:19.637 [main] INFO  page.HomePage - Types of Binary Trees
2023-11-29 15:18:20.791 [main] INFO  page.HomePage - Implementation in Python
2023-11-29 15:18:21.811 [main] INFO  page.HomePage - Binary Tree Traversals
2023-11-29 15:18:22.898 [main] INFO  page.HomePage - Implementation of Binary Trees
2023-11-29 15:18:23.909 [main] INFO  page.HomePage - Applications of Binary trees
2023-11-29 15:18:24.927 [main] INFO  page.HomePage - Binary Search Trees
2023-11-29 15:18:26.223 [main] INFO  page.HomePage - Implementation Of BST
2023-11-29 16:06:56.072 [main] INFO  page.HomePage - User is not in Home Page as expected
2023-11-29 16:06:56.389 [main] ERROR page.HomePage - Title is Tree - Not as expected
2023-11-29 16:06:56.457 [main] INFO  page.HomePage - Overview of Trees
2023-11-29 16:06:57.764 [main] INFO  page.HomePage - Terminologies
2023-11-29 16:06:58.680 [main] INFO  page.HomePage - Types of Trees
2023-11-29 16:06:59.661 [main] INFO  page.HomePage - Tree Traversals
2023-11-29 16:07:00.619 [main] INFO  page.HomePage - Traversals-Illustration
2023-11-29 16:07:01.687 [main] INFO  page.HomePage - Binary Trees
2023-11-29 16:07:02.821 [main] INFO  page.HomePage - Types of Binary Trees
2023-11-29 16:07:03.999 [main] INFO  page.HomePage - Implementation in Python
2023-11-29 16:07:05.116 [main] INFO  page.HomePage - Binary Tree Traversals
2023-11-29 16:07:06.233 [main] INFO  page.HomePage - Implementation of Binary Trees
2023-11-29 16:07:07.271 [main] INFO  page.HomePage - Applications of Binary trees
2023-11-29 16:07:08.410 [main] INFO  page.HomePage - Binary Search Trees
2023-11-29 16:07:09.806 [main] INFO  page.HomePage - Implementation Of BST
2023-11-29 16:28:42.144 [main] INFO  page.HomePage - User is not in Home Page as expected
2023-11-29 16:28:42.174 [main] INFO  page.HomePage - User is not in Home Page as expected
2023-11-29 16:28:42.471 [main] ERROR page.HomePage - Title is Tree - Not as expected
2023-11-29 16:28:42.525 [main] INFO  page.HomePage - Overview of Trees
2023-11-29 16:28:43.765 [main] INFO  page.HomePage - Terminologies
2023-11-29 16:28:44.705 [main] INFO  page.HomePage - Types of Trees
2023-11-29 16:28:45.744 [main] INFO  page.HomePage - Tree Traversals
2023-11-29 16:28:46.835 [main] INFO  page.HomePage - Traversals-Illustration
2023-11-29 16:28:47.736 [main] INFO  page.HomePage - Binary Trees
2023-11-29 16:28:48.690 [main] INFO  page.HomePage - Types of Binary Trees
2023-11-29 16:28:49.778 [main] INFO  page.HomePage - Implementation in Python
2023-11-29 16:28:50.844 [main] INFO  page.HomePage - Binary Tree Traversals
2023-11-29 16:28:51.863 [main] INFO  page.HomePage - Implementation of Binary Trees
2023-11-29 16:28:52.948 [main] INFO  page.HomePage - Applications of Binary trees
2023-11-29 16:28:54.024 [main] INFO  page.HomePage - Binary Search Trees
2023-11-29 16:28:55.263 [main] INFO  page.HomePage - Implementation Of BST
2023-11-29 16:34:36.311 [main] INFO  page.HomePage - User is in Home Page as expected
2023-11-29 16:34:36.357 [main] INFO  page.HomePage - User is in Home Page as expected
2023-11-29 16:34:36.663 [main] INFO  page.HomePage - Title is Data Structures-Introduction as expected
2023-11-29 16:34:36.710 [main] INFO  page.HomePage - Time Complexity
2023-11-29 17:32:44.396 [main] INFO  page.PortalPage - Opening Portal Page...
2023-11-29 17:32:44.765 [main] INFO  page.PortalPage - Clicking Get started button....
2023-11-29 17:32:45.263 [main] INFO  page.HomePage - Opening home page...
2023-11-29 17:32:45.355 [main] INFO  page.HomePage - USER IS IN HOME PAGE
2023-11-29 17:32:49.043 [main] INFO  page.PortalPage - Opening Portal Page...
2023-11-29 17:32:49.426 [main] INFO  page.PortalPage - Clicking Get started button....
2023-11-29 17:32:49.928 [main] INFO  page.HomePage - Opening home page...
2023-11-29 17:32:50.004 [main] INFO  page.HomePage - USER IS IN HOME PAGE
2023-11-29 17:32:50.006 [main] INFO  page.HomePage - Clicking on data structures link
2023-11-29 17:32:50.145 [main] INFO  page.HomePage - 6 items available in the DataStructure dropdown
2023-11-29 17:32:53.744 [main] INFO  page.PortalPage - Opening Portal Page...
2023-11-29 17:32:54.229 [main] INFO  page.PortalPage - Clicking Get started button....
2023-11-29 17:32:54.713 [main] INFO  page.HomePage - Opening home page...
2023-11-29 17:32:54.776 [main] INFO  page.HomePage - USER IS IN HOME PAGE
2023-11-29 17:32:54.779 [main] INFO  page.HomePage - Clicking on array link
2023-11-29 17:32:55.103 [main] INFO  page.HomePage - You are not logged in is displayed as expected
2023-11-29 17:32:58.627 [main] INFO  page.PortalPage - Opening Portal Page...
2023-11-29 17:32:59.035 [main] INFO  page.PortalPage - Clicking Get started button....
2023-11-29 17:32:59.500 [main] INFO  page.HomePage - Opening home page...
2023-11-29 17:32:59.567 [main] INFO  page.HomePage - USER IS IN HOME PAGE
2023-11-29 17:33:00.083 [main] INFO  page.HomePage - You are not logged in is displayed as expected
2023-11-29 17:33:03.700 [main] INFO  page.PortalPage - Opening Portal Page...
2023-11-29 17:33:04.196 [main] INFO  page.PortalPage - Clicking Get started button....
2023-11-29 17:33:05.135 [main] INFO  page.HomePage - Opening home page...
2023-11-29 17:33:05.200 [main] INFO  page.HomePage - USER IS IN HOME PAGE
2023-11-29 17:33:05.201 [main] INFO  page.HomePage - Clicking on sign in link...
2023-11-29 17:33:05.463 [main] INFO  page.HomePage - USER IS IN SIGN IN PAGE
2023-11-29 17:33:08.982 [main] INFO  page.PortalPage - Opening Portal Page...
2023-11-29 17:33:09.349 [main] INFO  page.PortalPage - Clicking Get started button....
2023-11-29 17:33:09.869 [main] INFO  page.HomePage - Opening home page...
2023-11-29 17:33:09.932 [main] INFO  page.HomePage - USER IS IN HOME PAGE
2023-11-29 17:33:09.934 [main] INFO  page.HomePage - Clicking on Register link...
2023-11-29 17:33:10.224 [main] INFO  page.HomePage - USER IS IN REGISTER PAGE
2023-11-29 17:33:14.606 [main] INFO  page.RegisterPage - Please fill out this field. message is displayed as expected
2023-11-29 17:33:19.323 [main] INFO  page.RegisterPage - Please fill out this field. message is displayed as expected
2023-11-29 17:33:23.773 [main] INFO  page.RegisterPage - Please fill out this field. message is displayed as expected
2023-11-29 17:33:28.468 [main] INFO  page.RegisterPage - password_mismatch:The two password fields didn’t match. message is displayed as expected
2023-11-29 17:33:33.176 [main] INFO  page.RegisterPage - password_mismatch:The two password fields didn’t match. message is displayed as expected
2023-11-29 17:33:37.687 [main] INFO  page.RegisterPage - password_mismatch:The two password fields didn’t match. message is displayed as expected
2023-11-29 17:33:42.444 [main] INFO  page.RegisterPage - password_mismatch:The two password fields didn’t match. message is displayed as expected
2023-11-29 17:33:47.131 [main] ERROR page.RegisterPage - Home page is not displayed successfully with message password_mismatch:The two password fields didn’t match.
2023-11-29 17:34:03.994 [main] DEBUG org.apache.poi.openxml4j.opc.PackageRelationshipCollection - Parsing relationship: /xl/_rels/workbook.xml.rels
2023-11-29 17:34:04.089 [main] DEBUG org.apache.poi.openxml4j.opc.PackageRelationshipCollection - Parsing relationship: /_rels/.rels
2023-11-29 17:34:05.469 [main] INFO  page.RegisterPage - Actual Result is Invalid Username and Password - As expected
2023-11-29 17:34:09.579 [main] DEBUG org.apache.poi.openxml4j.opc.PackageRelationshipCollection - Parsing relationship: /xl/_rels/workbook.xml.rels
2023-11-29 17:34:09.581 [main] DEBUG org.apache.poi.openxml4j.opc.PackageRelationshipCollection - Parsing relationship: /_rels/.rels
2023-11-29 17:34:10.167 [main] INFO  page.RegisterPage - Actual Result is Invalid Username and Password - As expected
2023-11-29 17:34:14.386 [main] DEBUG org.apache.poi.openxml4j.opc.PackageRelationshipCollection - Parsing relationship: /xl/_rels/workbook.xml.rels
2023-11-29 17:34:14.388 [main] DEBUG org.apache.poi.openxml4j.opc.PackageRelationshipCollection - Parsing relationship: /_rels/.rels
2023-11-29 17:34:14.966 [main] INFO  page.RegisterPage - Actual Result is Invalid Username and Password - As expected
2023-11-29 17:34:19.077 [main] DEBUG org.apache.poi.openxml4j.opc.PackageRelationshipCollection - Parsing relationship: /xl/_rels/workbook.xml.rels
2023-11-29 17:34:19.080 [main] DEBUG org.apache.poi.openxml4j.opc.PackageRelationshipCollection - Parsing relationship: /_rels/.rels
2023-11-29 17:34:19.878 [main] INFO  page.RegisterPage - Actual Result is You are logged in - As expected
2023-11-29 17:34:24.542 [main] INFO  page.HomePage - User is in Home Page as expected
2023-11-29 17:34:24.573 [main] INFO  page.HomePage - User is in Home Page as expected
2023-11-29 17:34:24.866 [main] INFO  page.HomePage - Title is Data Structures-Introduction as expected
2023-11-29 17:34:24.918 [main] INFO  page.HomePage - Time Complexity
2023-11-29 18:12:22.560 [main] INFO  page.RegisterPage - Please fill out this field. message is displayed as expected
2023-11-29 18:12:26.655 [main] INFO  page.RegisterPage - Please fill out this field. message is displayed as expected
2023-11-29 18:12:30.761 [main] INFO  page.RegisterPage - Please fill out this field. message is displayed as expected
2023-11-29 18:12:35.189 [main] INFO  page.RegisterPage - password_mismatch:The two password fields didn’t match. message is displayed as expected
2023-11-29 18:12:39.706 [main] INFO  page.RegisterPage - password_mismatch:The two password fields didn’t match. message is displayed as expected
2023-11-29 18:12:44.122 [main] INFO  page.RegisterPage - password_mismatch:The two password fields didn’t match. message is displayed as expected
2023-11-29 18:12:48.476 [main] INFO  page.RegisterPage - password_mismatch:The two password fields didn’t match. message is displayed as expected
2023-11-29 18:12:52.774 [main] ERROR page.RegisterPage - Home page is not displayed successfully with message password_mismatch:The two password fields didn’t match.
2023-11-29 18:15:53.930 [main] INFO  page.RegisterPage - Please fill out this field. message is displayed as expected
2023-11-29 18:15:58.098 [main] INFO  page.RegisterPage - Please fill out this field. message is displayed as expected
2023-11-29 18:16:02.470 [main] INFO  page.RegisterPage - Please fill out this field. message is displayed as expected
2023-11-29 18:16:07.180 [main] INFO  page.RegisterPage - password_mismatch:The two password fields didn’t match. message is displayed as expected
2023-11-29 18:16:12.061 [main] INFO  page.RegisterPage - password_mismatch:The two password fields didn’t match. message is displayed as expected
2023-11-29 18:16:16.475 [main] INFO  page.RegisterPage - password_mismatch:The two password fields didn’t match. message is displayed as expected
2023-11-29 18:16:20.804 [main] INFO  page.RegisterPage - password_mismatch:The two password fields didn’t match. message is displayed as expected
2023-11-29 18:16:25.163 [main] ERROR page.RegisterPage - Home page is not displayed successfully with message password_mismatch:The two password fields didn’t match.
2023-11-29 18:20:23.121 [main] INFO  page.RegisterPage - Please fill out this field. message is displayed as expected
2023-11-29 18:20:27.243 [main] INFO  page.RegisterPage - Please fill out this field. message is displayed as expected
2023-11-29 18:20:31.384 [main] INFO  page.RegisterPage - Please fill out this field. message is displayed as expected
2023-11-29 18:20:35.763 [main] INFO  page.RegisterPage - password_mismatch:The two password fields didn’t match. message is displayed as expected
2023-11-29 18:20:39.951 [main] INFO  page.RegisterPage - password_mismatch:The two password fields didn’t match. message is displayed as expected
2023-11-29 18:20:44.168 [main] INFO  page.RegisterPage - password_mismatch:The two password fields didn’t match. message is displayed as expected
2023-11-29 18:20:48.359 [main] INFO  page.RegisterPage - password_mismatch:The two password fields didn’t match. message is displayed as expected
2023-11-29 18:20:52.898 [main] ERROR page.RegisterPage - Home page is not displayed successfully with message New Account Created. You are logged in as NumNi12@gmail.com
2023-11-29 18:24:50.706 [main] INFO  page.RegisterPage - Please fill out this field. message is displayed as expected
2023-11-29 18:24:54.782 [main] INFO  page.RegisterPage - Please fill out this field. message is displayed as expected
2023-11-29 18:24:58.996 [main] INFO  page.RegisterPage - Please fill out this field. message is displayed as expected
2023-11-29 18:25:03.248 [main] INFO  page.RegisterPage - password_mismatch:The two password fields didn’t match. message is displayed as expected
2023-11-29 18:25:09.538 [main] INFO  page.RegisterPage - password_mismatch:The two password fields didn’t match. message is displayed as expected
2023-11-29 18:25:14.333 [main] INFO  page.RegisterPage - password_mismatch:The two password fields didn’t match. message is displayed as expected
2023-11-29 18:25:18.763 [main] INFO  page.RegisterPage - password_mismatch:The two password fields didn’t match. message is displayed as expected
2023-11-29 18:25:23.297 [main] INFO  page.RegisterPage - Home page is displayed successfully with message New Account Created. You are logged in as NumNi13@gmail.com
2023-11-29 19:26:32.898 [main] INFO  page.RegisterPage - Please fill out this field. message is displayed as expected
2023-11-29 19:26:37.431 [main] INFO  page.RegisterPage - Please fill out this field. message is displayed as expected
2023-11-29 19:26:42.006 [main] INFO  page.RegisterPage - Please fill out this field. message is displayed as expected
2023-11-29 19:26:46.611 [main] INFO  page.RegisterPage - password_mismatch:The two password fields didn’t match. message is displayed as expected
2023-11-29 19:26:51.074 [main] INFO  page.RegisterPage - password_mismatch:The two password fields didn’t match. message is displayed as expected
2023-11-29 19:26:55.764 [main] INFO  page.RegisterPage - password_mismatch:The two password fields didn’t match. message is displayed as expected
2023-11-29 19:27:00.438 [main] INFO  page.RegisterPage - password_mismatch:The two password fields didn’t match. message is displayed as expected
2023-11-29 19:27:04.982 [main] ERROR page.RegisterPage - Home page is not displayed successfully with message password_mismatch:The two password fields didn’t match.
2023-11-29 19:28:17.000 [main] INFO  page.RegisterPage - Please fill out this field. message is displayed as expected
2023-11-29 19:28:21.324 [main] INFO  page.RegisterPage - Please fill out this field. message is displayed as expected
2023-11-29 19:28:25.626 [main] INFO  page.RegisterPage - Please fill out this field. message is displayed as expected
2023-11-29 19:28:30.273 [main] INFO  page.RegisterPage - password_mismatch:The two password fields didn’t match. message is displayed as expected
2023-11-29 19:28:34.858 [main] INFO  page.RegisterPage - password_mismatch:The two password fields didn’t match. message is displayed as expected
2023-11-29 19:28:39.436 [main] INFO  page.RegisterPage - password_mismatch:The two password fields didn’t match. message is displayed as expected
2023-11-29 19:28:43.907 [main] INFO  page.RegisterPage - password_mismatch:The two password fields didn’t match. message is displayed as expected
2023-11-29 19:28:48.877 [main] INFO  page.RegisterPage - Home page is displayed successfully with message New Account Created. You are logged in as NumNi14@gmail.com
2023-11-29 19:31:22.820 [main] INFO  page.RegisterPage - Please fill out this field. message is displayed as expected
2023-11-29 19:31:26.781 [main] INFO  page.RegisterPage - Please fill out this field. message is displayed as expected
2023-11-29 19:31:31.045 [main] INFO  page.RegisterPage - Please fill out this field. message is displayed as expected
2023-11-29 19:31:35.357 [main] INFO  page.RegisterPage - password_mismatch:The two password fields didn’t match. message is displayed as expected
2023-11-29 19:31:39.575 [main] INFO  page.RegisterPage - password_mismatch:The two password fields didn’t match. message is displayed as expected
2023-11-29 19:31:43.706 [main] INFO  page.RegisterPage - password_mismatch:The two password fields didn’t match. message is displayed as expected
2023-11-29 19:31:47.845 [main] INFO  page.RegisterPage - password_mismatch:The two password fields didn’t match. message is displayed as expected
2023-11-29 19:31:51.973 [main] ERROR page.RegisterPage - Home page is not displayed successfully with message password_mismatch:The two password fields didn’t match.
2023-11-29 19:35:02.691 [main] INFO  page.RegisterPage - Please fill out this field. message is displayed as expected
2023-11-29 19:35:06.819 [main] INFO  page.RegisterPage - Please fill out this field. message is displayed as expected
2023-11-29 19:35:11.015 [main] INFO  page.RegisterPage - Please fill out this field. message is displayed as expected
2023-11-29 19:35:15.261 [main] INFO  page.RegisterPage - password_mismatch:The two password fields didn’t match. message is displayed as expected
2023-11-29 19:35:19.506 [main] INFO  page.RegisterPage - password_mismatch:The two password fields didn’t match. message is displayed as expected
2023-11-29 19:35:23.845 [main] INFO  page.RegisterPage - password_mismatch:The two password fields didn’t match. message is displayed as expected
2023-11-29 19:35:28.119 [main] INFO  page.RegisterPage - password_mismatch:The two password fields didn’t match. message is displayed as expected
2023-11-29 19:37:08.294 [main] INFO  page.RegisterPage - Please fill out this field. message is displayed as expected
2023-11-29 19:37:12.389 [main] INFO  page.RegisterPage - Please fill out this field. message is displayed as expected
2023-11-29 19:37:16.444 [main] INFO  page.RegisterPage - Please fill out this field. message is displayed as expected
2023-11-29 19:37:20.816 [main] INFO  page.RegisterPage - password_mismatch:The two password fields didn’t match. message is displayed as expected
2023-11-29 19:37:25.079 [main] INFO  page.RegisterPage - password_mismatch:The two password fields didn’t match. message is displayed as expected
2023-11-29 19:37:29.399 [main] INFO  page.RegisterPage - password_mismatch:The two password fields didn’t match. message is displayed as expected
2023-11-29 19:37:33.942 [main] INFO  page.RegisterPage - password_mismatch:The two password fields didn’t match. message is displayed as expected
2023-11-29 19:37:38.930 [main] INFO  page.RegisterPage - Home page is displayed successfully with message New Account Created. You are logged in as NumNi15@gmail.com
2023-11-29 19:47:06.363 [main] INFO  page.PortalPage - Opening Portal Page...
2023-11-29 19:47:06.708 [main] INFO  page.PortalPage - Clicking Get started button....
2023-11-29 19:47:07.176 [main] INFO  page.HomePage - Opening home page...
2023-11-29 19:47:07.252 [main] INFO  page.HomePage - USER IS IN HOME PAGE
2023-11-29 21:38:44.531 [main] INFO  page.HomePage - User is in Home Page as expected
2023-11-29 21:38:44.566 [main] INFO  page.HomePage - User is in Home Page as expected
2023-11-29 21:38:44.880 [main] INFO  page.HomePage - Title is Data Structures-Introduction as expected
2023-11-29 21:38:44.932 [main] INFO  page.HomePage - Time Complexity
2023-11-29 21:38:46.470 [main] INFO  page.HomePage - Try Here Link works as expected...
2023-11-29 21:40:09.969 [main] INFO  page.HomePage - User is in Home Page as expected
2023-11-29 21:40:10.009 [main] INFO  page.HomePage - User is in Home Page as expected
2023-11-29 21:40:10.311 [main] INFO  page.HomePage - Title is Data Structures-Introduction as expected
2023-11-29 21:40:10.364 [main] INFO  page.HomePage - Time Complexity
2023-11-29 21:40:12.095 [main] INFO  page.HomePage - Try Here Link works as expected...
2023-11-29 21:41:54.558 [main] INFO  page.RegisterPage - Please fill out this field. message is displayed as expected
2023-11-29 21:41:59.457 [main] INFO  page.RegisterPage - Please fill out this field. message is displayed as expected
2023-11-29 21:42:04.554 [main] INFO  page.RegisterPage - Please fill out this field. message is displayed as expected
2023-11-29 21:42:09.814 [main] INFO  page.RegisterPage - password_mismatch:The two password fields didn’t match. message is displayed as expected
2023-11-29 21:42:14.950 [main] INFO  page.RegisterPage - password_mismatch:The two password fields didn’t match. message is displayed as expected
2023-11-29 21:42:20.055 [main] INFO  page.RegisterPage - password_mismatch:The two password fields didn’t match. message is displayed as expected
2023-11-29 21:42:25.303 [main] INFO  page.RegisterPage - password_mismatch:The two password fields didn’t match. message is displayed as expected
2023-11-29 21:48:50.466 [main] INFO  page.HomePage - User is in Home Page as expected
2023-11-29 21:48:50.496 [main] INFO  page.HomePage - User is in Home Page as expected
2023-11-29 21:48:50.832 [main] ERROR page.HomePage - Title is Tree - Not as expected
2023-11-29 21:48:50.881 [main] INFO  page.HomePage - Overview of Trees
2023-11-29 21:48:50.893 [main] INFO  page.HomePage - Title is Tree as expected
2023-11-29 21:48:52.274 [main] INFO  page.HomePage - Try Here Link works as expected...
2023-11-29 21:48:52.365 [main] INFO  page.HomePage - Terminologies
2023-11-29 21:48:52.381 [main] ERROR page.HomePage - Title is Tree - Not as expected
2023-11-29 21:48:53.518 [main] INFO  page.HomePage - Try Here Link works as expected...
2023-11-29 21:48:53.613 [main] INFO  page.HomePage - Types of Trees
2023-11-29 21:48:53.638 [main] INFO  page.HomePage - Title is Tree as expected
2023-11-29 21:48:54.865 [main] INFO  page.HomePage - Try Here Link works as expected...
2023-11-29 21:48:54.975 [main] INFO  page.HomePage - Tree Traversals
2023-11-29 21:48:54.992 [main] INFO  page.HomePage - Title is Tree as expected
2023-11-29 21:48:56.184 [main] INFO  page.HomePage - Try Here Link works as expected...
2023-11-29 21:48:56.281 [main] INFO  page.HomePage - Traversals-Illustration
2023-11-29 21:48:56.305 [main] ERROR page.HomePage - Title is Tree - Not as expected
2023-11-29 21:48:57.563 [main] INFO  page.HomePage - Try Here Link works as expected...
2023-11-29 21:48:57.696 [main] INFO  page.HomePage - Binary Trees
2023-11-29 21:48:57.723 [main] INFO  page.HomePage - Title is Tree as expected
2023-11-29 21:48:58.999 [main] INFO  page.HomePage - Try Here Link works as expected...
2023-11-29 21:48:59.114 [main] INFO  page.HomePage - Types of Binary Trees
2023-11-29 21:48:59.132 [main] INFO  page.HomePage - Title is Tree as expected
2023-11-29 21:49:00.324 [main] INFO  page.HomePage - Try Here Link works as expected...
2023-11-29 21:49:00.433 [main] INFO  page.HomePage - Implementation in Python
2023-11-29 21:49:00.450 [main] ERROR page.HomePage - Title is Tree - Not as expected
2023-11-29 21:49:01.600 [main] INFO  page.HomePage - Try Here Link works as expected...
2023-11-29 21:49:01.713 [main] INFO  page.HomePage - Binary Tree Traversals
2023-11-29 21:49:01.735 [main] INFO  page.HomePage - Title is Tree as expected
2023-11-29 21:49:03.050 [main] INFO  page.HomePage - Try Here Link works as expected...
2023-11-29 21:49:03.167 [main] INFO  page.HomePage - Implementation of Binary Trees
2023-11-29 21:49:03.184 [main] INFO  page.HomePage - Title is Tree as expected
2023-11-29 21:49:04.351 [main] INFO  page.HomePage - Try Here Link works as expected...
2023-11-29 21:49:04.462 [main] INFO  page.HomePage - Applications of Binary trees
2023-11-29 21:49:04.482 [main] ERROR page.HomePage - Title is Tree - Not as expected
2023-11-29 21:49:05.699 [main] INFO  page.HomePage - Try Here Link works as expected...
2023-11-29 21:49:05.809 [main] INFO  page.HomePage - Binary Search Trees
2023-11-29 21:49:05.825 [main] INFO  page.HomePage - Title is Tree as expected
2023-11-29 21:49:07.430 [main] INFO  page.HomePage - Try Here Link works as expected...
2023-11-29 21:49:07.549 [main] INFO  page.HomePage - Implementation Of BST
2023-11-29 21:49:07.570 [main] ERROR page.HomePage - Title is Tree - Not as expected
2023-11-29 21:49:08.814 [main] INFO  page.HomePage - Try Here Link works as expected...
2023-11-29 21:51:08.556 [main] INFO  page.HomePage - User is in Home Page as expected
2023-11-29 21:51:08.597 [main] INFO  page.HomePage - User is in Home Page as expected
2023-11-29 21:51:08.922 [main] ERROR page.HomePage - Title is Tree - Not as expected
2023-11-29 21:51:08.989 [main] INFO  page.HomePage - Overview of Trees
2023-11-29 21:51:09.258 [main] INFO  page.HomePage - Title is Overview of Trees as expected
2023-11-29 21:51:10.356 [main] INFO  page.HomePage - Try Here Link works as expected...
2023-11-29 21:51:10.436 [main] INFO  page.HomePage - Terminologies
2023-11-29 21:51:10.699 [main] INFO  page.HomePage - Title is Terminologies as expected
2023-11-29 21:51:11.397 [main] INFO  page.HomePage - Try Here Link works as expected...
2023-11-29 21:51:11.482 [main] INFO  page.HomePage - Types of Trees
2023-11-29 21:51:11.774 [main] INFO  page.HomePage - Title is Types of Trees as expected
2023-11-29 21:51:12.544 [main] INFO  page.HomePage - Try Here Link works as expected...
2023-11-29 21:51:12.647 [main] INFO  page.HomePage - Tree Traversals
2023-11-29 21:51:13.024 [main] INFO  page.HomePage - Title is Tree Traversals as expected
2023-11-29 21:51:13.953 [main] INFO  page.HomePage - Try Here Link works as expected...
2023-11-29 21:51:14.043 [main] INFO  page.HomePage - Traversals-Illustration
2023-11-29 21:51:14.456 [main] INFO  page.HomePage - Title is Traversals-Illustration as expected
2023-11-29 21:51:15.365 [main] INFO  page.HomePage - Try Here Link works as expected...
2023-11-29 21:51:15.460 [main] INFO  page.HomePage - Binary Trees
2023-11-29 21:51:15.857 [main] INFO  page.HomePage - Title is Binary Trees as expected
2023-11-29 21:51:16.670 [main] INFO  page.HomePage - Try Here Link works as expected...
2023-11-29 21:51:16.760 [main] INFO  page.HomePage - Types of Binary Trees
2023-11-29 21:51:17.178 [main] INFO  page.HomePage - Title is Types of Binary Trees as expected
2023-11-29 21:51:17.983 [main] INFO  page.HomePage - Try Here Link works as expected...
2023-11-29 21:51:18.079 [main] INFO  page.HomePage - Implementation in Python
2023-11-29 21:51:18.365 [main] INFO  page.HomePage - Title is Implementation in Python as expected
2023-11-29 21:51:19.154 [main] INFO  page.HomePage - Try Here Link works as expected...
2023-11-29 21:51:19.270 [main] INFO  page.HomePage - Binary Tree Traversals
2023-11-29 21:51:19.623 [main] INFO  page.HomePage - Title is Binary Tree Traversals as expected
2023-11-29 21:51:20.510 [main] INFO  page.HomePage - Try Here Link works as expected...
2023-11-29 21:51:20.613 [main] INFO  page.HomePage - Implementation of Binary Trees
2023-11-29 21:51:20.988 [main] INFO  page.HomePage - Title is Implementation of Binary Trees as expected
2023-11-29 21:51:21.894 [main] INFO  page.HomePage - Try Here Link works as expected...
2023-11-29 21:51:21.988 [main] INFO  page.HomePage - Applications of Binary trees
2023-11-29 21:51:22.282 [main] INFO  page.HomePage - Title is Applications of Binary trees as expected
2023-11-29 21:51:23.161 [main] INFO  page.HomePage - Try Here Link works as expected...
2023-11-29 21:51:23.262 [main] INFO  page.HomePage - Binary Search Trees
2023-11-29 21:51:23.796 [main] INFO  page.HomePage - Title is Binary Search Trees as expected
2023-11-29 21:51:24.600 [main] INFO  page.HomePage - Try Here Link works as expected...
2023-11-29 21:51:24.691 [main] INFO  page.HomePage - Implementation Of BST
2023-11-29 21:51:25.063 [main] INFO  page.HomePage - Title is Implementation Of BST as expected
2023-11-29 21:51:25.939 [main] INFO  page.HomePage - Try Here Link works as expected...
2023-11-29 22:04:02.814 [main] INFO  page.HomePage - User is in Home Page as expected
2023-11-29 22:04:02.848 [main] INFO  page.HomePage - User is in Home Page as expected
2023-11-29 22:04:03.151 [main] ERROR page.HomePage - Title is Tree - Not as expected
2023-11-29 22:04:03.212 [main] INFO  page.HomePage - Overview of Trees
2023-11-29 22:04:03.224 [main] INFO  page.HomePage - Title is Tree as expected
2023-11-29 22:04:03.506 [main] INFO  page.HomePage - Title is Overview of Trees as expected
2023-11-29 22:04:04.536 [main] INFO  page.HomePage - Try Here Link works as expected...
2023-11-29 22:04:04.614 [main] INFO  page.HomePage - Terminologies
2023-11-29 22:04:04.624 [main] ERROR page.HomePage - Title is Tree - Not as expected
2023-11-29 22:04:04.890 [main] INFO  page.HomePage - Title is Terminologies as expected
2023-11-29 22:04:05.701 [main] INFO  page.HomePage - Try Here Link works as expected...
2023-11-29 22:04:05.800 [main] INFO  page.HomePage - Types of Trees
2023-11-29 22:04:05.816 [main] INFO  page.HomePage - Title is Tree as expected
2023-11-29 22:04:06.162 [main] INFO  page.HomePage - Title is Types of Trees as expected
2023-11-29 22:04:07.030 [main] INFO  page.HomePage - Try Here Link works as expected...
2023-11-29 22:04:07.126 [main] INFO  page.HomePage - Tree Traversals
2023-11-29 22:04:07.144 [main] INFO  page.HomePage - Title is Tree as expected
2023-11-29 22:04:07.519 [main] INFO  page.HomePage - Title is Tree Traversals as expected
2023-11-29 22:04:08.367 [main] INFO  page.HomePage - Try Here Link works as expected...
2023-11-29 22:04:08.466 [main] INFO  page.HomePage - Traversals-Illustration
2023-11-29 22:04:08.494 [main] ERROR page.HomePage - Title is Tree - Not as expected
2023-11-29 22:04:08.861 [main] INFO  page.HomePage - Title is Traversals-Illustration as expected
2023-11-29 22:04:09.664 [main] INFO  page.HomePage - Try Here Link works as expected...
2023-11-29 22:04:09.767 [main] INFO  page.HomePage - Binary Trees
2023-11-29 22:04:09.783 [main] INFO  page.HomePage - Title is Tree as expected
2023-11-29 22:04:10.205 [main] INFO  page.HomePage - Title is Binary Trees as expected
2023-11-29 22:04:11.093 [main] INFO  page.HomePage - Try Here Link works as expected...
2023-11-29 22:04:11.179 [main] INFO  page.HomePage - Types of Binary Trees
2023-11-29 22:04:11.192 [main] INFO  page.HomePage - Title is Tree as expected
2023-11-29 22:04:11.588 [main] INFO  page.HomePage - Title is Types of Binary Trees as expected
2023-11-29 22:04:12.363 [main] INFO  page.HomePage - Try Here Link works as expected...
2023-11-29 22:04:12.464 [main] INFO  page.HomePage - Implementation in Python
2023-11-29 22:04:12.480 [main] ERROR page.HomePage - Title is Tree - Not as expected
2023-11-29 22:04:12.821 [main] INFO  page.HomePage - Title is Implementation in Python as expected
2023-11-29 22:04:13.710 [main] INFO  page.HomePage - Try Here Link works as expected...
2023-11-29 22:04:13.803 [main] INFO  page.HomePage - Binary Tree Traversals
2023-11-29 22:04:13.818 [main] INFO  page.HomePage - Title is Tree as expected
2023-11-29 22:04:14.219 [main] INFO  page.HomePage - Title is Binary Tree Traversals as expected
2023-11-29 22:04:15.144 [main] INFO  page.HomePage - Try Here Link works as expected...
2023-11-29 22:04:15.256 [main] INFO  page.HomePage - Implementation of Binary Trees
2023-11-29 22:04:15.272 [main] INFO  page.HomePage - Title is Tree as expected
2023-11-29 22:04:15.668 [main] INFO  page.HomePage - Title is Implementation of Binary Trees as expected
2023-11-29 22:04:16.602 [main] INFO  page.HomePage - Try Here Link works as expected...
2023-11-29 22:04:16.703 [main] INFO  page.HomePage - Applications of Binary trees
2023-11-29 22:04:16.729 [main] ERROR page.HomePage - Title is Tree - Not as expected
2023-11-29 22:04:17.088 [main] INFO  page.HomePage - Title is Applications of Binary trees as expected
2023-11-29 22:04:17.910 [main] INFO  page.HomePage - Try Here Link works as expected...
2023-11-29 22:04:18.031 [main] INFO  page.HomePage - Binary Search Trees
2023-11-29 22:04:18.048 [main] INFO  page.HomePage - Title is Tree as expected
2023-11-29 22:04:18.517 [main] INFO  page.HomePage - Title is Binary Search Trees as expected
2023-11-29 22:04:19.221 [main] INFO  page.HomePage - Try Here Link works as expected...
2023-11-29 22:04:19.307 [main] INFO  page.HomePage - Implementation Of BST
2023-11-29 22:04:19.322 [main] ERROR page.HomePage - Title is Tree - Not as expected
2023-11-29 22:04:19.673 [main] INFO  page.HomePage - Title is Implementation Of BST as expected
2023-11-29 22:04:20.603 [main] INFO  page.HomePage - Try Here Link works as expected...
2023-11-29 22:05:36.240 [main] INFO  page.HomePage - User is in Home Page as expected
2023-11-29 22:05:36.267 [main] INFO  page.HomePage - User is in Home Page as expected
2023-11-29 22:05:36.571 [main] ERROR page.HomePage - Title is Tree - Not as expected
2023-11-29 22:05:36.629 [main] INFO  page.HomePage - Overview of Trees
2023-11-29 22:05:36.945 [main] INFO  page.HomePage - Title is Overview of Trees as expected
2023-11-29 22:05:37.963 [main] INFO  page.HomePage - Try Here Link works as expected...
2023-11-29 22:05:38.042 [main] INFO  page.HomePage - Terminologies
2023-11-29 22:05:38.293 [main] INFO  page.HomePage - Title is Terminologies as expected
2023-11-29 22:05:39.061 [main] INFO  page.HomePage - Try Here Link works as expected...
2023-11-29 22:05:39.156 [main] INFO  page.HomePage - Types of Trees
2023-11-29 22:05:39.496 [main] INFO  page.HomePage - Title is Types of Trees as expected
2023-11-29 22:05:40.331 [main] INFO  page.HomePage - Try Here Link works as expected...
2023-11-29 22:05:40.441 [main] INFO  page.HomePage - Tree Traversals
2023-11-29 22:05:40.808 [main] INFO  page.HomePage - Title is Tree Traversals as expected
2023-11-29 22:05:41.704 [main] INFO  page.HomePage - Try Here Link works as expected...
2023-11-29 22:05:41.791 [main] INFO  page.HomePage - Traversals-Illustration
2023-11-29 22:05:42.093 [main] INFO  page.HomePage - Title is Traversals-Illustration as expected
2023-11-29 22:05:42.860 [main] INFO  page.HomePage - Try Here Link works as expected...
2023-11-29 22:05:42.962 [main] INFO  page.HomePage - Binary Trees
2023-11-29 22:05:43.351 [main] INFO  page.HomePage - Title is Binary Trees as expected
2023-11-29 22:05:44.272 [main] INFO  page.HomePage - Try Here Link works as expected...
2023-11-29 22:05:44.369 [main] INFO  page.HomePage - Types of Binary Trees
2023-11-29 22:05:44.842 [main] INFO  page.HomePage - Title is Types of Binary Trees as expected
2023-11-29 22:05:45.630 [main] INFO  page.HomePage - Try Here Link works as expected...
2023-11-29 22:05:45.734 [main] INFO  page.HomePage - Implementation in Python
2023-11-29 22:05:46.085 [main] INFO  page.HomePage - Title is Implementation in Python as expected
2023-11-29 22:05:47.024 [main] INFO  page.HomePage - Try Here Link works as expected...
2023-11-29 22:05:47.129 [main] INFO  page.HomePage - Binary Tree Traversals
2023-11-29 22:05:47.473 [main] INFO  page.HomePage - Title is Binary Tree Traversals as expected
2023-11-29 22:05:48.364 [main] INFO  page.HomePage - Try Here Link works as expected...
2023-11-29 22:05:48.465 [main] INFO  page.HomePage - Implementation of Binary Trees
2023-11-29 22:05:48.832 [main] INFO  page.HomePage - Title is Implementation of Binary Trees as expected
2023-11-29 22:05:49.711 [main] INFO  page.HomePage - Try Here Link works as expected...
2023-11-29 22:05:49.798 [main] INFO  page.HomePage - Applications of Binary trees
2023-11-29 22:05:50.120 [main] INFO  page.HomePage - Title is Applications of Binary trees as expected
2023-11-29 22:05:50.972 [main] INFO  page.HomePage - Try Here Link works as expected...
2023-11-29 22:05:51.049 [main] INFO  page.HomePage - Binary Search Trees
2023-11-29 22:05:51.543 [main] INFO  page.HomePage - Title is Binary Search Trees as expected
2023-11-29 22:05:52.377 [main] INFO  page.HomePage - Try Here Link works as expected...
2023-11-29 22:05:52.456 [main] INFO  page.HomePage - Implementation Of BST
2023-11-29 22:05:52.800 [main] INFO  page.HomePage - Title is Implementation Of BST as expected
2023-11-29 22:05:53.739 [main] INFO  page.HomePage - Try Here Link works as expected...
2023-11-29 22:09:56.455 [main] INFO  page.HomePage - User is in Home Page as expected
2023-11-29 22:09:56.485 [main] INFO  page.HomePage - User is in Home Page as expected
2023-11-29 22:09:56.781 [main] ERROR page.HomePage - Title is Array - Not as expected
2023-11-29 22:09:56.838 [main] INFO  page.HomePage - Arrays in Python
2023-11-29 22:09:57.220 [main] INFO  page.HomePage - Title is Arrays in Python as expected
2023-11-29 22:09:58.324 [main] INFO  page.HomePage - Try Here Link works as expected...
2023-11-29 22:09:58.418 [main] INFO  page.HomePage - Arrays Using List
2023-11-29 22:09:58.688 [main] INFO  page.HomePage - Title is Arrays Using List as expected
2023-11-29 22:09:59.419 [main] INFO  page.HomePage - Try Here Link works as expected...
2023-11-29 22:09:59.522 [main] INFO  page.HomePage - Basic Operations in Lists
2023-11-29 22:09:59.830 [main] INFO  page.HomePage - Title is Basic Operations in Lists as expected
2023-11-29 22:10:00.606 [main] INFO  page.HomePage - Try Here Link works as expected...
2023-11-29 22:10:00.733 [main] INFO  page.HomePage - Applications of Array
2023-11-29 22:10:01.031 [main] INFO  page.HomePage - Title is Applications of Array as expected
2023-11-29 22:10:01.835 [main] INFO  page.HomePage - Try Here Link works as expected...
2023-11-29 22:10:53.534 [main] INFO  page.HomePage - User is in Home Page as expected
2023-11-29 22:10:53.564 [main] INFO  page.HomePage - User is in Home Page as expected
2023-11-29 22:10:53.871 [main] ERROR page.HomePage - Title is Linked List - Not as expected
2023-11-29 22:10:53.931 [main] INFO  page.HomePage - Introduction
2023-11-29 22:10:54.223 [main] INFO  page.HomePage - Title is Introduction as expected
2023-11-29 22:10:55.316 [main] INFO  page.HomePage - Try Here Link works as expected...
2023-11-29 22:10:55.407 [main] INFO  page.HomePage - Creating Linked LIst
2023-11-29 22:10:55.707 [main] INFO  page.HomePage - Title is Creating Linked LIst as expected
2023-11-29 22:10:56.540 [main] INFO  page.HomePage - Try Here Link works as expected...
2023-11-29 22:10:56.631 [main] INFO  page.HomePage - Types of Linked List
2023-11-29 22:10:57.000 [main] INFO  page.HomePage - Title is Types of Linked List as expected
2023-11-29 22:10:57.779 [main] INFO  page.HomePage - Try Here Link works as expected...
2023-11-29 22:10:57.871 [main] INFO  page.HomePage - Implement Linked List in Python
2023-11-29 22:10:58.194 [main] INFO  page.HomePage - Title is Implement Linked List in Python as expected
2023-11-29 22:10:59.100 [main] INFO  page.HomePage - Try Here Link works as expected...
2023-11-29 22:10:59.200 [main] INFO  page.HomePage - Traversal
2023-11-29 22:10:59.547 [main] INFO  page.HomePage - Title is Traversal as expected
2023-11-29 22:11:00.463 [main] INFO  page.HomePage - Try Here Link works as expected...
2023-11-29 22:11:00.570 [main] INFO  page.HomePage - Insertion
2023-11-29 22:11:00.925 [main] INFO  page.HomePage - Title is Insertion as expected
2023-11-29 22:11:01.805 [main] INFO  page.HomePage - Try Here Link works as expected...
2023-11-29 22:11:01.917 [main] INFO  page.HomePage - Deletion
2023-11-29 22:11:02.196 [main] INFO  page.HomePage - Title is Deletion as expected
2023-11-29 22:11:02.945 [main] INFO  page.HomePage - Try Here Link works as expected...
2023-11-29 22:13:50.977 [main] INFO  page.HomePage - User is in Home Page as expected
2023-11-29 22:13:51.012 [main] INFO  page.HomePage - User is in Home Page as expected
2023-11-29 22:13:51.292 [main] ERROR page.HomePage - Title is Stack - Not as expected
2023-11-29 22:13:51.351 [main] INFO  page.HomePage - Operations in Stack
2023-11-29 22:13:51.657 [main] INFO  page.HomePage - Title is Operations in Stack as expected
2023-11-29 22:13:52.862 [main] INFO  page.HomePage - Try Here Link works as expected...
2023-11-29 22:13:52.946 [main] INFO  page.HomePage - Implementation
2023-11-29 22:13:53.254 [main] INFO  page.HomePage - Title is Implementation as expected
2023-11-29 22:13:54.082 [main] INFO  page.HomePage - Try Here Link works as expected...
2023-11-29 22:13:54.181 [main] INFO  page.HomePage - Applications
2023-11-29 22:13:54.494 [main] INFO  page.HomePage - Title is Applications as expected
2023-11-29 22:13:55.331 [main] INFO  page.HomePage - Try Here Link works as expected...
2023-11-29 22:14:21.341 [main] INFO  page.HomePage - User is in Home Page as expected
2023-11-29 22:14:21.370 [main] INFO  page.HomePage - User is in Home Page as expected
2023-11-29 22:14:21.636 [main] ERROR page.HomePage - Title is Graph - Not as expected
2023-11-29 22:14:21.689 [main] INFO  page.HomePage - Graph
2023-11-29 22:15:13.955 [main] INFO  page.HomePage - User is in Home Page as expected
2023-11-29 22:15:13.987 [main] INFO  page.HomePage - User is in Home Page as expected
2023-11-29 22:15:14.262 [main] ERROR page.HomePage - Title is Stack - Not as expected
2023-11-29 22:15:14.331 [main] INFO  page.HomePage - Operations in Stack
2023-11-29 22:15:14.635 [main] INFO  page.HomePage - Title is Operations in Stack as expected
2023-11-29 22:15:15.694 [main] INFO  page.HomePage - Try Here Link works as expected...
2023-11-29 22:15:15.782 [main] INFO  page.HomePage - Implementation
2023-11-29 22:15:16.007 [main] INFO  page.HomePage - Title is Implementation as expected
2023-11-29 22:15:16.659 [main] INFO  page.HomePage - Try Here Link works as expected...
2023-11-29 22:15:16.751 [main] INFO  page.HomePage - Applications
2023-11-29 22:15:17.024 [main] INFO  page.HomePage - Title is Applications as expected
2023-11-29 22:15:17.839 [main] INFO  page.HomePage - Try Here Link works as expected...
2023-11-29 22:15:48.390 [main] INFO  page.HomePage - User is in Home Page as expected
2023-11-29 22:15:48.419 [main] INFO  page.HomePage - User is in Home Page as expected
2023-11-29 22:15:48.724 [main] ERROR page.HomePage - Title is Queue - Not as expected
2023-11-29 22:15:48.787 [main] INFO  page.HomePage - Implementation of Queue in Python
2023-11-29 22:15:49.099 [main] INFO  page.HomePage - Title is Implementation of Queue in Python as expected
2023-11-29 22:15:50.108 [main] INFO  page.HomePage - Try Here Link works as expected...
2023-11-29 22:15:50.190 [main] INFO  page.HomePage - Implementation using collections.deque
2023-11-29 22:15:50.449 [main] INFO  page.HomePage - Title is Implementation using collections.deque as expected
2023-11-29 22:15:51.140 [main] INFO  page.HomePage - Try Here Link works as expected...
2023-11-29 22:15:51.221 [main] INFO  page.HomePage - Implementation using array
2023-11-29 22:15:51.503 [main] INFO  page.HomePage - Title is Implementation using array as expected
2023-11-29 22:15:52.272 [main] INFO  page.HomePage - Try Here Link works as expected...
2023-11-29 22:15:52.375 [main] INFO  page.HomePage - Queue Operations
2023-11-29 22:15:52.710 [main] INFO  page.HomePage - Title is Queue Operations as expected
2023-11-29 22:15:53.582 [main] INFO  page.HomePage - Try Here Link works as expected...
2023-11-29 22:16:49.421 [main] INFO  page.HomePage - User is in Home Page as expected
2023-11-29 22:16:49.464 [main] INFO  page.HomePage - User is in Home Page as expected
2023-11-29 22:16:51.950 [main] ERROR page.HomePage - Title is Graph - Not as expected
2023-11-29 22:16:52.046 [main] INFO  page.HomePage - Graph
2023-11-29 22:16:50.198 [main] INFO  page.HomePage - User is in Home Page as expected
2023-11-29 22:16:50.271 [main] INFO  page.HomePage - User is in Home Page as expected
2023-11-29 22:16:54.107 [main] ERROR page.HomePage - Title is Graph - Not as expected
2023-11-29 22:16:54.202 [main] INFO  page.HomePage - Graph
2023-11-29 22:29:47.299 [main] INFO  page.HomePage - User is in Home Page as expected
2023-11-29 22:29:47.329 [main] INFO  page.HomePage - User is in Home Page as expected
2023-11-29 22:29:47.549 [main] ERROR page.HomePage - Title is Graph - Not as expected
2023-11-29 22:29:47.603 [main] INFO  page.HomePage - Graph
2023-11-29 22:31:29.639 [main] INFO  page.HomePage - User is in Home Page as expected
2023-11-29 22:31:29.673 [main] INFO  page.HomePage - User is in Home Page as expected
2023-11-29 22:31:29.917 [main] ERROR page.HomePage - Title is Graph - Not as expected
2023-11-29 22:31:29.974 [main] INFO  page.HomePage - Graph
