2023-12-01 21:39:50.940 [main] INFO  page.HomePage - User is in Home Page as expected
2023-12-01 21:39:50.969 [main] INFO  page.HomePage - User is in Home Page as expected
2023-12-01 21:39:51.262 [main] INFO  page.HomePage - Title is Data Structures-Introduction as expected
2023-12-01 21:43:18.489 [main] INFO  page.HomePage - User is in Home Page as expected
2023-12-01 21:43:18.521 [main] INFO  page.HomePage - User is in Home Page as expected
2023-12-01 21:43:18.828 [main] INFO  page.HomePage - Title is Data Structures-Introduction as expected
2023-12-01 21:45:24.413 [main] INFO  page.HomePage - User is in Home Page as expected
2023-12-01 21:45:24.441 [main] INFO  page.HomePage - User is in Home Page as expected
2023-12-01 21:45:24.724 [main] INFO  page.HomePage - Title is Data Structures-Introduction as expected
2023-12-01 21:45:24.774 [main] INFO  page.HomePage - Time Complexity
2023-12-01 21:45:25.012 [main] INFO  page.HomePage - Title is Time Complexity as expected
2023-12-01 21:45:26.021 [main] INFO  page.HomePage - Try Here Link works as expected...
2023-12-01 21:45:26.584 [main] INFO  page.HomePage - Try Here Link works as expected...
2023-12-01 21:50:06.655 [main] INFO  page.HomePage - User is in Home Page as expected
2023-12-01 21:50:06.684 [main] INFO  page.HomePage - User is in Home Page as expected
2023-12-01 21:50:06.980 [main] INFO  page.HomePage - Title is Data Structures-Introduction as expected
2023-12-01 21:50:07.043 [main] INFO  page.HomePage - Time Complexity
2023-12-01 21:50:07.315 [main] INFO  page.HomePage - Title is Time Complexity as expected
2023-12-01 21:50:08.317 [main] INFO  page.HomePage - Try Here Link works as expected...
2023-12-01 21:50:08.910 [main] INFO  page.HomePage - Try Here Link works as expected...
2023-12-01 21:50:59.529 [main] INFO  page.HomePage - User is in Home Page as expected
2023-12-01 21:50:59.557 [main] INFO  page.HomePage - User is in Home Page as expected
2023-12-01 21:50:59.878 [main] INFO  page.HomePage - Title is Array as expected
2023-12-01 21:50:59.932 [main] INFO  page.HomePage - Arrays in Python
2023-12-01 21:51:00.598 [main] INFO  page.HomePage - Title is Arrays in Python as expected
2023-12-01 21:51:01.709 [main] INFO  page.HomePage - Try Here Link works as expected...
2023-12-01 21:51:02.287 [main] INFO  page.HomePage - Try Here Link works as expected...
2023-12-01 21:51:02.429 [main] INFO  page.HomePage - Arrays Using List
2023-12-01 21:51:02.711 [main] INFO  page.HomePage - Title is Arrays Using List as expected
2023-12-01 21:51:03.461 [main] INFO  page.HomePage - Try Here Link works as expected...
2023-12-01 21:51:04.070 [main] INFO  page.HomePage - Try Here Link works as expected...
2023-12-01 21:51:04.206 [main] INFO  page.HomePage - Basic Operations in Lists
2023-12-01 21:51:04.561 [main] INFO  page.HomePage - Title is Basic Operations in Lists as expected
2023-12-01 21:51:05.316 [main] INFO  page.HomePage - Try Here Link works as expected...
2023-12-01 21:51:05.975 [main] INFO  page.HomePage - Try Here Link works as expected...
2023-12-01 21:51:06.119 [main] INFO  page.HomePage - Applications of Array
2023-12-01 21:51:06.475 [main] INFO  page.HomePage - Title is Applications of Array as expected
2023-12-01 21:51:07.337 [main] INFO  page.HomePage - Try Here Link works as expected...
2023-12-01 21:51:07.940 [main] INFO  page.HomePage - Try Here Link works as expected...
2023-12-01 21:53:55.858 [main] INFO  page.HomePage - User is in Home Page as expected
2023-12-01 21:53:55.890 [main] INFO  page.HomePage - User is in Home Page as expected
2023-12-01 21:53:56.161 [main] INFO  page.HomePage - Title is Linked List as expected
2023-12-01 21:53:56.216 [main] INFO  page.HomePage - Introduction
2023-12-01 21:53:56.473 [main] INFO  page.HomePage - Title is Introduction as expected
2023-12-01 21:53:57.554 [main] INFO  page.HomePage - Try Here Link works as expected...
2023-12-01 21:53:58.188 [main] INFO  page.HomePage - Try Here Link works as expected...
2023-12-01 21:53:58.321 [main] INFO  page.HomePage - Creating Linked LIst
2023-12-01 21:53:58.624 [main] INFO  page.HomePage - Title is Creating Linked LIst as expected
2023-12-01 21:53:59.385 [main] INFO  page.HomePage - Try Here Link works as expected...
2023-12-01 21:53:59.983 [main] INFO  page.HomePage - Try Here Link works as expected...
2023-12-01 21:54:00.133 [main] INFO  page.HomePage - Types of Linked List
2023-12-01 21:54:00.525 [main] INFO  page.HomePage - Title is Types of Linked List as expected
2023-12-01 21:54:01.276 [main] INFO  page.HomePage - Try Here Link works as expected...
2023-12-01 21:54:01.948 [main] INFO  page.HomePage - Try Here Link works as expected...
2023-12-01 21:54:02.067 [main] INFO  page.HomePage - Implement Linked List in Python
2023-12-01 21:54:02.430 [main] INFO  page.HomePage - Title is Implement Linked List in Python as expected
2023-12-01 21:54:03.339 [main] INFO  page.HomePage - Try Here Link works as expected...
2023-12-01 21:54:03.909 [main] INFO  page.HomePage - Try Here Link works as expected...
2023-12-01 21:54:04.019 [main] INFO  page.HomePage - Traversal
2023-12-01 21:54:04.358 [main] INFO  page.HomePage - Title is Traversal as expected
2023-12-01 21:54:05.163 [main] INFO  page.HomePage - Try Here Link works as expected...
2023-12-01 21:54:05.719 [main] INFO  page.HomePage - Try Here Link works as expected...
2023-12-01 21:54:05.848 [main] INFO  page.HomePage - Insertion
2023-12-01 21:54:06.135 [main] INFO  page.HomePage - Title is Insertion as expected
2023-12-01 21:54:07.009 [main] INFO  page.HomePage - Try Here Link works as expected...
2023-12-01 21:54:07.624 [main] INFO  page.HomePage - Try Here Link works as expected...
2023-12-01 21:54:07.751 [main] INFO  page.HomePage - Deletion
2023-12-01 21:54:08.060 [main] INFO  page.HomePage - Title is Deletion as expected
2023-12-01 21:54:08.751 [main] INFO  page.HomePage - Try Here Link works as expected...
2023-12-01 21:54:09.302 [main] INFO  page.HomePage - Try Here Link works as expected...
2023-12-01 21:56:59.845 [main] INFO  page.HomePage - User is in Home Page as expected
2023-12-01 21:56:59.876 [main] INFO  page.HomePage - User is in Home Page as expected
2023-12-01 21:57:00.125 [main] INFO  page.HomePage - Title is Stack as expected
2023-12-01 21:57:00.183 [main] INFO  page.HomePage - Operations in Stack
2023-12-01 21:57:00.462 [main] INFO  page.HomePage - Title is Operations in Stack as expected
2023-12-01 21:57:01.336 [main] INFO  page.HomePage - Try Here Link works as expected...
2023-12-01 21:57:01.782 [main] INFO  page.HomePage - Try Here Link works as expected...
2023-12-01 21:57:01.893 [main] INFO  page.HomePage - Implementation
2023-12-01 21:57:02.129 [main] INFO  page.HomePage - Title is Implementation as expected
2023-12-01 21:57:02.685 [main] INFO  page.HomePage - Try Here Link works as expected...
2023-12-01 21:57:03.131 [main] INFO  page.HomePage - Try Here Link works as expected...
2023-12-01 21:57:03.208 [main] INFO  page.HomePage - Applications
2023-12-01 21:57:03.420 [main] INFO  page.HomePage - Title is Applications as expected
2023-12-01 21:57:03.948 [main] INFO  page.HomePage - Try Here Link works as expected...
2023-12-01 21:57:04.396 [main] INFO  page.HomePage - Try Here Link works as expected...
2023-12-01 21:58:39.826 [main] INFO  page.HomePage - User is in Home Page as expected
2023-12-01 21:58:39.855 [main] INFO  page.HomePage - User is in Home Page as expected
2023-12-01 21:58:40.146 [main] INFO  page.HomePage - Title is Queue as expected
2023-12-01 21:58:40.204 [main] INFO  page.HomePage - Implementation of Queue in Python
2023-12-01 21:58:40.444 [main] INFO  page.HomePage - Title is Implementation of Queue in Python as expected
2023-12-01 21:58:41.341 [main] INFO  page.HomePage - Try Here Link works as expected...
2023-12-01 21:58:41.808 [main] INFO  page.HomePage - Try Here Link works as expected...
2023-12-01 21:58:41.907 [main] INFO  page.HomePage - Implementation using collections.deque
2023-12-01 21:58:42.122 [main] INFO  page.HomePage - Title is Implementation using collections.deque as expected
2023-12-01 21:58:42.693 [main] INFO  page.HomePage - Try Here Link works as expected...
2023-12-01 21:58:43.142 [main] INFO  page.HomePage - Try Here Link works as expected...
2023-12-01 21:58:43.224 [main] INFO  page.HomePage - Implementation using array
2023-12-01 21:58:43.460 [main] INFO  page.HomePage - Title is Implementation using array as expected
2023-12-01 21:58:43.993 [main] INFO  page.HomePage - Try Here Link works as expected...
2023-12-01 21:58:44.496 [main] INFO  page.HomePage - Try Here Link works as expected...
2023-12-01 21:58:44.576 [main] INFO  page.HomePage - Queue Operations
2023-12-01 21:58:44.813 [main] INFO  page.HomePage - Title is Queue Operations as expected
2023-12-01 21:58:45.361 [main] INFO  page.HomePage - Try Here Link works as expected...
2023-12-01 21:58:45.822 [main] INFO  page.HomePage - Try Here Link works as expected...
2023-12-01 22:00:31.100 [main] INFO  page.HomePage - User is in Home Page as expected
2023-12-01 22:00:31.129 [main] INFO  page.HomePage - User is in Home Page as expected
2023-12-01 22:00:31.379 [main] INFO  page.HomePage - Title is Linked List as expected
2023-12-01 22:00:31.430 [main] INFO  page.HomePage - Introduction
2023-12-01 22:00:31.692 [main] INFO  page.HomePage - Title is Introduction as expected
2023-12-01 22:00:32.621 [main] INFO  page.HomePage - Try Here Link works as expected...
2023-12-01 22:00:33.075 [main] INFO  page.HomePage - Try Here Link works as expected...
2023-12-01 22:00:33.180 [main] INFO  page.HomePage - Creating Linked LIst
2023-12-01 22:00:33.398 [main] INFO  page.HomePage - Title is Creating Linked LIst as expected
2023-12-01 22:00:33.966 [main] INFO  page.HomePage - Try Here Link works as expected...
2023-12-01 22:00:34.417 [main] INFO  page.HomePage - Try Here Link works as expected...
2023-12-01 22:00:34.514 [main] INFO  page.HomePage - Types of Linked List
2023-12-01 22:00:34.860 [main] INFO  page.HomePage - Title is Types of Linked List as expected
2023-12-01 22:00:35.406 [main] INFO  page.HomePage - Try Here Link works as expected...
2023-12-01 22:00:35.872 [main] INFO  page.HomePage - Try Here Link works as expected...
2023-12-01 22:00:35.956 [main] INFO  page.HomePage - Implement Linked List in Python
2023-12-01 22:00:36.200 [main] INFO  page.HomePage - Title is Implement Linked List in Python as expected
2023-12-01 22:00:36.736 [main] INFO  page.HomePage - Try Here Link works as expected...
2023-12-01 22:00:37.195 [main] INFO  page.HomePage - Try Here Link works as expected...
2023-12-01 22:00:37.275 [main] INFO  page.HomePage - Traversal
2023-12-01 22:00:37.544 [main] INFO  page.HomePage - Title is Traversal as expected
2023-12-01 22:00:38.119 [main] INFO  page.HomePage - Try Here Link works as expected...
2023-12-01 22:00:38.592 [main] INFO  page.HomePage - Try Here Link works as expected...
2023-12-01 22:00:38.677 [main] INFO  page.HomePage - Insertion
2023-12-01 22:00:38.980 [main] INFO  page.HomePage - Title is Insertion as expected
2023-12-01 22:00:39.608 [main] INFO  page.HomePage - Try Here Link works as expected...
2023-12-01 22:00:40.161 [main] INFO  page.HomePage - Try Here Link works as expected...
2023-12-01 22:00:40.261 [main] INFO  page.HomePage - Deletion
2023-12-01 22:00:40.530 [main] INFO  page.HomePage - Title is Deletion as expected
2023-12-01 22:00:41.087 [main] INFO  page.HomePage - Try Here Link works as expected...
2023-12-01 22:00:41.542 [main] INFO  page.HomePage - Try Here Link works as expected...
2023-12-01 22:00:59.990 [main] INFO  page.HomePage - User is in Home Page as expected
2023-12-01 22:01:00.032 [main] INFO  page.HomePage - User is in Home Page as expected
2023-12-01 22:01:00.319 [main] INFO  page.HomePage - Title is Tree as expected
2023-12-01 22:01:00.377 [main] INFO  page.HomePage - Overview of Trees
2023-12-01 22:01:00.657 [main] INFO  page.HomePage - Title is Overview of Trees as expected
2023-12-01 22:01:01.562 [main] INFO  page.HomePage - Try Here Link works as expected...
2023-12-01 22:01:02.051 [main] INFO  page.HomePage - Try Here Link works as expected...
2023-12-01 22:01:02.141 [main] INFO  page.HomePage - Terminologies
2023-12-01 22:01:02.354 [main] INFO  page.HomePage - Title is Terminologies as expected
2023-12-01 22:01:02.905 [main] INFO  page.HomePage - Try Here Link works as expected...
2023-12-01 22:01:03.338 [main] INFO  page.HomePage - Try Here Link works as expected...
2023-12-01 22:01:03.424 [main] INFO  page.HomePage - Types of Trees
2023-12-01 22:01:03.715 [main] INFO  page.HomePage - Title is Types of Trees as expected
2023-12-01 22:01:04.265 [main] INFO  page.HomePage - Try Here Link works as expected...
2023-12-01 22:01:04.726 [main] INFO  page.HomePage - Try Here Link works as expected...
2023-12-01 22:01:04.806 [main] INFO  page.HomePage - Tree Traversals
2023-12-01 22:01:05.093 [main] INFO  page.HomePage - Title is Tree Traversals as expected
2023-12-01 22:01:05.666 [main] INFO  page.HomePage - Try Here Link works as expected...
2023-12-01 22:01:06.113 [main] INFO  page.HomePage - Try Here Link works as expected...
2023-12-01 22:01:06.188 [main] INFO  page.HomePage - Traversals-Illustration
2023-12-01 22:01:06.511 [main] INFO  page.HomePage - Title is Traversals-Illustration as expected
2023-12-01 22:01:07.052 [main] INFO  page.HomePage - Try Here Link works as expected...
2023-12-01 22:01:07.511 [main] INFO  page.HomePage - Try Here Link works as expected...
2023-12-01 22:01:07.588 [main] INFO  page.HomePage - Binary Trees
2023-12-01 22:01:07.918 [main] INFO  page.HomePage - Title is Binary Trees as expected
2023-12-01 22:01:08.514 [main] INFO  page.HomePage - Try Here Link works as expected...
2023-12-01 22:01:08.965 [main] INFO  page.HomePage - Try Here Link works as expected...
2023-12-01 22:01:09.051 [main] INFO  page.HomePage - Types of Binary Trees
2023-12-01 22:01:09.437 [main] INFO  page.HomePage - Title is Types of Binary Trees as expected
2023-12-01 22:01:10.025 [main] INFO  page.HomePage - Try Here Link works as expected...
2023-12-01 22:01:10.484 [main] INFO  page.HomePage - Try Here Link works as expected...
2023-12-01 22:01:10.579 [main] INFO  page.HomePage - Implementation in Python
2023-12-01 22:01:10.854 [main] INFO  page.HomePage - Title is Implementation in Python as expected
2023-12-01 22:01:11.426 [main] INFO  page.HomePage - Try Here Link works as expected...
2023-12-01 22:01:11.889 [main] INFO  page.HomePage - Try Here Link works as expected...
2023-12-01 22:01:11.983 [main] INFO  page.HomePage - Binary Tree Traversals
2023-12-01 22:01:12.270 [main] INFO  page.HomePage - Title is Binary Tree Traversals as expected
2023-12-01 22:01:12.806 [main] INFO  page.HomePage - Try Here Link works as expected...
2023-12-01 22:01:13.293 [main] INFO  page.HomePage - Try Here Link works as expected...
2023-12-01 22:01:13.373 [main] INFO  page.HomePage - Implementation of Binary Trees
2023-12-01 22:01:13.657 [main] INFO  page.HomePage - Title is Implementation of Binary Trees as expected
2023-12-01 22:01:14.222 [main] INFO  page.HomePage - Try Here Link works as expected...
2023-12-01 22:01:14.702 [main] INFO  page.HomePage - Try Here Link works as expected...
2023-12-01 22:01:14.795 [main] INFO  page.HomePage - Applications of Binary trees
2023-12-01 22:01:15.085 [main] INFO  page.HomePage - Title is Applications of Binary trees as expected
2023-12-01 22:01:15.637 [main] INFO  page.HomePage - Try Here Link works as expected...
2023-12-01 22:01:16.102 [main] INFO  page.HomePage - Try Here Link works as expected...
2023-12-01 22:01:16.176 [main] INFO  page.HomePage - Binary Search Trees
2023-12-01 22:01:16.644 [main] INFO  page.HomePage - Title is Binary Search Trees as expected
2023-12-01 22:01:17.179 [main] INFO  page.HomePage - Try Here Link works as expected...
2023-12-01 22:01:17.638 [main] INFO  page.HomePage - Try Here Link works as expected...
2023-12-01 22:01:17.710 [main] INFO  page.HomePage - Implementation Of BST
2023-12-01 22:01:17.978 [main] INFO  page.HomePage - Title is Implementation Of BST as expected
2023-12-01 22:01:18.537 [main] INFO  page.HomePage - Try Here Link works as expected...
2023-12-01 22:01:18.988 [main] INFO  page.HomePage - Try Here Link works as expected...
2023-12-01 22:03:30.574 [main] INFO  page.HomePage - User is in Home Page as expected
2023-12-01 22:03:30.608 [main] INFO  page.HomePage - User is in Home Page as expected
2023-12-01 22:03:30.869 [main] INFO  page.HomePage - Title is Graph as expected
2023-12-01 22:03:30.940 [main] INFO  page.HomePage - Graph
2023-12-01 22:03:31.185 [main] INFO  page.HomePage - Title is Graph as expected
2023-12-01 22:03:32.114 [main] INFO  page.HomePage - Try Here Link works as expected...
2023-12-01 22:03:32.611 [main] INFO  page.HomePage - Try Here Link works as expected...
2023-12-01 22:03:32.723 [main] INFO  page.HomePage - Graph Representations
2023-12-01 22:03:33.078 [main] INFO  page.HomePage - Title is Graph Representations as expected
2023-12-01 22:03:33.644 [main] INFO  page.HomePage - Try Here Link works as expected...
2023-12-01 22:03:34.116 [main] INFO  page.HomePage - Try Here Link works as expected...
