2023-12-12 19:53:14.508 [main] INFO  page.PortalPage - Opening Portal Page...
2023-12-12 19:53:15.887 [main] INFO  page.PortalPage - Clicking Get started button....
2023-12-12 19:53:16.946 [main] INFO  page.HomePage - Opening home page...
2023-12-12 19:53:17.076 [main] INFO  page.HomePage - USER IS IN HOME PAGE
2023-12-12 19:53:22.023 [main] INFO  page.PortalPage - Opening Portal Page...
2023-12-12 19:53:25.331 [main] INFO  page.PortalPage - Clicking Get started button....
2023-12-12 19:53:26.242 [main] INFO  page.HomePage - Opening home page...
2023-12-12 19:53:26.362 [main] INFO  page.HomePage - USER IS IN HOME PAGE
2023-12-12 19:53:26.366 [main] INFO  page.HomePage - Clicking on data structures link
2023-12-12 19:53:26.557 [main] INFO  page.HomePage - 6 items available in the DataStructure dropdown
2023-12-12 19:53:31.056 [main] INFO  page.PortalPage - Opening Portal Page...
2023-12-12 19:53:33.510 [main] INFO  page.PortalPage - Clicking Get started button....
2023-12-12 19:53:34.390 [main] INFO  page.HomePage - Opening home page...
2023-12-12 19:53:34.491 [main] INFO  page.HomePage - USER IS IN HOME PAGE
2023-12-12 19:53:34.497 [main] INFO  page.HomePage - Clicking on array link
2023-12-12 19:53:34.944 [main] INFO  page.HomePage - You are not logged in is displayed as expected
2023-12-12 19:53:39.129 [main] INFO  page.PortalPage - Opening Portal Page...
2023-12-12 19:53:42.129 [main] INFO  page.PortalPage - Clicking Get started button....
2023-12-12 19:53:43.171 [main] INFO  page.HomePage - Opening home page...
2023-12-12 19:53:43.301 [main] INFO  page.HomePage - USER IS IN HOME PAGE
2023-12-12 19:53:43.913 [main] INFO  page.HomePage - You are not logged in is displayed as expected
2023-12-12 19:53:48.129 [main] INFO  page.PortalPage - Opening Portal Page...
2023-12-12 19:53:50.622 [main] INFO  page.PortalPage - Clicking Get started button....
2023-12-12 19:53:51.422 [main] INFO  page.HomePage - Opening home page...
2023-12-12 19:53:51.512 [main] INFO  page.HomePage - USER IS IN HOME PAGE
2023-12-12 19:53:51.516 [main] INFO  page.HomePage - Clicking on sign in link...
2023-12-12 19:53:51.902 [main] INFO  page.HomePage - USER IS IN SIGN IN PAGE
2023-12-12 19:53:56.374 [main] INFO  page.PortalPage - Opening Portal Page...
2023-12-12 19:53:59.534 [main] INFO  page.PortalPage - Clicking Get started button....
2023-12-12 19:54:00.467 [main] INFO  page.HomePage - Opening home page...
2023-12-12 19:54:00.559 [main] INFO  page.HomePage - USER IS IN HOME PAGE
2023-12-12 19:54:00.567 [main] INFO  page.HomePage - Clicking on Register link...
2023-12-12 19:54:01.043 [main] INFO  page.HomePage - USER IS IN REGISTER PAGE
2023-12-12 19:54:08.820 [main] INFO  page.RegisterPage - Please fill out this field. message is displayed as expected
2023-12-12 19:54:17.625 [main] INFO  page.RegisterPage - Please fill out this field. message is displayed as expected
2023-12-12 19:54:26.180 [main] INFO  page.RegisterPage - Please fill out this field. message is displayed as expected
2023-12-12 19:54:36.114 [main] INFO  page.RegisterPage - password_mismatch:The two password fields didn’t match. message is displayed as expected
2023-12-12 19:54:45.453 [main] INFO  page.RegisterPage - password_mismatch:The two password fields didn’t match. message is displayed as expected
2023-12-12 19:54:54.110 [main] INFO  page.RegisterPage - password_mismatch:The two password fields didn’t match. message is displayed as expected
2023-12-12 19:55:03.259 [main] INFO  page.RegisterPage - password_mismatch:The two password fields didn’t match. message is displayed as expected
2023-12-12 19:55:46.585 [main] DEBUG org.apache.poi.openxml4j.opc.PackageRelationshipCollection - Parsing relationship: /xl/_rels/workbook.xml.rels
2023-12-12 19:55:46.633 [main] DEBUG org.apache.poi.openxml4j.opc.PackageRelationshipCollection - Parsing relationship: /_rels/.rels
2023-12-12 19:55:48.871 [main] INFO  page.RegisterPage - Actual Result is Invalid Username and Password - As expected
2023-12-12 19:55:56.060 [main] DEBUG org.apache.poi.openxml4j.opc.PackageRelationshipCollection - Parsing relationship: /xl/_rels/workbook.xml.rels
2023-12-12 19:55:56.062 [main] DEBUG org.apache.poi.openxml4j.opc.PackageRelationshipCollection - Parsing relationship: /_rels/.rels
2023-12-12 19:55:57.002 [main] INFO  page.RegisterPage - Actual Result is Invalid Username and Password - As expected
2023-12-12 19:56:04.833 [main] DEBUG org.apache.poi.openxml4j.opc.PackageRelationshipCollection - Parsing relationship: /xl/_rels/workbook.xml.rels
2023-12-12 19:56:04.844 [main] DEBUG org.apache.poi.openxml4j.opc.PackageRelationshipCollection - Parsing relationship: /_rels/.rels
2023-12-12 19:56:05.769 [main] INFO  page.RegisterPage - Actual Result is Invalid Username and Password - As expected
2023-12-12 19:56:13.692 [main] DEBUG org.apache.poi.openxml4j.opc.PackageRelationshipCollection - Parsing relationship: /xl/_rels/workbook.xml.rels
2023-12-12 19:56:13.694 [main] DEBUG org.apache.poi.openxml4j.opc.PackageRelationshipCollection - Parsing relationship: /_rels/.rels
2023-12-12 19:56:14.731 [main] INFO  page.RegisterPage - Actual Result is You are logged in - As expected
2023-12-12 19:56:23.377 [main] INFO  page.HomePage - User is in Home Page as expected
2023-12-12 19:56:23.412 [main] INFO  page.HomePage - User is in Home Page as expected
2023-12-12 19:56:23.771 [main] INFO  page.HomePage - Title is Data Structures-Introduction as expected
2023-12-12 19:56:23.835 [main] INFO  page.HomePage - Time Complexity
2023-12-12 19:56:24.197 [main] INFO  page.HomePage - Title is Time Complexity as expected
2023-12-12 19:56:25.649 [main] INFO  page.HomePage - Try Here Link works as expected...
2023-12-12 19:56:26.250 [main] INFO  page.HomePage - Try Here Link works as expected...
2023-12-12 19:56:35.120 [main] INFO  page.HomePage - User is in Home Page as expected
2023-12-12 19:56:35.155 [main] INFO  page.HomePage - User is in Home Page as expected
2023-12-12 19:56:35.542 [main] INFO  page.HomePage - Title is Array as expected
2023-12-12 19:56:35.596 [main] INFO  page.HomePage - Arrays in Python
2023-12-12 19:56:36.590 [main] INFO  page.HomePage - Title is Arrays in Python as expected
2023-12-12 19:56:37.758 [main] INFO  page.HomePage - Try Here Link works as expected...
2023-12-12 19:56:38.288 [main] INFO  page.HomePage - Try Here Link works as expected...
2023-12-12 19:56:38.446 [main] INFO  page.HomePage - Arrays Using List
2023-12-12 19:56:38.848 [main] INFO  page.HomePage - Title is Arrays Using List as expected
2023-12-12 19:56:39.541 [main] INFO  page.HomePage - Try Here Link works as expected...
2023-12-12 19:56:40.104 [main] INFO  page.HomePage - Try Here Link works as expected...
2023-12-12 19:56:40.251 [main] INFO  page.HomePage - Basic Operations in Lists
2023-12-12 19:56:40.623 [main] INFO  page.HomePage - Title is Basic Operations in Lists as expected
2023-12-12 19:56:41.300 [main] INFO  page.HomePage - Try Here Link works as expected...
2023-12-12 19:56:41.855 [main] INFO  page.HomePage - Try Here Link works as expected...
2023-12-12 19:56:42.001 [main] INFO  page.HomePage - Applications of Array
2023-12-12 19:56:42.410 [main] INFO  page.HomePage - Title is Applications of Array as expected
2023-12-12 19:56:43.258 [main] INFO  page.HomePage - Try Here Link works as expected...
2023-12-12 19:56:43.735 [main] INFO  page.HomePage - Try Here Link works as expected...
2023-12-12 19:56:45.050 [main] INFO  page.HomePage - The output result is as expected - not exist
2023-12-12 19:56:45.881 [main] INFO  page.HomePage - Alert error message is as expected...SyntaxError: bad input on line 4
2023-12-12 19:56:48.407 [main] INFO  page.HomePage - The output result is as expected - 4
2023-12-12 19:56:51.000 [main] INFO  page.HomePage - Alert error message is as expected...SyntaxError: bad input on line 11
2023-12-12 19:56:54.044 [main] INFO  page.HomePage - The output result is as expected - 4
2023-12-12 19:56:56.181 [main] INFO  page.HomePage - Alert error message is as expected...SyntaxError: unindent does not match any outer indentation level on line 5
2023-12-12 19:56:58.752 [main] INFO  page.HomePage - The output result is as expected - 4
2023-12-12 19:57:01.208 [main] INFO  page.HomePage - Alert error message is as expected...SyntaxError: bad input on line 1
2023-12-12 19:57:10.178 [main] INFO  page.HomePage - User is in Home Page as expected
2023-12-12 19:57:10.217 [main] INFO  page.HomePage - User is in Home Page as expected
2023-12-12 19:57:10.563 [main] INFO  page.HomePage - Title is Linked List as expected
2023-12-12 19:57:10.631 [main] INFO  page.HomePage - Introduction
2023-12-12 19:57:11.034 [main] INFO  page.HomePage - Title is Introduction as expected
2023-12-12 19:57:12.126 [main] INFO  page.HomePage - Try Here Link works as expected...
2023-12-12 19:57:12.650 [main] INFO  page.HomePage - Try Here Link works as expected...
2023-12-12 19:57:12.784 [main] INFO  page.HomePage - Creating Linked LIst
2023-12-12 19:57:13.148 [main] INFO  page.HomePage - Title is Creating Linked LIst as expected
2023-12-12 19:57:13.854 [main] INFO  page.HomePage - Try Here Link works as expected...
2023-12-12 19:57:14.429 [main] INFO  page.HomePage - Try Here Link works as expected...
2023-12-12 19:57:14.562 [main] INFO  page.HomePage - Types of Linked List
2023-12-12 19:57:14.952 [main] INFO  page.HomePage - Title is Types of Linked List as expected
2023-12-12 19:57:15.675 [main] INFO  page.HomePage - Try Here Link works as expected...
2023-12-12 19:57:16.251 [main] INFO  page.HomePage - Try Here Link works as expected...
2023-12-12 19:57:16.387 [main] INFO  page.HomePage - Implement Linked List in Python
2023-12-12 19:57:16.703 [main] INFO  page.HomePage - Title is Implement Linked List in Python as expected
2023-12-12 19:57:17.420 [main] INFO  page.HomePage - Try Here Link works as expected...
2023-12-12 19:57:17.947 [main] INFO  page.HomePage - Try Here Link works as expected...
2023-12-12 19:57:18.071 [main] INFO  page.HomePage - Traversal
2023-12-12 19:57:18.402 [main] INFO  page.HomePage - Title is Traversal as expected
2023-12-12 19:57:19.078 [main] INFO  page.HomePage - Try Here Link works as expected...
2023-12-12 19:57:19.730 [main] INFO  page.HomePage - Try Here Link works as expected...
2023-12-12 19:57:19.871 [main] INFO  page.HomePage - Insertion
2023-12-12 19:57:20.219 [main] INFO  page.HomePage - Title is Insertion as expected
2023-12-12 19:57:20.918 [main] INFO  page.HomePage - Try Here Link works as expected...
2023-12-12 19:57:21.419 [main] INFO  page.HomePage - Try Here Link works as expected...
2023-12-12 19:57:21.538 [main] INFO  page.HomePage - Deletion
2023-12-12 19:57:21.890 [main] INFO  page.HomePage - Title is Deletion as expected
2023-12-12 19:57:22.789 [main] INFO  page.HomePage - Try Here Link works as expected...
2023-12-12 19:57:23.311 [main] INFO  page.HomePage - Try Here Link works as expected...
2023-12-12 19:57:32.076 [main] INFO  page.HomePage - User is in Home Page as expected
2023-12-12 19:57:32.109 [main] INFO  page.HomePage - User is in Home Page as expected
2023-12-12 19:57:32.507 [main] INFO  page.HomePage - Title is Stack as expected
2023-12-12 19:57:32.573 [main] INFO  page.HomePage - Operations in Stack
2023-12-12 19:57:33.057 [main] INFO  page.HomePage - Title is Operations in Stack as expected
2023-12-12 19:57:34.273 [main] INFO  page.HomePage - Try Here Link works as expected...
2023-12-12 19:57:34.836 [main] INFO  page.HomePage - Try Here Link works as expected...
2023-12-12 19:57:34.991 [main] INFO  page.HomePage - Implementation
2023-12-12 19:57:35.338 [main] INFO  page.HomePage - Title is Implementation as expected
2023-12-12 19:57:36.049 [main] INFO  page.HomePage - Try Here Link works as expected...
2023-12-12 19:57:36.618 [main] INFO  page.HomePage - Try Here Link works as expected...
2023-12-12 19:57:36.759 [main] INFO  page.HomePage - Applications
2023-12-12 19:57:37.087 [main] INFO  page.HomePage - Title is Applications as expected
2023-12-12 19:57:37.837 [main] INFO  page.HomePage - Try Here Link works as expected...
2023-12-12 19:57:38.409 [main] INFO  page.HomePage - Try Here Link works as expected...
2023-12-12 19:57:46.537 [main] INFO  page.HomePage - User is in Home Page as expected
2023-12-12 19:57:46.558 [main] INFO  page.HomePage - User is in Home Page as expected
2023-12-12 19:57:46.877 [main] INFO  page.HomePage - Title is Queue as expected
2023-12-12 19:57:46.930 [main] INFO  page.HomePage - Implementation of Queue in Python
2023-12-12 19:57:47.304 [main] INFO  page.HomePage - Title is Implementation of Queue in Python as expected
2023-12-12 19:57:48.539 [main] INFO  page.HomePage - Try Here Link works as expected...
2023-12-12 19:57:49.088 [main] INFO  page.HomePage - Try Here Link works as expected...
2023-12-12 19:57:49.264 [main] INFO  page.HomePage - Implementation using collections.deque
2023-12-12 19:57:49.581 [main] INFO  page.HomePage - Title is Implementation using collections.deque as expected
2023-12-12 19:57:50.281 [main] INFO  page.HomePage - Try Here Link works as expected...
2023-12-12 19:57:50.814 [main] INFO  page.HomePage - Try Here Link works as expected...
2023-12-12 19:57:50.961 [main] INFO  page.HomePage - Implementation using array
2023-12-12 19:57:51.357 [main] INFO  page.HomePage - Title is Implementation using array as expected
2023-12-12 19:57:52.052 [main] INFO  page.HomePage - Try Here Link works as expected...
2023-12-12 19:57:52.626 [main] INFO  page.HomePage - Try Here Link works as expected...
2023-12-12 19:57:52.744 [main] INFO  page.HomePage - Queue Operations
2023-12-12 19:57:53.128 [main] INFO  page.HomePage - Title is Queue Operations as expected
2023-12-12 19:57:53.794 [main] INFO  page.HomePage - Try Here Link works as expected...
2023-12-12 19:57:54.328 [main] INFO  page.HomePage - Try Here Link works as expected...
2023-12-12 19:58:02.392 [main] INFO  page.HomePage - User is in Home Page as expected
2023-12-12 19:58:02.425 [main] INFO  page.HomePage - User is in Home Page as expected
2023-12-12 19:58:02.798 [main] INFO  page.HomePage - Title is Tree as expected
2023-12-12 19:58:02.868 [main] INFO  page.HomePage - Overview of Trees
2023-12-12 19:58:03.315 [main] INFO  page.HomePage - Title is Overview of Trees as expected
2023-12-12 19:58:04.483 [main] INFO  page.HomePage - Try Here Link works as expected...
2023-12-12 19:58:05.184 [main] INFO  page.HomePage - Try Here Link works as expected...
2023-12-12 19:58:05.351 [main] INFO  page.HomePage - Terminologies
2023-12-12 19:58:05.762 [main] INFO  page.HomePage - Title is Terminologies as expected
2023-12-12 19:58:06.501 [main] INFO  page.HomePage - Try Here Link works as expected...
2023-12-12 19:58:07.033 [main] INFO  page.HomePage - Try Here Link works as expected...
2023-12-12 19:58:07.165 [main] INFO  page.HomePage - Types of Trees
2023-12-12 19:58:07.518 [main] INFO  page.HomePage - Title is Types of Trees as expected
2023-12-12 19:58:08.366 [main] INFO  page.HomePage - Try Here Link works as expected...
2023-12-12 19:58:08.868 [main] INFO  page.HomePage - Try Here Link works as expected...
2023-12-12 19:58:09.030 [main] INFO  page.HomePage - Tree Traversals
2023-12-12 19:58:09.483 [main] INFO  page.HomePage - Title is Tree Traversals as expected
2023-12-12 19:58:10.187 [main] INFO  page.HomePage - Try Here Link works as expected...
2023-12-12 19:58:10.670 [main] INFO  page.HomePage - Try Here Link works as expected...
2023-12-12 19:58:10.793 [main] INFO  page.HomePage - Traversals-Illustration
2023-12-12 19:58:11.160 [main] INFO  page.HomePage - Title is Traversals-Illustration as expected
2023-12-12 19:58:11.811 [main] INFO  page.HomePage - Try Here Link works as expected...
2023-12-12 19:58:12.332 [main] INFO  page.HomePage - Try Here Link works as expected...
2023-12-12 19:58:12.454 [main] INFO  page.HomePage - Binary Trees
2023-12-12 19:58:12.880 [main] INFO  page.HomePage - Title is Binary Trees as expected
2023-12-12 19:58:13.572 [main] INFO  page.HomePage - Try Here Link works as expected...
2023-12-12 19:58:14.104 [main] INFO  page.HomePage - Try Here Link works as expected...
2023-12-12 19:58:14.234 [main] INFO  page.HomeP