2023-11-30 10:04:17.356 [main] INFO  page.HomePage - User is in Home Page as expected
2023-11-30 10:04:17.386 [main] INFO  page.HomePage - User is in Home Page as expected
2023-11-30 10:04:17.603 [main] ERROR page.HomePage - Title is Graph - Not as expected
2023-11-30 10:04:17.686 [main] INFO  page.HomePage - Graph
2023-11-30 10:07:48.564 [main] INFO  page.HomePage - User is in Home Page as expected
2023-11-30 10:07:48.593 [main] INFO  page.HomePage - User is in Home Page as expected
2023-11-30 10:07:48.819 [main] ERROR page.HomePage - Title is Graph - Not as expected
2023-11-30 10:07:48.910 [main] INFO  page.HomePage - Graph
2023-11-30 10:13:00.153 [main] INFO  page.HomePage - User is in Home Page as expected
2023-11-30 10:13:00.180 [main] INFO  page.HomePage - User is in Home Page as expected
2023-11-30 10:13:00.427 [main] ERROR page.HomePage - Title is Graph - Not as expected
2023-11-30 10:13:00.475 [main] INFO  page.HomePage - Graph
2023-11-30 10:14:11.804 [main] INFO  page.HomePage - User is in Home Page as expected
2023-11-30 10:14:11.847 [main] INFO  page.HomePage - User is in Home Page as expected
2023-11-30 10:14:12.110 [main] ERROR page.HomePage - Title is Queue - Not as expected
2023-11-30 10:14:12.164 [main] INFO  page.HomePage - Implementation of Queue in Python
2023-11-30 10:16:59.416 [main] INFO  page.HomePage - User is in Home Page as expected
2023-11-30 10:16:59.444 [main] INFO  page.HomePage - User is in Home Page as expected
2023-11-30 10:16:59.680 [main] ERROR page.HomePage - Title is Graph - Not as expected
2023-11-30 10:16:59.733 [main] INFO  page.HomePage - Graph
2023-11-30 10:23:34.276 [main] INFO  page.HomePage - User is in Home Page as expected
2023-11-30 10:23:34.311 [main] INFO  page.HomePage - User is in Home Page as expected
2023-11-30 10:23:34.577 [main] ERROR page.HomePage - Title is Graph - Not as expected
2023-11-30 10:23:34.639 [main] INFO  page.HomePage - Graph
2023-11-30 10:23:34.892 [main] INFO  page.HomePage - Title is Graph as expected
2023-11-30 10:23:35.931 [main] INFO  page.HomePage - Try Here Link works as expected...
2023-11-30 10:23:35.994 [main] INFO  page.HomePage - Graph Representations
2023-11-30 10:23:36.327 [main] INFO  page.HomePage - Title is Graph Representations as expected
2023-11-30 10:23:36.917 [main] INFO  page.HomePage - Try Here Link works as expected...
2023-11-30 10:24:17.926 [main] INFO  page.HomePage - User is in Home Page as expected
2023-11-30 10:24:17.968 [main] INFO  page.HomePage - User is in Home Page as expected
2023-11-30 10:24:18.191 [main] ERROR page.HomePage - Title is Queue - Not as expected
2023-11-30 10:24:18.236 [main] INFO  page.HomePage - Implementation of Queue in Python
2023-11-30 10:24:18.442 [main] INFO  page.HomePage - Title is Implementation of Queue in Python as expected
2023-11-30 10:24:19.408 [main] INFO  page.HomePage - Try Here Link works as expected...
2023-11-30 10:24:19.473 [main] INFO  page.HomePage - Implementation using collections.deque
2023-11-30 10:24:19.691 [main] INFO  page.HomePage - Title is Implementation using collections.deque as expected
2023-11-30 10:24:20.242 [main] INFO  page.HomePage - Try Here Link works as expected...
2023-11-30 10:24:20.307 [main] INFO  page.HomePage - Implementation using array
2023-11-30 10:24:20.566 [main] INFO  page.HomePage - Title is Implementation using array as expected
2023-11-30 10:24:21.187 [main] INFO  page.HomePage - Try Here Link works as expected...
2023-11-30 10:24:21.253 [main] INFO  page.HomePage - Queue Operations
2023-11-30 10:24:21.478 [main] INFO  page.HomePage - Title is Queue Operations as expected
2023-11-30 10:24:22.031 [main] INFO  page.HomePage - Try Here Link works as expected...
2023-11-30 10:24:36.898 [main] INFO  page.HomePage - User is in Home Page as expected
2023-11-30 10:24:36.937 [main] INFO  page.HomePage - User is in Home Page as expected
2023-11-30 10:24:37.199 [main] ERROR page.HomePage - Title is Stack - Not as expected
2023-11-30 10:24:37.247 [main] INFO  page.HomePage - Operations in Stack
2023-11-30 10:24:37.523 [main] INFO  page.HomePage - Title is Operations in Stack as expected
2023-11-30 10:24:38.462 [main] INFO  page.HomePage - Try Here Link works as expected...
2023-11-30 10:24:38.529 [main] INFO  page.HomePage - Implementation
2023-11-30 10:24:38.770 [main] INFO  page.HomePage - Title is Implementation as expected
2023-11-30 10:24:39.384 [main] INFO  page.HomePage - Try Here Link works as expected...
2023-11-30 10:24:39.444 [main] INFO  page.HomePage - Applications
2023-11-30 10:24:39.698 [main] INFO  page.HomePage - Title is Applications as expected
2023-11-30 10:24:40.323 [main] INFO  page.HomePage - Try Here Link works as expected...
2023-11-30 10:24:57.205 [main] INFO  page.HomePage - User is in Home Page as expected
2023-11-30 10:24:57.240 [main] INFO  page.HomePage - User is in Home Page as expected
2023-11-30 10:24:57.481 [main] ERROR page.HomePage - Title is Linked List - Not as expected
2023-11-30 10:24:57.531 [main] INFO  page.HomePage - Introduction
2023-11-30 10:24:57.791 [main] INFO  page.HomePage - Title is Introduction as expected
2023-11-30 10:24:58.756 [main] INFO  page.HomePage - Try Here Link works as expected...
2023-11-30 10:24:58.840 [main] INFO  page.HomePage - Creating Linked LIst
2023-11-30 10:24:59.121 [main] INFO  page.HomePage - Title is Creating Linked LIst as expected
2023-11-30 10:24:59.821 [main] INFO  page.HomePage - Try Here Link works as expected...
2023-11-30 10:24:59.903 [main] INFO  page.HomePage - Types of Linked List
2023-11-30 10:25:00.211 [main] INFO  page.HomePage - Title is Types of Linked List as expected
2023-11-30 10:25:00.828 [main] INFO  page.HomePage - Try Here Link works as expected...
2023-11-30 10:25:00.917 [main] INFO  page.HomePage - Implement Linked List in Python
2023-11-30 10:25:01.185 [main] INFO  page.HomePage - Title is Implement Linked List in Python as expected
2023-11-30 10:25:01.753 [main] INFO  page.HomePage - Try Here Link works as expected...
2023-11-30 10:25:01.822 [main] INFO  page.HomePage - Traversal
2023-11-30 10:25:02.048 [main] INFO  page.HomePage - Title is Traversal as expected
2023-11-30 10:25:02.598 [main] INFO  page.HomePage - Try Here Link works as expected...
2023-11-30 10:25:02.657 [main] INFO  page.HomePage - Insertion
2023-11-30 10:25:02.948 [main] INFO  page.HomePage - Title is Insertion as expected
2023-11-30 10:25:03.500 [main] INFO  page.HomePage - Try Here Link works as expected...
2023-11-30 10:25:03.569 [main] INFO  page.HomePage - Deletion
2023-11-30 10:25:03.808 [main] INFO  page.HomePage - Title is Deletion as expected
2023-11-30 10:25:04.382 [main] INFO  page.HomePage - Try Here Link works as expected...
2023-11-30 10:25:20.217 [main] INFO  page.HomePage - User is in Home Page as expected
2023-11-30 10:25:20.246 [main] INFO  page.HomePage - User is in Home Page as expected
2023-11-30 10:25:20.505 [main] ERROR page.HomePage - Title is Array - Not as expected
2023-11-30 10:25:20.566 [main] INFO  page.HomePage - Arrays in Python
2023-11-30 10:25:21.037 [main] INFO  page.HomePage - Title is Arrays in Python as expected
2023-11-30 10:25:22.011 [main] INFO  page.HomePage - Try Here Link works as expected...
2023-11-30 10:25:22.081 [main] INFO  page.HomePage - Arrays Using List
2023-11-30 10:25:22.314 [main] INFO  page.HomePage - Title is Arrays Using List as expected
2023-11-30 10:25:22.948 [main] INFO  page.HomePage - Try Here Link works as expected...
2023-11-30 10:25:23.026 [main] INFO  page.HomePage - Basic Operations in Lists
2023-11-30 10:25:23.261 [main] INFO  page.HomePage - Title is Basic Operations in Lists as expected
2023-11-30 10:25:23.832 [main] INFO  page.HomePage - Try Here Link works as expected...
2023-11-30 10:25:23.913 [main] INFO  page.HomePage - Applications of Array
2023-11-30 10:25:24.148 [main] INFO  page.HomePage - Title is Applications of Array as expected
2023-11-30 10:25:24.729 [main] INFO  page.HomePage - Try Here Link works as expected...
2023-11-30 10:25:43.754 [main] INFO  page.HomePage - User is in Home Page as expected
2023-11-30 10:25:43.788 [main] INFO  page.HomePage - User is in Home Page as expected
2023-11-30 10:25:44.065 [main] ERROR page.HomePage - Title is Tree - Not as expected
2023-11-30 10:25:44.116 [main] INFO  page.HomePage - Overview of Trees
2023-11-30 10:25:44.353 [main] INFO  page.HomePage - Title is Overview of Trees as expected
2023-11-30 10:25:45.311 [main] INFO  page.HomePage - Try Here Link works as expected...
2023-11-30 10:25:45.381 [main] INFO  page.HomePage - Terminologies
2023-11-30 10:25:45.608 [main] INFO  page.HomePage - Title is Terminologies as expected
2023-11-30 10:25:46.204 [main] INFO  page.HomePage - Try Here Link works as expected...
2023-11-30 10:25:46.283 [main] INFO  page.HomePage - Types of Trees
2023-11-30 10:25:46.568 [main] INFO  page.HomePage - Title is Types of Trees as expected
2023-11-30 10:25:47.135 [main] INFO  page.HomePage - Try Here Link works as expected...
2023-11-30 10:25:47.219 [main] INFO  page.HomePage - Tree Traversals
2023-11-30 10:25:47.517 [main] INFO  page.HomePage - Title is Tree Traversals as expected
2023-11-30 10:25:48.093 [main] INFO  page.HomePage - Try Here Link works as expected...
2023-11-30 10:25:48.159 [main] INFO  page.HomePage - Traversals-Illustration
2023-11-30 10:25:48.459 [main] INFO  page.HomePage - Title is Traversals-Illustration as expected
2023-11-30 10:25:49.078 [main] INFO  page.HomePage - Try Here Link works as expected...
2023-11-30 10:25:49.150 [main] INFO  page.HomePage - Binary Trees
2023-11-30 10:25:49.447 [main] INFO  page.HomePage - Title is Binary Trees as expected
2023-11-30 10:25:50.032 [main] INFO  page.HomePage - Try Here Link works as expected...
2023-11-30 10:25:50.103 [main] INFO  page.HomePage - Types of Binary Trees
2023-11-30 10:25:50.446 [main] INFO  page.HomePage - Title is Types of Binary Trees as expected
2023-11-30 10:25:51.002 [main] INFO  page.HomePage - Try Here Link works as expected...
2023-11-30 10:25:51.082 [main] INFO  page.HomePage - Implementation in Python
2023-11-30 10:25:51.312 [main] INFO  page.HomePage - Title is Implementation in Python as expected
2023-11-30 10:25:51.871 [main] INFO  page.HomePage - Try Here Link works as expected...
2023-11-30 10:25:51.950 [main] INFO  page.HomePage - Binary Tree Traversals
2023-11-30 10:25:52.219 [main] INFO  page.HomePage - Title is Binary Tree Traversals as expected
2023-11-30 10:25:52.838 [main] INFO  page.HomePage - Try Here Link works as expected...
2023-11-30 10:25:52.910 [main] INFO  page.HomePage - Implementation of Binary Trees
2023-11-30 10:25:53.149 [main] INFO  page.HomePage - Title is Implementation of Binary Trees as expected
2023-11-30 10:25:53.741 [main] INFO  page.HomePage - Try Here Link works as expected...
2023-11-30 10:25:53.805 [main] INFO  page.HomePage - Applications of Binary trees
2023-11-30 10:25:54.041 [main] INFO  page.HomePage - Title is Applications of Binary trees as expected
2023-11-30 10:25:54.629 [main] INFO  page.HomePage - Try Here Link works as expected...
2023-11-30 10:25:54.690 [main] INFO  page.HomePage - Binary Search Trees
2023-11-30 10:25:55.327 [main] INFO  page.HomePage - Title is Binary Search Trees as expected
2023-11-30 10:25:55.886 [main] INFO  page.HomePage - Try Here Link works as expected...
2023-11-30 10:25:55.950 [main] INFO  page.HomePage - Implementation Of BST
2023-11-30 10:25:56.208 [main] INFO  page.HomePage - Title is Implementation Of BST as expected
2023-11-30 10:25:56.851 [main] INFO  page.HomePage - Try Here Link works as expected...
2023-11-30 10:26:24.602 [main] INFO  page.HomePage - User is in Home Page as expected
2023-11-30 10:26:24.631 [main] INFO  page.HomePage - User is in Home Page as expected
2023-11-30 10:26:24.857 [main] INFO  page.HomePage - Title is Data Structures-Introduction as expected
2023-11-30 10:26:24.903 [main] INFO  page.HomePage - Time Complexity
2023-11-30 10:26:25.111 [main] INFO  page.HomePage - Title is Time Complexity as expected
2023-11-30 10:26:26.067 [main] INFO  page.HomePage - Try Here Link works as expected...
2023-11-30 11:48:19.956 [main] INFO  page.HomePage - User is in Home Page as expected
2023-11-30 11:48:19.991 [main] INFO  page.HomePage - User is in Home Page as expected
2023-11-30 11:48:20.250 [main] INFO  page.HomePage - Title is Data Structures-Introduction as expected
2023-11-30 11:48:20.310 [main] INFO  page.HomePage - Time Complexity
2023-11-30 11:48:20.536 [main] INFO  page.HomePage - Title is Time Complexity as expected
2023-11-30 11:48:21.606 [main] INFO  page.HomePage - Try Here Link works as expected...
2023-11-30 12:01:47.565 [main] INFO  page.HomePage - User is in Home Page as expected
2023-11-30 12:01:47.595 [main] INFO  page.HomePage - User is in Home Page as expected
2023-11-30 12:01:47.819 [main] ERROR page.HomePage - Title is Graph - Not as expected
2023-11-30 12:01:47.878 [main] INFO  page.HomePage - Graph
2023-11-30 12:01:48.114 [main] INFO  page.HomePage - Title is Graph as expected
2023-11-30 12:01:49.069 [main] INFO  page.HomePage - Try Here Link works as expected...
2023-11-30 12:01:49.137 [main] INFO  page.HomePage - Graph Representations
2023-11-30 12:01:49.435 [main] INFO  page.HomePage - Title is Graph Representations as expected
2023-11-30 12:01:50.008 [main] INFO  page.HomePage - Try Here Link works as expected...
2023-11-30 12:02:13.070 [main] INFO  page.HomePage - User is in Home Page as expected
2023-11-30 12:02:13.096 [main] INFO  page.HomePage - User is in Home Page as expected
2023-11-30 12:02:13.361 [main] ERROR page.HomePage - Title is Linked List - Not as expected
2023-11-30 12:02:13.412 [main] INFO  page.HomePage - Introduction
2023-11-30 12:02:13.693 [main] INFO  page.HomePage - Title is Introduction as expected
2023-11-30 12:02:14.799 [main] INFO  page.HomePage - Try Here Link works as expected...
2023-11-30 12:02:14.871 [main] INFO  page.HomePage - Creating Linked LIst
2023-11-30 12:02:15.086 [main] INFO  page.HomePage - Title is Creating Linked LIst as expected
2023-11-30 12:02:15.709 [main] INFO  page.HomePage - Try Here Link works as expected...
2023-11-30 12:02:15.783 [main] INFO  page.HomePage - Types of Linked List
2023-11-30 12:02:16.100 [main] INFO  page.HomePage - Title is Types of Linked List as expected
2023-11-30 12:02:16.708 [main] INFO  page.HomePage - Try Here Link works as expected...
2023-11-30 12:02:16.792 [main] INFO  page.HomePage - Implement Linked List in Python
2023-11-30 12:02:17.045 [main] INFO  page.HomePage - Title is Implement Linked List in Python as expected
2023-11-30 12:02:17.625 [main] INFO  page.HomePage - Try Here Link works as expected...
2023-11-30 12:02:17.706 [main] INFO  page.HomePage - Traversal
2023-11-30 12:02:17.954 [main] INFO  page.HomePage - Title is Traversal as expected
2023-11-30 12:02:18.527 [main] INFO  page.HomePage - Try Here Link works as expected...
2023-11-30 12:02:18.591 [main] INFO  page.HomePage - Insertion
2023-11-30 12:02:18.821 [main] INFO  page.HomePage - Title is Insertion as expected
2023-11-30 12:02:19.392 [main] INFO  page.HomePage - Try Here Link works as expected...
2023-11-30 12:02:19.472 [main] INFO  page.HomePage - Deletion
2023-11-30 12:02:19.733 [main] INFO  page.HomePage - Title is Deletion as expected
2023-11-30 12:02:20.312 [main] INFO  page.HomePage - Try Here Link works as expected...
2023-11-30 13:20:14.097 [main] INFO  page.HomePage - User is in Home Page as expected
2023-11-30 13:20:14.131 [main] INFO  page.HomePage - User is in Home Page as expected
2023-11-30 13:20:14.413 [main] ERROR page.HomePage - Title is Linked List - Not as expected
2023-11-30 13:31:30.778 [main] INFO  page.HomePage - User is in Home Page as expected
2023-11-30 13:31:30.811 [main] INFO  page.HomePage - User is in Home Page as expected
2023-11-30 13:31:31.079 [main] ERROR page.HomePage - Title is Linked List - Not as expected
2023-11-30 13:42:04.981 [main] INFO  page.HomePage - User is in Home Page as expected
2023-11-30 13:42:05.015 [main] INFO  page.HomePage - User is in Home Page as expected
2023-11-30 13:42:05.313 [main] ERROR page.HomePage - Title is Linked List - Not as expected
2023-11-30 13:43:38.471 [main] INFO  page.HomePage - User is in Home Page as expected
2023-11-30 13:43:38.500 [main] INFO  page.HomePage - User is in Home Page as expected
2023-11-30 13:43:38.804 [main] ERROR page.HomePage - Title is Linked List - Not as expected
2023-11-30 13:47:31.512 [main] INFO  page.HomePage - User is in Home Page as expected
2023-11-30 13:47:31.546 [main] INFO  page.HomePage - User is in Home Page as expected
2023-11-30 13:47:31.836 [main] INFO  page.HomePage - Title is Data Structures-Introduction as expected
2023-11-30 13:50:26.665 [main] INFO  page.HomePage - User is in Home Page as expected
2023-11-30 13:50:26.695 [main] INFO  page.HomePage - User is in Home Page as expected
2023-11-30 13:50:26.973 [main] INFO  page.HomePage - Title is Data Structures-Introduction as expected
2023-11-30 13:53:01.369 [main] INFO  page.HomePage - User is in Home Page as expected
2023-11-30 13:53:01.407 [main] INFO  page.HomePage - User is in Home Page as expected
2023-11-30 13:53:01.700 [main] INFO  page.HomePage - Title is Data Structures-Introduction as expected
2023-11-30 13:54:08.823 [main] INFO  page.HomePage - User is in Home Page as expected
2023-11-30 13:54:08.859 [main] INFO  page.HomePage - User is in Home Page as expected
2023-11-30 13:54:09.161 [main] INFO  page.HomePage - Title is Data Structures-Introduction as expected
2023-11-30 13:57:32.185 [main] INFO  page.HomePage - User is in Home Page as expected
2023-11-30 13:57:32.215 [main] INFO  page.HomePage - User is in Home Page as expected
2023-11-30 13:57:32.496 [main] INFO  page.HomePage - Title is Data Structures-Introduction as expected
2023-11-30 13:59:19.794 [main] INFO  page.HomePage - User is in Home Page as expected
2023-11-30 13:59:19.824 [main] INFO  page.HomePage - User is in Home Page as expected
2023-11-30 13:59:20.123 [main] INFO  page.HomePage - Title is Data Structures-Introduction as expected
2023-11-30 13:59:24.975 [main] INFO  page.HomePage - User is in Home Page as expected
2023-11-30 13:59:25.003 [main] INFO  page.HomePage - User is in Home Page as expected
2023-11-30 13:59:25.293 [main] INFO  page.HomePage - Title is Data Structures-Introduction as expected
2023-11-30 14:44:13.091 [main] INFO  page.HomePage - User is in Home Page as expected
2023-11-30 14:44:13.124 [main] INFO  page.HomePage - User is in Home Page as expected
2023-11-30 14:44:13.374 [main] INFO  page.HomePage - Title is Data Structures-Introduction as expected
2023-11-30 14:44:13.425 [main] INFO  page.HomePage - Time Complexity
2023-11-30 14:44:13.648 [main] INFO  page.HomePage - Title is Time Complexity as expected
2023-11-30 14:44:14.354 [main] DEBUG org.apache.poi.openxml4j.opc.PackageRelationshipCollection - Parsing relationship: /xl/_rels/workbook.xml.rels
2023-11-30 14:44:14.388 [main] DEBUG org.apache.poi.openxml4j.opc.PackageRelationshipCollection - Parsing relationship: /_rels/.rels
2023-11-30 14:44:19.690 [main] INFO  page.HomePage - User is in Home Page as expected
2023-11-30 14:44:19.711 [main] INFO  page.HomePage - User is in Home Page as expected
2023-11-30 14:44:19.961 [main] INFO  page.HomePage - Title is Data Structures-Introduction as expected
2023-11-30 14:44:20.011 [main] INFO  page.HomePage - Time Complexity
2023-11-30 14:44:20.240 [main] INFO  page.HomePage - Title is Time Complexity as expected
2023-11-30 14:44:20.786 [main] DEBUG org.apache.poi.openxml4j.opc.PackageRelationshipCollection - Parsing relationship: /xl/_rels/workbook.xml.rels
2023-11-30 14:44:20.788 [main] DEBUG org.apache.poi.openxml4j.opc.PackageRelationshipCollection - Parsing relationship: /_rels/.rels
2023-11-30 14:54:16.876 [main] INFO  page.HomePage - User is in Home Page as expected
2023-11-30 14:54:16.905 [main] INFO  page.HomePage - User is in Home Page as expected
2023-11-30 14:54:17.126 [main] INFO  page.HomePage - Title is Data Structures-Introduction as expected
2023-11-30 14:54:17.170 [main] INFO  page.HomePage - Time Complexity
2023-11-30 14:54:17.388 [main] INFO  page.HomePage - Title is Time Complexity as expected
2023-11-30 14:54:22.516 [main] INFO  page.HomePage - User is in Home Page as expected
2023-11-30 14:54:22.542 [main] INFO  page.HomePage - User is in Home Page as expected
2023-11-30 14:54:22.796 [main] INFO  page.HomePage - Title is Data Structures-Introduction as expected
2023-11-30 14:54:22.835 [main] INFO  page.HomePage - Time Complexity
2023-11-30 14:54:23.080 [main] INFO  page.HomePage - Title is Time Complexity as expected
2023-11-30 15:00:43.063 [main] INFO  page.HomePage - User is in Home Page as expected
2023-11-30 15:00:43.090 [main] INFO  page.HomePage - User is in Home Page as expected
2023-11-30 15:00:43.315 [main] INFO  page.HomePage - Title is Data Structures-Introduction as expected
2023-11-30 15:00:43.373 [main] INFO  page.HomePage - Time Complexity
2023-11-30 15:00:43.589 [main] INFO  page.HomePage - Title is Time Complexity as expected
2023-11-30 15:00:44.326 [main] DEBUG org.apache.poi.openxml4j.opc.PackageRelationshipCollection - Parsing relationship: /xl/_rels/workbook.xml.rels
2023-11-30 15:00:44.360 [main] DEBUG org.apache.poi.openxml4j.opc.PackageRelationshipCollection - Parsing relationship: /_rels/.rels
2023-11-30 15:00:45.338 [main] INFO  page.HomePage - Try Here Link works as expected...
2023-11-30 15:00:50.052 [main] INFO  page.HomePage - User is in Home Page as expected
2023-11-30 15:00:50.074 [main] INFO  page.HomePage - User is in Home Page as expected
2023-11-30 15:00:50.327 [main] INFO  page.HomePage - Title is Data Structures-Introduction as expected
2023-11-30 15:00:50.384 [main] INFO  page.HomePage - Time Complexity
2023-11-30 15:00:50.611 [main] INFO  page.HomePage - Title is Time Complexity as expected
2023-11-30 15:00:51.200 [main] DEBUG org.apache.poi.openxml4j.opc.PackageRelationshipCollection - Parsing relationship: /xl/_rels/workbook.xml.rels
2023-11-30 15:00:51.202 [main] DEBUG org.apache.poi.openxml4j.opc.PackageRelationshipCollection - Parsing relationship: /_rels/.rels
2023-11-30 15:14:52.581 [main] INFO  page.HomePage - User is in Home Page as expected
2023-11-30 15:14:52.615 [main] INFO  page.HomePage - User is in Home Page as expected
2023-11-30 15:14:52.829 [main] INFO  page.HomePage - Title is Data Structures-Introduction as expected
2023-11-30 15:14:52.876 [main] INFO  page.HomePage - Time Complexity
2023-11-30 15:14:53.095 [main] INFO  page.HomePage - Title is Time Complexity as expected
2023-11-30 15:14:59.231 [main] INFO  page.HomePage - User is in Home Page as expected
2023-11-30 15:14:59.270 [main] INFO  page.HomePage - User is in Home Page as expected
2023-11-30 15:14:59.534 [main] INFO  page.HomePage - Title is Data Structures-Introduction as expected
2023-11-30 15:14:59.582 [main] INFO  page.HomePage - Time Complexity
2023-11-30 15:14:59.815 [main] INFO  page.HomePage - Title is Time Complexity as expected
2023-11-30 15:16:25.404 [main] INFO  page.HomePage - User is in Home Page as expected
2023-11-30 15:16:25.436 [main] INFO  page.HomePage - User is in Home Page as expected
2023-11-30 15:16:25.728 [main] INFO  page.HomePage - Title is Data Structures-Introduction as expected
2023-11-30 15:16:25.786 [main] INFO  page.HomePage - Time Complexity
2023-11-30 15:16:26.010 [main] INFO  page.HomePage - Title is Time Complexity as expected
2023-11-30 15:16:31.963 [main] INFO  page.HomePage - User is in Home Page as expected
2023-11-30 15:16:31.993 [main] INFO  page.HomePage - User is in Home Page as expected
2023-11-30 15:16:32.264 [main] INFO  page.HomePage - Title is Data Structures-Introduction as expected
2023-11-30 15:16:32.323 [main] INFO  page.HomePage - Time Complexity
2023-11-30 15:16:32.531 [main] INFO  page.HomePage - Title is Time Complexity as expected
2023-11-30 15:33:56.270 [main] INFO  page.HomePage - User is in Home Page as expected
2023-11-30 15:33:56.295 [main] INFO  page.HomePage - User is in Home Page as expected
2023-11-30 15:33:56.529 [main] INFO  page.HomePage - Title is Data Structures-Introduction as expected
2023-11-30 15:33:56.577 [main] INFO  page.HomePage - Time Complexity
2023-11-30 15:33:56.800 [main] INFO  page.HomePage - Title is Time Complexity as expected
2023-11-30 15:34:02.668 [main] INFO  page.HomePage - User is in Home Page as expected
2023-11-30 15:34:02.691 [main] INFO  page.HomePage - User is in Home Page as expected
2023-11-30 15:34:02.935 [main] INFO  page.HomePage - Title is Data Structures-Introduction as expected
2023-11-30 15:34:02.985 [main] INFO  page.HomePage - Time Complexity
2023-11-30 15:34:03.190 [main] INFO  page.HomePage - Title is Time Complexity as expected
2023-11-30 15:35:55.793 [main] INFO  page.HomePage - User is in Home Page as expected
2023-11-30 15:35:55.833 [main] INFO  page.HomePage - User is in Home Page as expected
2023-11-30 15:35:56.083 [main] INFO  page.HomePage - Title is Data Structures-Introduction as expected
2023-11-30 15:35:56.134 [main] INFO  page.HomePage - Time Complexity
2023-11-30 15:35:56.357 [main] INFO  page.HomePage - Title is Time Complexity as expected
2023-11-30 15:36:02.633 [main] INFO  page.HomePage - User is in Home Page as expected
2023-11-30 15:36:02.656 [main] INFO  page.HomePage - User is in Home Page as expected
2023-11-30 15:36:02.902 [main] INFO  page.HomePage - Title is Data Structures-Introduction as expected
2023-11-30 15:36:02.951 [main] INFO  page.HomePage - Time Complexity
2023-11-30 15:36:03.185 [main] INFO  page.HomePage - Title is Time Complexity as expected
2023-11-30 15:37:23.563 [main] INFO  page.HomePage - User is in Home Page as expected
2023-11-30 15:37:23.591 [main] INFO  page.HomePage - User is in Home Page as expected
2023-11-30 15:37:23.827 [main] INFO  page.HomePage - Title is Data Structures-Introduction as expected
2023-11-30 15:37:23.875 [main] INFO  page.HomePage - Time Complexity
2023-11-30 15:37:24.113 [main] INFO  page.HomePage - Title is Time Complexity as expected
2023-11-30 15:37:30.329 [main] INFO  page.HomePage - User is in Home Page as expected
2023-11-30 15:37:30.356 [main] INFO  page.HomePage - User is in Home Page as expected
2023-11-30 15:37:30.630 [main] INFO  page.HomePage - Title is Data Structures-Introduction as expected
2023-11-30 15:37:30.661 [main] INFO  page.HomePage - Time Complexity
2023-11-30 15:37:30.882 [main] INFO  page.HomePage - Title is Time Complexity as expected
2023-11-30 15:39:44.690 [main] INFO  page.HomePage - User is in Home Page as expected
2023-11-30 15:39:44.718 [main] INFO  page.HomePage - User is in Home Page as expected
2023-11-30 15:39:44.937 [main] INFO  page.HomePage - Title is Data Structures-Introduction as expected
2023-11-30 15:39:44.980 [main] INFO  page.HomePage - Time Complexity
2023-11-30 15:39:45.197 [main] INFO  page.HomePage - Title is Time Complexity as expected
2023-11-30 15:39:51.600 [main] INFO  page.HomePage - User is in Home Page as expected
2023-11-30 15:39:51.621 [main] INFO  page.HomePage - User is in Home Page as expected
2023-11-30 15:39:51.888 [main] INFO  page.HomePage - Title is Data Structures-Introduction as expected
2023-11-30 15:39:51.923 [main] INFO  page.HomePage - Time Complexity
2023-11-30 15:39:52.160 [main] INFO  page.HomePage - Title is Time Complexity as expected
2023-11-30 15:40:57.654 [main] INFO  page.HomePage - User is in Home Page as expected
2023-11-30 15:40:57.696 [main] INFO  page.HomePage - User is in Home Page as expected
2023-11-30 15:40:57.941 [main] INFO  page.HomePage - Title is Data Structures-Introduction as expected
2023-11-30 15:40:57.987 [main] INFO  page.HomePage - Time Complexity
2023-11-30 15:40:58.205 [main] INFO  page.HomePage - Title is Time Complexity as expected
2023-11-30 15:41:04.485 [main] INFO  page.HomePage - User is in Home Page as expected
2023-11-30 15:41:04.520 [main] INFO  page.HomePage - User is in Home Page as expected
2023-11-30 15:41:04.788 [main] INFO  page.HomePage - Title is Data Structures-Introduction as expected
2023-11-30 15:41:04.834 [main] INFO  page.HomePage - Time Complexity
2023-11-30 15:41:05.051 [main] INFO  page.HomePage - Title is Time Complexity as expected
2023-11-30 15:49:50.316 [main] INFO  page.HomePage - User is in Home Page as expected
2023-11-30 15:49:50.343 [main] INFO  page.HomePage - User is in Home Page as expected
2023-11-30 15:49:50.593 [main] INFO  page.HomePage - Title is Data Structures-Introduction as expected
2023-11-30 15:49:50.643 [main] INFO  page.HomePage - Time Complexity
2023-11-30 15:49:50.868 [main] INFO  page.HomePage - Title is Time Complexity as expected
2023-11-30 15:49:57.069 [main] INFO  page.HomePage - User is in Home Page as expected
2023-11-30 15:49:57.094 [main] INFO  page.HomePage - User is in Home Page as expected
2023-11-30 15:49:57.365 [main] INFO  page.HomePage - Title is Data Structures-Introduction as expected
2023-11-30 15:49:57.405 [main] INFO  page.HomePage - Time Complexity
2023-11-30 15:49:57.599 [main] INFO  page.HomePage - Title is Time Complexity as expected
2023-11-30 15:52:04.661 [main] INFO  page.HomePage - User is in Home Page as expected
2023-11-30 15:52:04.687 [main] INFO  page.HomePage - User is in Home Page as expected
2023-11-30 15:52:04.906 [main] INFO  page.HomePage - Title is Data Structures-Introduction as expected
2023-11-30 15:52:04.951 [main] INFO  page.HomePage - Time Complexity
2023-11-30 15:52:05.163 [main] INFO  page.HomePage - Title is Time Complexity as expected
2023-11-30 15:52:11.490 [main] INFO  page.HomePage - User is in Home Page as expected
2023-11-30 15:52:11.526 [main] INFO  page.HomePage - User is in Home Page as expected
2023-11-30 15:52:11.790 [main] INFO  page.HomePage - Title is Data Structures-Introduction as expected
2023-11-30 15:52:11.836 [main] INFO  page.HomePage - Time Complexity
2023-11-30 15:52:12.073 [main] INFO  page.HomePage - Title is Time Complexity as expected
2023-11-30 15:52:30.211 [main] INFO  page.HomePage - User is in Home Page as expected
2023-11-30 15:52:30.240 [main] INFO  page.HomePage - User is in Home Page as expected
2023-11-30 15:52:30.487 [main] INFO  page.HomePage - Title is Data Structures-Introduction as expected
2023-11-30 15:52:30.537 [main] INFO  page.HomePage - Time Complexity
2023-11-30 15:52:30.781 [main] INFO  page.HomePage - Title is Time Complexity as expected
2023-11-30 15:52:37.271 [main] INFO  page.HomePage - User is in Home Page as expected
2023-11-30 15:52:37.293 [main] INFO  page.HomePage - User is in Home Page as expected
2023-11-30 15:52:37.536 [main] INFO  page.HomePage - Title is Data Structures-Introduction as expected
2023-11-30 15:52:37.581 [main] INFO  page.HomePage - Time Complexity
2023-11-30 15:52:37.797 [main] INFO  page.HomePage - Title is Time Complexity as expected
2023-11-30 15:54:06.310 [main] INFO  page.HomePage - User is in Home Page as expected
2023-11-30 15:54:06.339 [main] INFO  page.HomePage - User is in Home Page as expected
2023-11-30 15:54:06.579 [main] INFO  page.HomePage - Title is Data Structures-Introduction as expected
2023-11-30 15:54:06.628 [main] INFO  page.HomePage - Time Complexity
2023-11-30 15:54:06.850 [main] INFO  page.HomePage - Title is Time Complexity as expected
2023-11-30 15:54:13.076 [main] INFO  page.HomePage - User is in Home Page as expected
2023-11-30 15:54:13.101 [main] INFO  page.HomePage - User is in Home Page as expected
2023-11-30 15:54:13.350 [main] INFO  page.HomePage - Title is Data Structures-Introduction as expected
2023-11-30 15:54:13.396 [main] INFO  page.HomePage - Time Complexity
2023-11-30 15:54:13.643 [main] INFO  page.HomePage - Title is Time Complexity as expected
2023-11-30 15:55:15.919 [main] INFO  page.HomePage - User is in Home Page as expected
2023-11-30 15:55:15.947 [main] INFO  page.HomePage - User is in Home Page as expected
2023-11-30 15:55:16.228 [main] INFO  page.HomePage - Title is Data Structures-Introduction as expected
2023-11-30 15:55:16.297 [main] INFO  page.HomePage - Time Complexity
2023-11-30 15:55:16.537 [main] INFO  page.HomePage - Title is Time Complexity as expected
2023-11-30 15:55:22.901 [main] INFO  page.HomePage - User is in Home Page as expected
2023-11-30 15:55:22.928 [main] INFO  page.HomePage - User is in Home Page as expected
2023-11-30 15:55:23.172 [main] INFO  page.HomePage - Title is Data Structures-Introduction as expected
2023-11-30 15:55:23.220 [main] INFO  page.HomePage - Time Complexity
2023-11-30 15:55:23.428 [main] INFO  page.HomePage - Title is Time Complexity as expected
2023-11-30 16:00:12.739 [main] INFO  page.HomePage - User is in Home Page as expected
2023-11-30 16:00:12.763 [main] INFO  page.HomePage - User is in Home Page as expected
2023-11-30 16:00:13.009 [main] INFO  page.HomePage - Title is Data Structures-Introduction as expected
2023-11-30 16:00:13.059 [main] INFO  page.HomePage - Time Complexity
2023-11-30 16:00:13.291 [main] INFO  page.HomePage - Title is Time Complexity as expected
2023-11-30 16:00:19.416 [main] INFO  page.HomePage - User is in Home Page as expected
2023-11-30 16:00:19.441 [main] INFO  page.HomePage - User is in Home Page as expected
2023-11-30 16:00:19.676 [main] INFO  page.HomePage - Title is Data Structures-Introduction as expected
2023-11-30 16:00:19.716 [main] INFO  page.HomePage - Time Complexity
2023-11-30 16:00:19.955 [main] INFO  page.HomePage - Title is Time Complexity as expected
2023-11-30 16:02:44.923 [main] INFO  page.HomePage - User is in Home Page as expected
2023-11-30 16:02:44.951 [main] INFO  page.HomePage - User is in Home Page as expected
2023-11-30 16:02:45.228 [main] INFO  page.HomePage - Title is Data Structures-Introduction as expected
2023-11-30 16:02:45.277 [main] INFO  page.HomePage - Time Complexity
2023-11-30 16:02:45.499 [main] INFO  page.HomePage - Title is Time Complexity as expected
2023-11-30 16:02:51.841 [main] INFO  page.HomePage - User is in Home Page as expected
2023-11-30 16:02:51.862 [main] INFO  page.HomePage - User is in Home Page as expected
2023-11-30 16:02:52.122 [main] INFO  page.HomePage - Title is Data Structures-Introduction as expected
2023-11-30 16:02:52.184 [main] INFO  page.HomePage - Time Complexity
2023-11-30 16:02:52.396 [main] INFO  page.HomePage - Title is Time Complexity as expected
2023-11-30 16:03:16.639 [main] INFO  page.HomePage - User is in Home Page as expected
2023-11-30 16:03:16.672 [main] INFO  page.HomePage - User is in Home Page as expected
2023-11-30 16:03:16.930 [main] INFO  page.HomePage - Title is Data Structures-Introduction as expected
2023-11-30 16:03:16.977 [main] INFO  page.HomePage - Time Complexity
2023-11-30 16:03:17.214 [main] INFO  page.HomePage - Title is Time Complexity as expected
2023-11-30 16:03:23.407 [main] INFO  page.HomePage - User is in Home Page as expected
2023-11-30 16:03:23.433 [main] INFO  page.HomePage - User is in Home Page as expected
2023-11-30 16:03:23.670 [main] INFO  page.HomePage - Title is Data Structures-Introduction as expected
2023-11-30 16:03:23.731 [main] INFO  page.HomePage - Time Complexity
2023-11-30 16:03:23.948 [main] INFO  page.HomePage - Title is Time Complexity as expected
2023-11-30 16:24:40.150 [main] INFO  page.HomePage - User is in Home Page as expected
2023-11-30 16:24:40.178 [main] INFO  page.HomePage - User is in Home Page as expected
2023-11-30 16:24:40.477 [main] ERROR page.HomePage - Title is Tree - Not as expected
2023-11-30 16:24:40.525 [main] INFO  page.HomePage - Overview of Trees
2023-11-30 16:24:40.796 [main] INFO  page.HomePage - Title is Overview of Trees as expected
2023-11-30 16:24:42.279 [main] INFO  page.HomePage - Terminologies
2023-11-30 16:24:42.512 [main] INFO  page.HomePage - Title is Terminologies as expected
2023-11-30 16:24:43.602 [main] INFO  page.HomePage - Types of Trees
2023-11-30 16:24:43.878 [main] INFO  page.HomePage - Title is Types of Trees as expected
2023-11-30 16:24:44.917 [main] INFO  page.HomePage - Tree Traversals
2023-11-30 16:24:45.204 [main] INFO  page.HomePage - Title is Tree Traversals as expected
2023-11-30 16:24:46.263 [main] INFO  page.HomePage - Traversals-Illustration
2023-11-30 16:24:46.556 [main] INFO  page.HomePage - Title is Traversals-Illustration as expected
2023-11-30 16:24:47.613 [main] INFO  page.HomePage - Binary Trees
2023-11-30 16:24:47.936 [main] INFO  page.HomePage - Title is Binary Trees as expected
2023-11-30 16:24:49.017 [main] INFO  page.HomePage - Types of Binary Trees
2023-11-30 16:24:49.399 [main] INFO  page.HomePage - Title is Types of Binary Trees as expected
2023-11-30 16:24:50.486 [main] INFO  page.HomePage - Implementation in Python
2023-11-30 16:24:50.725 [main] INFO  page.HomePage - Title is Implementation in Python as expected
2023-11-30 16:24:51.818 [main] INFO  page.HomePage - Binary Tree Traversals
2023-11-30 16:24:52.164 [main] INFO  page.HomePage - Title is Binary Tree Traversals as expected
2023-11-30 16:24:53.254 [main] INFO  page.HomePage - Implementation of Binary Trees
2023-11-30 16:24:53.501 [main] INFO  page.HomePage - Title is Implementation of Binary Trees as expected
2023-11-30 16:24:54.563 [main] INFO  page.HomePage - Applications of Binary trees
2023-11-30 16:24:54.824 [main] INFO  page.HomePage - Title is Applications of Binary trees as expected
2023-11-30 16:24:55.936 [main] INFO  page.HomePage - Binary Search Trees
2023-11-30 16:24:56.578 [main] INFO  page.HomePage - Title is Binary Search Trees as expected
2023-11-30 16:24:57.660 [main] INFO  page.HomePage - Implementation Of BST
2023-11-30 16:24:57.924 [main] INFO  page.HomePage - Title is Implementation Of BST as expected
2023-11-30 16:25:03.669 [main] INFO  page.HomePage - User is in Home Page as expected
2023-11-30 16:25:03.684 [main] INFO  page.HomePage - User is in Home Page as expected
2023-11-30 16:25:03.955 [main] ERROR page.HomePage - Title is Tree - Not as expected
2023-11-30 16:25:03.992 [main] INFO  page.HomePage - Overview of Trees
2023-11-30 16:25:04.284 [main] INFO  page.HomePage - Title is Overview of Trees as expected
2023-11-30 16:25:05.653 [main] INFO  page.HomePage - Terminologies
2023-11-30 16:25:05.869 [main] INFO  page.HomePage - Title is Terminologies as expected
2023-11-30 16:25:06.924 [main] INFO  page.HomePage - Types of Trees
2023-11-30 16:25:07.198 [main] INFO  page.HomePage - Title is Types of Trees as expected
2023-11-30 16:25:08.250 [main] INFO  page.HomePage - Tree Traversals
2023-11-30 16:25:08.522 [main] INFO  page.HomePage - Title is Tree Traversals as expected
2023-11-30 16:25:09.608 [main] INFO  page.HomePage - Traversals-Illustration
2023-11-30 16:25:09.888 [main] INFO  page.HomePage - Title is Traversals-Illustration as expected
2023-11-30 16:25:10.932 [main] INFO  page.HomePage - Binary Trees
2023-11-30 16:25:11.254 [main] INFO  page.HomePage - Title is Binary Trees as expected
2023-11-30 16:25:12.310 [main] INFO  page.HomePage - Types of Binary Trees
2023-11-30 16:25:12.645 [main] INFO  page.HomePage - Title is Types of Binary Trees as expected
2023-11-30 16:25:13.742 [main] INFO  page.HomePage - Implementation in Python
2023-11-30 16:25:13.961 [main] INFO  page.HomePage - Title is Implementation in Python as expected
2023-11-30 16:25:15.008 [main] INFO  page.HomePage - Binary Tree Traversals
2023-11-30 16:25:15.290 [main] INFO  page.HomePage - Title is Binary Tree Traversals as expected
2023-11-30 16:25:16.404 [main] INFO  page.HomePage - Implementation of Binary Trees
2023-11-30 16:25:16.659 [main] INFO  page.HomePage - Title is Implementation of Binary Trees as expected
2023-11-30 16:25:17.741 [main] INFO  page.HomePage - Applications of Binary trees
2023-11-30 16:25:18.011 [main] INFO  page.HomePage - Title is Applications of Binary trees as expected
2023-11-30 16:25:19.108 [main] INFO  page.HomePage - Binary Search Trees
2023-11-30 16:25:19.572 [main] INFO  page.HomePage - Title is Binary Search Trees as expected
2023-11-30 16:25:20.642 [main] INFO  page.HomePage - Implementation Of BST
2023-11-30 16:25:20.897 [main] INFO  page.HomePage - Title is Implementation Of BST as expected
2023-11-30 16:30:23.077 [main] INFO  page.HomePage - User is in Home Page as expected
2023-11-30 16:30:23.106 [main] INFO  page.HomePage - User is in Home Page as expected
2023-11-30 16:30:23.355 [main] INFO  page.HomePage - Title is Data Structures-Introduction as expected
2023-11-30 16:30:23.401 [main] INFO  page.HomePage - Time Complexity
2023-11-30 16:30:23.627 [main] INFO  page.HomePage - Title is Time Complexity as expected
2023-11-30 16:30:24.541 [main] INFO  page.HomePage - Try Here Link works as expected...
2023-11-30 16:30:25.007 [main] INFO  page.HomePage - Try Here Link works as expected...
2023-11-30 16:30:29.507 [main] INFO  page.HomePage - User is in Home Page as expected
2023-11-30 16:30:29.530 [main] INFO  page.HomePage - User is in Home Page as expected
2023-11-30 16:30:29.780 [main] INFO  page.HomePage - Title is Data Structures-Introduction as expected
2023-11-30 16:30:29.831 [main] INFO  page.HomePage - Time Complexity
2023-11-30 16:30:30.044 [main] INFO  page.HomePage - Title is Time Complexity as expected
2023-11-30 16:30:30.924 [main] INFO  page.HomePage - Try Here Link works as expected...
2023-11-30 16:30:31.366 [main] INFO  page.HomePage - Try Here Link works as expected...
