2023-11-20 13:54:23.722 [main] INFO  page.PortalPage - Opening Portal Page...
2023-11-20 13:54:24.029 [main] INFO  page.PortalPage - Clicking Get started button....
2023-11-20 13:54:24.494 [main] INFO  page.HomePage - Opening home page...
2023-11-20 13:54:24.607 [main] INFO  page.HomePage - USER IS IN HOME PAGE
2023-11-20 13:54:24.610 [main] INFO  page.HomePage - Click on data structures link
2023-11-20 14:06:52.270 [main] INFO  page.PortalPage - Opening Portal Page...
2023-11-20 14:06:52.599 [main] INFO  page.PortalPage - Clicking Get started button....
2023-11-20 14:06:53.109 [main] INFO  page.HomePage - Opening home page...
2023-11-20 14:06:53.206 [main] INFO  page.HomePage - USER IS IN HOME PAGE
2023-11-20 14:06:53.209 [main] INFO  page.HomePage - Clicking on data structures link
2023-11-20 14:07:43.173 [main] INFO  page.PortalPage - Opening Portal Page...
2023-11-20 14:07:43.506 [main] INFO  page.PortalPage - Clicking Get started button....
2023-11-20 14:07:43.979 [main] INFO  page.HomePage - Opening home page...
2023-11-20 14:07:44.073 [main] INFO  page.HomePage - USER IS IN HOME PAGE
2023-11-20 14:07:44.075 [main] INFO  page.HomePage - Clicking on data structures link
2023-11-20 14:28:33.122 [main] INFO  page.PortalPage - Opening Portal Page...
2023-11-20 14:28:33.432 [main] INFO  page.PortalPage - Clicking Get started button....
2023-11-20 14:28:33.893 [main] INFO  page.HomePage - Opening home page...
2023-11-20 14:28:34.000 [main] INFO  page.HomePage - USER IS IN HOME PAGE
2023-11-20 14:28:34.002 [main] INFO  page.HomePage - Clicking on data structures link
2023-11-20 14:28:34.160 [main] INFO  page.HomePage - 6 items available in the DataStructure dropdown
2023-11-20 15:03:45.174 [main] INFO  page.PortalPage - Opening Portal Page...
2023-11-20 15:03:45.520 [main] INFO  page.PortalPage - Clicking Get started button....
2023-11-20 15:03:46.062 [main] INFO  page.HomePage - Opening home page...
2023-11-20 15:03:46.150 [main] INFO  page.HomePage - USER IS IN HOME PAGE
2023-11-20 15:03:46.152 [main] INFO  page.HomePage - Clicking on data structures link
2023-11-20 15:03:46.252 [main] INFO  page.HomePage - 6 items available in the DataStructure dropdown
2023-11-20 15:03:49.472 [main] INFO  page.PortalPage - Opening Portal Page...
2023-11-20 15:03:49.825 [main] INFO  page.PortalPage - Clicking Get started button....
2023-11-20 15:03:50.367 [main] INFO  page.HomePage - Opening home page...
2023-11-20 15:03:50.426 [main] INFO  page.HomePage - USER IS IN HOME PAGE
2023-11-20 15:14:27.414 [main] INFO  page.PortalPage - Opening Portal Page...
2023-11-20 15:14:27.734 [main] INFO  page.PortalPage - Clicking Get started button....
2023-11-20 15:14:28.170 [main] INFO  page.HomePage - Opening home page...
2023-11-20 15:14:28.279 [main] INFO  page.HomePage - USER IS IN HOME PAGE
2023-11-20 15:14:28.282 [main] INFO  page.HomePage - Clicking on data structures link
2023-11-20 15:14:28.386 [main] INFO  page.HomePage - 6 items available in the DataStructure dropdown
2023-11-20 15:14:31.591 [main] INFO  page.PortalPage - Opening Portal Page...
2023-11-20 15:14:31.900 [main] INFO  page.PortalPage - Clicking Get started button....
2023-11-20 15:14:32.347 [main] INFO  page.HomePage - Opening home page...
2023-11-20 15:14:32.418 [main] INFO  page.HomePage - USER IS IN HOME PAGE
2023-11-20 15:16:30.386 [main] INFO  page.PortalPage - Opening Portal Page...
2023-11-20 15:16:30.732 [main] INFO  page.PortalPage - Clicking Get started button....
2023-11-20 15:16:31.137 [main] INFO  page.HomePage - Opening home page...
2023-11-20 15:16:31.230 [main] INFO  page.HomePage - USER IS IN HOME PAGE
2023-11-20 15:16:31.233 [main] INFO  page.HomePage - Clicking on data structures link
2023-11-20 15:16:31.330 [main] INFO  page.HomePage - 6 items available in the DataStructure dropdown
2023-11-20 15:16:34.634 [main] INFO  page.PortalPage - Opening Portal Page...
2023-11-20 15:16:34.868 [main] INFO  page.PortalPage - Clicking Get started button....
2023-11-20 15:16:35.414 [main] INFO  page.HomePage - Opening home page...
2023-11-20 15:16:35.479 [main] INFO  page.HomePage - USER IS IN HOME PAGE
2023-11-20 15:16:35.482 [main] INFO  page.HomePage - Clicking on array link
2023-11-20 15:19:51.815 [main] INFO  page.PortalPage - Opening Portal Page...
2023-11-20 15:19:52.194 [main] INFO  page.PortalPage - Clicking Get started button....
2023-11-20 15:19:52.575 [main] INFO  page.HomePage - Opening home page...
2023-11-20 15:19:52.686 [main] INFO  page.HomePage - USER IS IN HOME PAGE
2023-11-20 15:19:52.689 [main] INFO  page.HomePage - Clicking on data structures link
2023-11-20 15:19:52.790 [main] INFO  page.HomePage - 6 items available in the DataStructure dropdown
2023-11-20 15:19:56.114 [main] INFO  page.PortalPage - Opening Portal Page...
2023-11-20 15:19:56.397 [main] INFO  page.PortalPage - Clicking Get started button....
2023-11-20 15:19:56.823 [main] INFO  page.HomePage - Opening home page...
2023-11-20 15:19:56.880 [main] INFO  page.HomePage - USER IS IN HOME PAGE
2023-11-20 15:19:56.881 [main] INFO  page.HomePage - Clicking on array link
2023-11-20 15:21:17.210 [main] INFO  page.PortalPage - Opening Portal Page...
2023-11-20 15:21:17.574 [main] INFO  page.PortalPage - Clicking Get started button....
2023-11-20 15:21:18.072 [main] INFO  page.HomePage - Opening home page...
2023-11-20 15:21:18.143 [main] INFO  page.HomePage - USER IS IN HOME PAGE
2023-11-20 15:21:18.146 [main] INFO  page.HomePage - Clicking on data structures link
2023-11-20 15:21:18.248 [main] INFO  page.HomePage - 6 items available in the DataStructure dropdown
2023-11-20 15:21:21.645 [main] INFO  page.PortalPage - Opening Portal Page...
2023-11-20 15:21:21.864 [main] INFO  page.PortalPage - Clicking Get started button....
2023-11-20 15:21:22.367 [main] INFO  page.HomePage - Opening home page...
2023-11-20 15:21:22.424 [main] INFO  page.HomePage - USER IS IN HOME PAGE
2023-11-20 15:21:22.424 [main] INFO  page.HomePage - Clicking on array link
2023-11-20 15:21:22.746 [main] INFO  page.HomePage - You are not logged in is displayed as expected
2023-11-20 15:33:58.762 [main] INFO  page.PortalPage - Opening Portal Page...
2023-11-20 15:33:59.107 [main] INFO  page.PortalPage - Clicking Get started button....
2023-11-20 15:33:59.535 [main] INFO  page.HomePage - Opening home page...
2023-11-20 15:33:59.612 [main] INFO  page.HomePage - USER IS IN HOME PAGE
2023-11-20 15:33:59.615 [main] INFO  page.HomePage - Clicking on data structures link
2023-11-20 15:33:59.729 [main] INFO  page.HomePage - 6 items available in the DataStructure dropdown
2023-11-20 15:34:03.226 [main] INFO  page.PortalPage - Opening Portal Page...
2023-11-20 15:34:03.609 [main] INFO  page.PortalPage - Clicking Get started button....
2023-11-20 15:34:04.085 [main] INFO  page.HomePage - Opening home page...
2023-11-20 15:34:04.147 [main] INFO  page.HomePage - USER IS IN HOME PAGE
2023-11-20 15:34:04.148 [main] INFO  page.HomePage - Clicking on array link
2023-11-20 15:34:04.453 [main] INFO  page.HomePage - You are not logged in is displayed as expected
2023-11-20 15:34:07.682 [main] INFO  page.PortalPage - Opening Portal Page...
2023-11-20 15:34:08.046 [main] INFO  page.PortalPage - Clicking Get started button....
2023-11-20 15:34:08.474 [main] INFO  page.HomePage - Opening home page...
2023-11-20 15:34:08.530 [main] INFO  page.HomePage - USER IS IN HOME PAGE
2023-11-20 15:34:08.879 [main] INFO  page.HomePage - You are not logged in is displayed as expected
2023-11-20 16:02:35.431 [main] INFO  page.PortalPage - Opening Portal Page...
2023-11-20 16:02:35.769 [main] INFO  page.PortalPage - Clicking Get started button....
2023-11-20 16:02:36.202 [main] INFO  page.HomePage - Opening home page...
2023-11-20 16:02:36.310 [main] INFO  page.HomePage - USER IS IN HOME PAGE
2023-11-20 16:02:36.312 [main] INFO  page.HomePage - Clicking on data structures link
2023-11-20 16:02:36.407 [main] INFO  page.HomePage - 6 items available in the DataStructure dropdown
2023-11-20 16:02:39.788 [main] INFO  page.PortalPage - Opening Portal Page...
2023-11-20 16:02:40.190 [main] INFO  page.PortalPage - Clicking Get started button....
2023-11-20 16:02:40.597 [main] INFO  page.HomePage - Opening home page...
2023-11-20 16:02:40.673 [main] INFO  page.HomePage - USER IS IN HOME PAGE
2023-11-20 16:02:40.673 [main] INFO  page.HomePage - Clicking on array link
2023-11-20 16:02:40.993 [main] INFO  page.HomePage - You are not logged in is displayed as expected
2023-11-20 16:02:44.249 [main] INFO  page.PortalPage - Opening Portal Page...
2023-11-20 16:02:44.448 [main] INFO  page.PortalPage - Clicking Get started button....
2023-11-20 16:02:44.955 [main] INFO  page.HomePage - Opening home page...
2023-11-20 16:02:45.011 [main] INFO  page.HomePage - USER IS IN HOME PAGE
2023-11-20 16:02:45.351 [main] INFO  page.HomePage - You are not logged in is displayed as expected
2023-11-20 16:03:31.647 [main] INFO  page.PortalPage - Opening Portal Page...
2023-11-20 16:03:32.047 [main] INFO  page.PortalPage - Clicking Get started button....
2023-11-20 16:03:32.411 [main] INFO  page.HomePage - Opening home page...
2023-11-20 16:03:32.495 [main] INFO  page.HomePage - USER IS IN HOME PAGE
2023-11-20 16:03:32.497 [main] INFO  page.HomePage - Clicking on data structures link
2023-11-20 16:03:32.604 [main] INFO  page.HomePage - 6 items available in the DataStructure dropdown
2023-11-20 16:03:35.912 [main] INFO  page.PortalPage - Opening Portal Page...
2023-11-20 16:03:36.248 [main] INFO  page.PortalPage - Clicking Get started button....
2023-11-20 16:03:36.661 [main] INFO  page.HomePage - Opening home page...
2023-11-20 16:03:36.720 [main] INFO  page.HomePage - USER IS IN HOME PAGE
2023-11-20 16:03:36.722 [main] INFO  page.HomePage - Clicking on array link
2023-11-20 16:03:36.997 [main] INFO  page.HomePage - You are not logged in is displayed as expected
2023-11-20 16:03:40.220 [main] INFO  page.PortalPage - Opening Portal Page...
2023-11-20 16:03:40.539 [main] INFO  page.PortalPage - Clicking Get started button....
2023-11-20 16:03:40.976 [main] INFO  page.HomePage - Opening home page...
2023-11-20 16:03:41.044 [main] INFO  page.HomePage - USER IS IN HOME PAGE
2023-11-20 16:03:41.397 [main] INFO  page.HomePage - You are not logged in is displayed as expected
2023-11-20 16:03:44.863 [main] INFO  page.PortalPage - Opening Portal Page...
2023-11-20 16:03:45.202 [main] INFO  page.PortalPage - Clicking Get started button....
2023-11-20 16:03:45.620 [main] INFO  page.HomePage - Opening home page...
2023-11-20 16:03:45.696 [main] INFO  page.HomePage - USER IS IN HOME PAGE
2023-11-20 16:03:45.696 [main] INFO  page.HomePage - Clicking on sign in link...
2023-11-20 16:03:45.920 [main] INFO  page.HomePage - Opening home page...
2023-11-20 16:03:45.975 [main] INFO  page.HomePage - USER IS IN HOME PAGE
2023-11-20 16:03:49.325 [main] INFO  page.PortalPage - Opening Portal Page...
2023-11-20 16:03:49.683 [main] INFO  page.PortalPage - Clicking Get started button....
2023-11-20 16:03:50.126 [main] INFO  page.HomePage - Opening home page...
2023-11-20 16:03:50.185 [main] INFO  page.HomePage - USER IS IN HOME PAGE
2023-11-20 16:03:50.185 [main] INFO  page.HomePage - Clicking on Register link...
2023-11-20 16:03:50.448 [main] INFO  page.HomePage - USER IS IN REGISTER PAGE
2023-11-20 19:39:19.242 [main] INFO  page.PortalPage - Opening Portal Page...
2023-11-20 19:39:19.445 [main] INFO  page.PortalPage - Clicking Get started button....
2023-11-20 19:39:19.969 [main] INFO  page.HomePage - Opening home page...
2023-11-20 19:39:20.049 [main] INFO  page.HomePage - USER IS IN HOME PAGE
2023-11-20 19:39:20.052 [main] INFO  page.HomePage - Clicking on data structures link
2023-11-20 19:39:20.170 [main] INFO  page.HomePage - 6 items available in the DataStructure dropdown
2023-11-20 19:39:23.702 [main] INFO  page.PortalPage - Opening Portal Page...
2023-11-20 19:39:24.045 [main] INFO  page.PortalPage - Clicking Get started button....
2023-11-20 19:39:24.517 [main] INFO  page.HomePage - Opening home page...
2023-11-20 19:39:24.587 [main] INFO  page.HomePage - USER IS IN HOME PAGE
2023-11-20 19:39:24.588 [main] INFO  page.HomePage - Clicking on array link
2023-11-20 19:39:24.947 [main] INFO  page.HomePage - You are not logged in is displayed as expected
2023-11-20 19:39:28.369 [main] INFO  page.PortalPage - Opening Portal Page...
2023-11-20 19:39:28.659 [main] INFO  page.PortalPage - Clicking Get started button....
2023-11-20 19:39:29.133 [main] INFO  page.HomePage - Opening home page...
2023-11-20 19:39:29.197 [main] INFO  page.HomePage - USER IS IN HOME PAGE
2023-11-20 19:39:29.601 [main] INFO  page.HomePage - You are not logged in is displayed as expected
2023-11-20 19:39:33.008 [main] INFO  page.PortalPage - Opening Portal Page...
2023-11-20 19:39:33.329 [main] INFO  page.PortalPage - Clicking Get started button....
2023-11-20 19:39:33.851 [main] INFO  page.HomePage - Opening home page...
2023-11-20 19:39:33.907 [main] INFO  page.HomePage - USER IS IN HOME PAGE
2023-11-20 19:39:33.907 [main] INFO  page.HomePage - Clicking on sign in link...
2023-11-20 19:39:34.169 [main] INFO  page.HomePage - USER IS IN SIGN IN PAGE
2023-11-20 19:39:37.517 [main] INFO  page.PortalPage - Opening Portal Page...
2023-11-20 19:39:37.850 [main] INFO  page.PortalPage - Clicking Get started button....
2023-11-20 19:39:38.346 [main] INFO  page.HomePage - Opening home page...
2023-11-20 19:39:38.406 [main] INFO  page.HomePage - USER IS IN HOME PAGE
2023-11-20 19:39:38.407 [main] INFO  page.HomePage - Clicking on Register link...
2023-11-20 19:39:38.681 [main] INFO  page.HomePage - USER IS IN REGISTER PAGE
2023-11-20 19:39:42.189 [main] INFO  page.PortalPage - Opening Portal Page...
2023-11-20 19:39:42.514 [main] INFO  page.PortalPage - Clicking Get started button....
2023-11-20 19:39:42.985 [main] INFO  page.HomePage - Opening home page...
2023-11-20 19:39:43.038 [main] INFO  page.HomePage - USER IS IN HOME PAGE
2023-11-20 19:44:08.486 [main] INFO  page.PortalPage - Opening Portal Page...
2023-11-20 19:44:08.834 [main] INFO  page.PortalPage - Clicking Get started button....
2023-11-20 19:44:09.349 [main] INFO  page.HomePage - Opening home page...
2023-11-20 19:44:09.423 [main] INFO  page.HomePage - USER IS IN HOME PAGE
2023-11-20 19:44:09.431 [main] INFO  page.HomePage - Clicking on data structures link
2023-11-20 19:44:09.556 [main] INFO  page.HomePage - 6 items available in the DataStructure dropdown
2023-11-20 19:44:13.154 [main] INFO  page.PortalPage - Opening Portal Page...
2023-11-20 19:44:13.506 [main] INFO  page.PortalPage - Clicking Get started button....
2023-11-20 19:44:13.911 [main] INFO  page.HomePage - Opening home page...
2023-11-20 19:44:13.981 [main] INFO  page.HomePage - USER IS IN HOME PAGE
2023-11-20 19:44:13.982 [main] INFO  page.HomePage - Clicking on array link
2023-11-20 19:44:14.337 [main] INFO  page.HomePage - You are not logged in is displayed as expected
2023-11-20 19:44:17.824 [main] INFO  page.PortalPage - Opening Portal Page...
2023-11-20 19:44:18.218 [main] INFO  page.PortalPage - Clicking Get started button....
2023-11-20 19:44:18.662 [main] INFO  page.HomePage - Opening home page...
2023-11-20 19:44:18.735 [main] INFO  page.HomePage - USER IS IN HOME PAGE
2023-11-20 19:44:19.195 [main] INFO  page.HomePage - You are not logged in is displayed as expected
2023-11-20 19:44:22.628 [main] INFO  page.PortalPage - Opening Portal Page...
2023-11-20 19:44:22.863 [main] INFO  page.PortalPage - Clicking Get started button....
2023-11-20 19:44:23.407 [main] INFO  page.HomePage - Opening home page...
2023-11-20 19:44:23.471 [main] INFO  page.HomePage - USER IS IN HOME PAGE
2023-11-20 19:44:23.472 [main] INFO  page.HomePage - Clicking on sign in link...
2023-11-20 19:44:23.711 [main] INFO  page.HomePage - USER IS IN SIGN IN PAGE
2023-11-20 19:44:27.178 [main] INFO  page.PortalPage - Opening Portal Page...
2023-11-20 19:44:27.523 [main] INFO  page.PortalPage - Clicking Get started button....
2023-11-20 19:44:27.962 [main] INFO  page.HomePage - Opening home page...
2023-11-20 19:44:28.013 [main] INFO  page.HomePage - USER IS IN HOME PAGE
2023-11-20 19:44:28.014 [main] INFO  page.HomePage - Clicking on Register link...
2023-11-20 19:44:28.258 [main] INFO  page.HomePage - USER IS IN REGISTER PAGE
2023-11-20 19:44:31.596 [main] INFO  page.PortalPage - Opening Portal Page...
2023-11-20 19:44:31.941 [main] INFO  page.PortalPage - Clicking Get started button....
2023-11-20 19:44:32.374 [main] INFO  page.HomePage - Opening home page...
2023-11-20 19:44:32.566 [main] INFO  page.HomePage - USER IS IN HOME PAGE
2023-11-20 20:04:50.332 [main] INFO  page.PortalPage - Opening Portal Page...
2023-11-20 20:04:50.888 [main] INFO  page.PortalPage - Clicking Get started button....
2023-11-20 20:04:51.690 [main] INFO  page.HomePage - Opening home page...
2023-11-20 20:04:51.769 [main] INFO  page.HomePage - USER IS IN HOME PAGE
2023-11-20 20:04:51.772 [main] INFO  page.HomePage - Clicking on data structures link
2023-11-20 20:04:52.059 [main] INFO  page.HomePage - 6 items available in the DataStructure dropdown
2023-11-20 20:04:57.142 [main] INFO  page.PortalPage - Opening Portal Page...
2023-11-20 20:04:57.603 [main] INFO  page.PortalPage - Clicking Get started button....
2023-11-20 20:04:58.358 [main] INFO  page.HomePage - Opening home page...
2023-11-20 20:04:58.416 [main] INFO  page.HomePage - USER IS IN HOME PAGE
2023-11-20 20:04:58.417 [main] INFO  page.HomePage - Clicking on array link
2023-11-20 20:04:58.810 [main] INFO  page.HomePage - You are not logged in is displayed as expected
2023-11-20 20:05:04.231 [main] INFO  page.PortalPage - Opening Portal Page...
2023-11-20 20:05:04.776 [main] INFO  page.PortalPage - Clicking Get started button....
2023-11-20 20:05:05.568 [main] INFO  page.HomePage - Opening home page...
2023-11-20 20:05:05.619 [main] INFO  page.HomePage - USER IS IN HOME PAGE
2023-11-20 20:05:06.226 [main] INFO  page.HomePage - You are not logged in is displayed as expected
2023-11-20 20:05:11.323 [main] INFO  page.PortalPage - Opening Portal Page...
2023-11-20 20:05:11.912 [main] INFO  page.PortalPage - Clicking Get started button....
2023-11-20 20:05:12.622 [main] INFO  page.HomePage - Opening home page...
2023-11-20 20:05:12.668 [main] INFO  page.HomePage - USER IS IN HOME PAGE
2023-11-20 20:05:12.669 [main] INFO  page.HomePage - Clicking on sign in link...
2023-11-20 20:05:13.003 [main] INFO  page.HomePage - USER IS IN SIGN IN PAGE
2023-11-20 20:05:18.201 [main] INFO  page.PortalPage - Opening Portal Page...
2023-11-20 20:05:18.788 [main] INFO  page.PortalPage - Clicking Get started button....
2023-11-20 20:05:19.511 [main] INFO  page.HomePage - Opening home page...
2023-11-20 20:05:19.550 [main] INFO  page.HomePage - USER IS IN HOME PAGE
2023-11-20 20:05:19.551 [main] INFO  page.HomePage - Clicking on Register link...
2023-11-20 20:05:19.885 [main] INFO  page.HomePage - USER IS IN REGISTER PAGE
2023-11-20 20:05:24.784 [main] INFO  page.PortalPage - Opening Portal Page...
2023-11-20 20:05:25.372 [main] INFO  page.PortalPage - Clicking Get started button....
2023-11-20 20:05:26.074 [main] INFO  page.HomePage - Opening home page...
2023-11-20 20:05:26.134 [main] INFO  page.HomePage - USER IS IN HOME PAGE
2023-11-20 21:43:10.823 [main] INFO  page.PortalPage - Opening Portal Page...
2023-11-20 21:43:11.379 [main] INFO  page.PortalPage - Clicking Get started button....
2023-11-20 21:43:12.088 [main] INFO  page.HomePage - Opening home page...
2023-11-20 21:43:12.148 [main] INFO  page.HomePage - USER IS IN HOME PAGE
2023-11-20 21:43:16.983 [main] INFO  page.PortalPage - Opening Portal Page...
2023-11-20 21:43:17.456 [main] INFO  page.PortalPage - Clicking Get started button....
2023-11-20 21:43:18.103 [main] INFO  page.HomePage - Opening home page...
2023-11-20 21:43:18.148 [main] INFO  page.HomePage - USER IS IN HOME PAGE
2023-11-20 21:43:18.148 [main] INFO  page.HomePage - Clicking on data structures link
2023-11-20 21:43:18.431 [main] INFO  page.HomePage - 6 items available in the DataStructure dropdown
2023-11-20 21:43:22.925 [main] INFO  page.PortalPage - Opening Portal Page...
2023-11-20 21:43:23.383 [main] INFO  page.PortalPage - Clicking Get started button....
2023-11-20 21:43:24.073 [main] INFO  page.HomePage - Opening home page...
2023-11-20 21:43:24.114 [main] INFO  page.HomePage - USER IS IN HOME PAGE
2023-11-20 21:43:24.115 [main] INFO  page.HomePage - Clicking on array link
2023-11-20 21:43:24.472 [main] INFO  page.HomePage - You are not logged in is displayed as expected
2023-11-20 21:43:29.249 [main] INFO  page.PortalPage - Opening Portal Page...
2023-11-20 21:43:29.740 [main] INFO  page.PortalPage - Clicking Get started button....
2023-11-20 21:43:30.389 [main] INFO  page.HomePage - Opening home page...
2023-11-20 21:43:30.436 [main] INFO  page.HomePage - USER IS IN HOME PAGE
2023-11-20 21:43:31.077 [main] INFO  page.HomePage - You are not logged in is displayed as expected
2023-11-20 21:43:35.830 [main] INFO  page.PortalPage - Opening Portal Page...
2023-11-20 21:43:36.324 [main] INFO  page.PortalPage - Clicking Get started button....
2023-11-20 21:43:36.914 [main] INFO  page.HomePage - Opening home page...
2023-11-20 21:43:36.957 [main] INFO  page.HomePage - USER IS IN HOME PAGE
2023-11-20 21:43:36.957 [main] INFO  page.HomePage - Clicking on sign in link...
2023-11-20 21:43:37.313 [main] INFO  page.HomePage - USER IS IN SIGN IN PAGE
2023-11-20 21:43:42.039 [main] INFO  page.PortalPage - Opening Portal Page...
2023-11-20 21:43:42.593 [main] INFO  page.PortalPage - Clicking Get started button....
2023-11-20 21:43:43.243 [main] INFO  page.HomePage - Opening home page...
2023-11-20 21:43:43.301 [main] INFO  page.HomePage - USER IS IN HOME PAGE
2023-11-20 21:43:43.302 [main] INFO  page.HomePage - Clicking on Register link...
2023-11-20 21:43:43.645 [main] INFO  page.HomePage - USER IS IN REGISTER PAGE
