2023-12-06 11:29:44.755 [main] INFO  page.PortalPage - Opening Portal Page...
2023-12-06 11:29:45.098 [main] INFO  page.PortalPage - Clicking Get started button....
2023-12-06 11:29:45.590 [main] INFO  page.HomePage - Opening home page...
2023-12-06 11:29:45.677 [main] INFO  page.HomePage - USER IS IN HOME PAGE
2023-12-06 11:29:48.930 [main] INFO  page.PortalPage - Opening Portal Page...
2023-12-06 11:29:49.260 [main] INFO  page.PortalPage - Clicking Get started button....
2023-12-06 11:29:49.725 [main] INFO  page.HomePage - Opening home page...
2023-12-06 11:29:49.786 [main] INFO  page.HomePage - USER IS IN HOME PAGE
2023-12-06 11:29:49.788 [main] INFO  page.HomePage - Clicking on data structures link
2023-12-06 11:29:49.929 [main] INFO  page.HomePage - 6 items available in the DataStructure dropdown
2023-12-06 11:29:53.037 [main] INFO  page.PortalPage - Opening Portal Page...
2023-12-06 11:29:53.350 [main] INFO  page.PortalPage - Clicking Get started button....
2023-12-06 11:29:53.828 [main] INFO  page.HomePage - Opening home page...
2023-12-06 11:29:53.895 [main] INFO  page.HomePage - USER IS IN HOME PAGE
2023-12-06 11:29:53.896 [main] INFO  page.HomePage - Clicking on array link
2023-12-06 11:29:54.241 [main] INFO  page.HomePage - You are not logged in is displayed as expected
2023-12-06 11:29:57.600 [main] INFO  page.PortalPage - Opening Portal Page...
2023-12-06 11:29:57.842 [main] INFO  page.PortalPage - Clicking Get started button....
2023-12-06 11:29:58.470 [main] INFO  page.HomePage - Opening home page...
2023-12-06 11:29:58.545 [main] INFO  page.HomePage - USER IS IN HOME PAGE
2023-12-06 11:29:59.024 [main] INFO  page.HomePage - You are not logged in is displayed as expected
2023-12-06 11:30:02.215 [main] INFO  page.PortalPage - Opening Portal Page...
2023-12-06 11:30:02.512 [main] INFO  page.PortalPage - Clicking Get started button....
2023-12-06 11:30:03.071 [main] INFO  page.HomePage - Opening home page...
2023-12-06 11:30:03.129 [main] INFO  page.HomePage - USER IS IN HOME PAGE
2023-12-06 11:30:03.130 [main] INFO  page.HomePage - Clicking on sign in link...
2023-12-06 11:30:03.424 [main] INFO  page.HomePage - USER IS IN SIGN IN PAGE
2023-12-06 11:30:06.578 [main] INFO  page.PortalPage - Opening Portal Page...
2023-12-06 11:30:06.919 [main] INFO  page.PortalPage - Clicking Get started button....
2023-12-06 11:30:07.373 [main] INFO  page.HomePage - Opening home page...
2023-12-06 11:30:07.438 [main] INFO  page.HomePage - USER IS IN HOME PAGE
2023-12-06 11:30:07.439 [main] INFO  page.HomePage - Clicking on Register link...
2023-12-06 11:30:07.728 [main] INFO  page.HomePage - USER IS IN REGISTER PAGE
2023-12-06 11:30:11.615 [main] INFO  page.RegisterPage - Please fill out this field. message is displayed as expected
2023-12-06 11:30:15.605 [main] INFO  page.RegisterPage - Please fill out this field. message is displayed as expected
2023-12-06 11:30:19.646 [main] INFO  page.RegisterPage - Please fill out this field. message is displayed as expected
2023-12-06 11:30:23.983 [main] INFO  page.RegisterPage - password_mismatch:The two password fields didn’t match. message is displayed as expected
2023-12-06 11:30:29.253 [main] INFO  page.RegisterPage - password_mismatch:The two password fields didn’t match. message is displayed as expected
2023-12-06 11:30:33.476 [main] INFO  page.RegisterPage - password_mismatch:The two password fields didn’t match. message is displayed as expected
2023-12-06 11:30:37.669 [main] INFO  page.RegisterPage - password_mismatch:The two password fields didn’t match. message is displayed as expected
2023-12-06 11:31:15.151 [main] INFO  page.HomePage - User is in Home Page as expected
2023-12-06 11:31:15.184 [main] INFO  page.HomePage - User is in Home Page as expected
2023-12-06 11:31:15.469 [main] INFO  page.HomePage - Title is Data Structures-Introduction as expected
2023-12-06 11:31:15.522 [main] INFO  page.HomePage - Time Complexity
2023-12-06 11:31:15.798 [main] INFO  page.HomePage - Title is Time Complexity as expected
2023-12-06 11:31:16.854 [main] INFO  page.HomePage - Try Here Link works as expected...
2023-12-06 11:31:17.394 [main] INFO  page.HomePage - Try Here Link works as expected...
2023-12-06 11:31:21.969 [main] INFO  page.HomePage - User is in Home Page as expected
2023-12-06 11:31:21.990 [main] INFO  page.HomePage - User is in Home Page as expected
2023-12-06 11:31:22.275 [main] INFO  page.HomePage - Title is Array as expected
2023-12-06 11:31:22.324 [main] INFO  page.HomePage - Arrays in Python
2023-12-06 11:31:22.904 [main] INFO  page.HomePage - Title is Arrays in Python as expected
2023-12-06 11:31:23.867 [main] INFO  page.HomePage - Try Here Link works as expected...
2023-12-06 11:31:24.356 [main] INFO  page.HomePage - Try Here Link works as expected...
2023-12-06 11:31:24.463 [main] INFO  page.HomePage - Arrays Using List
2023-12-06 11:31:24.726 [main] INFO  page.HomePage - Title is Arrays Using List as expected
2023-12-06 11:31:25.510 [main] INFO  page.HomePage - Try Here Link works as expected...
2023-12-06 11:31:26.033 [main] INFO  page.HomePage - Try Here Link works as expected...
2023-12-06 11:31:26.124 [main] INFO  page.HomePage - Basic Operations in Lists
2023-12-06 11:31:26.426 [main] INFO  page.HomePage - Title is Basic Operations in Lists as expected
2023-12-06 11:31:27.036 [main] INFO  page.HomePage - Try Here Link works as expected...
2023-12-06 11:31:27.667 [main] INFO  page.HomePage - Try Here Link works as expected...
2023-12-06 11:31:27.755 [main] INFO  page.HomePage - Applications of Array
2023-12-06 11:31:28.130 [main] INFO  page.HomePage - Title is Applications of Array as expected
2023-12-06 11:31:28.858 [main] INFO  page.HomePage - Try Here Link works as expected...
2023-12-06 11:31:29.430 [main] INFO  page.HomePage - Try Here Link works as expected...
2023-12-06 11:31:34.076 [main] INFO  page.HomePage - User is in Home Page as expected
2023-12-06 11:31:34.106 [main] INFO  page.HomePage - User is in Home Page as expected
2023-12-06 11:31:34.362 [main] INFO  page.HomePage - Title is Linked List as expected
2023-12-06 11:31:34.409 [main] INFO  page.HomePage - Introduction
2023-12-06 11:31:34.696 [main] INFO  page.HomePage - Title is Introduction as expected
2023-12-06 11:31:35.731 [main] INFO  page.HomePage - Try Here Link works as expected...
2023-12-06 11:31:36.301 [main] INFO  page.HomePage - Try Here Link works as expected...
2023-12-06 11:31:36.396 [main] INFO  page.HomePage - Creating Linked LIst
2023-12-06 11:31:36.709 [main] INFO  page.HomePage - Title is Creating Linked LIst as expected
2023-12-06 11:31:37.403 [main] INFO  page.HomePage - Try Here Link works as expected...
2023-12-06 11:31:37.942 [main] INFO  page.HomePage - Try Here Link works as expected...
2023-12-06 11:31:38.042 [main] INFO  page.HomePage - Types of Linked List
2023-12-06 11:31:38.390 [main] INFO  page.HomePage - Title is Types of Linked List as expected
2023-12-06 11:31:39.012 [main] INFO  page.HomePage - Try Here Link works as expected...
2023-12-06 11:31:39.663 [main] INFO  page.HomePage - Try Here Link works as expected...
2023-12-06 11:31:39.743 [main] INFO  page.HomePage - Implement Linked List in Python
2023-12-06 11:31:40.038 [main] INFO  page.HomePage - Title is Implement Linked List in Python as expected
2023-12-06 11:31:40.729 [main] INFO  page.HomePage - Try Here Link works as expected...
2023-12-06 11:31:41.228 [main] INFO  page.HomePage - Try Here Link works as expected...
2023-12-06 11:31:41.326 [main] INFO  page.HomePage - Traversal
2023-12-06 11:31:41.705 [main] INFO  page.HomePage - Title is Traversal as expected
2023-12-06 11:31:42.488 [main] INFO  page.HomePage - Try Here Link works as expected...
2023-12-06 11:31:43.134 [main] INFO  page.HomePage - Try Here Link works as expected...
2023-12-06 11:31:43.251 [main] INFO  page.HomePage - Insertion
2023-12-06 11:31:43.589 [main] INFO  page.HomePage - Title is Insertion as expected
2023-12-06 11:31:44.439 [main] INFO  page.HomePage - Try Here Link works as expected...
2023-12-06 11:31:45.078 [main] INFO  page.HomePage - Try Here Link works as expected...
2023-12-06 11:31:45.197 [main] INFO  page.HomePage - Deletion
2023-12-06 11:31:45.558 [main] INFO  page.HomePage - Title is Deletion as expected
2023-12-06 11:31:46.488 [main] INFO  page.HomePage - Try Here Link works as expected...
2023-12-06 11:31:47.226 [main] INFO  page.HomePage - Try Here Link works as expected...
2023-12-06 11:31:51.942 [main] INFO  page.HomePage - User is in Home Page as expected
2023-12-06 11:31:51.994 [main] INFO  page.HomePage - User is in Home Page as expected
2023-12-06 11:31:52.280 [main] INFO  page.HomePage - Title is Stack as expected
2023-12-06 11:31:52.344 [main] INFO  page.HomePage - Operations in Stack
2023-12-06 11:31:52.639 [main] INFO  page.HomePage - Title is Operations in Stack as expected
2023-12-06 11:31:53.697 [main] INFO  page.HomePage - Try Here Link works as expected...
2023-12-06 11:31:54.222 [main] INFO  page.HomePage - Try Here Link works as expected...
2023-12-06 11:31:54.329 [main] INFO  page.HomePage - Implementation
2023-12-06 11:31:54.594 [main] INFO  page.HomePage - Title is Implementation as expected
2023-12-06 11:31:55.241 [main] INFO  page.HomePage - Try Here Link works as expected...
2023-12-06 11:31:55.707 [main] INFO  page.HomePage - Try Here Link works as expected...
2023-12-06 11:31:55.788 [main] INFO  page.HomePage - Applications
2023-12-06 11:31:56.022 [main] INFO  page.HomePage - Title is Applications as expected
2023-12-06 11:31:56.596 [main] INFO  page.HomePage - Try Here Link works as expected...
2023-12-06 11:31:57.058 [main] INFO  page.HomePage - Try Here Link works as expected...
2023-12-06 11:32:01.534 [main] INFO  page.HomePage - User is in Home Page as expected
2023-12-06 11:32:01.557 [main] INFO  page.HomePage - User is in Home Page as expected
2023-12-06 11:32:01.821 [main] INFO  page.HomePage - Title is Queue as expected
2023-12-06 11:32:01.870 [main] INFO  page.HomePage - Implementation of Queue in Python
2023-12-06 11:32:02.137 [main] INFO  page.HomePage - Title is Implementation of Queue in Python as expected
2023-12-06 11:32:03.242 [main] INFO  page.HomePage - Try Here Link works as expected...
2023-12-06 11:32:03.820 [main] INFO  page.HomePage - Try Here Link works as expected...
2023-12-06 11:32:03.921 [main] INFO  page.HomePage - Implementation using collections.deque
2023-12-06 11:32:04.188 [main] INFO  page.HomePage - Title is Implementation using collections.deque as expected
2023-12-06 11:32:04.842 [main] INFO  page.HomePage - Try Here Link works as expected...
2023-12-06 11:32:05.372 [main] INFO  page.HomePage - Try Here Link works as expected...
2023-12-06 11:32:05.466 [main] INFO  page.HomePage - Implementation using array
2023-12-06 11:32:05.734 [main] INFO  page.HomePage - Title is Implementation using array as expected
2023-12-06 11:32:06.469 [main] INFO  page.HomePage - Try Here Link works as expected...
2023-12-06 11:32:07.099 [main] INFO  page.HomePage - Try Here Link works as expected...
2023-12-06 11:32:07.198 [main] INFO  page.HomePage - Queue Operations
2023-12-06 11:32:07.527 [main] INFO  page.HomePage - Title is Queue Operations as expected
2023-12-06 11:32:08.369 [main] INFO  page.HomePage - Try Here Link works as expected...
2023-12-06 11:32:09.019 [main] INFO  page.HomePage - Try Here Link works as expected...
2023-12-06 11:32:13.702 [main] INFO  page.HomePage - User is in Home Page as expected
2023-12-06 11:32:13.742 [main] INFO  page.HomePage - User is in Home Page as expected
2023-12-06 11:32:14.100 [main] INFO  page.HomePage - Title is Tree as expected
2023-12-06 11:32:14.165 [main] INFO  page.HomePage - Overview of Trees
2023-12-06 11:32:14.492 [main] INFO  page.HomePage - Title is Overview of Trees as expected
2023-12-06 11:32:15.457 [main] INFO  page.HomePage - Try Here Link works as expected...
2023-12-06 11:32:15.973 [main] INFO  page.HomePage - Try Here Link works as expected...
2023-12-06 11:32:16.090 [main] INFO  page.HomePage - Terminologies
2023-12-06 11:32:16.345 [main] INFO  page.HomePage - Title is Terminologies as expected
2023-12-06 11:32:16.965 [main] INFO  page.HomePage - Try Here Link works as expected...
2023-12-06 11:32:17.538 [main] INFO  page.HomePage - Try Here Link works as expected...
2023-12-06 11:32:17.628 [main] INFO  page.HomePage - Types of Trees
2023-12-06 11:32:17.960 [main] INFO  page.HomePage - Title is Types of Trees as expected
2023-12-06 11:32:18.624 [main] INFO  page.HomePage - Try Here Link works as expected...
2023-12-06 11:32:19.171 [main] INFO  page.HomePage - Try Here Link works as expected...
2023-12-06 11:32:19.329 [main] INFO  page.HomePage - Tree Traversals
2023-12-06 11:32:19.628 [main] INFO  page.HomePage - Title is Tree Traversals as expected
2023-12-06 11:32:20.244 [main] INFO  page.HomePage - Try Here Link works as expected...
2023-12-06 11:32:20.708 [main] INFO  page.HomePage - Try Here Link works as expected...
2023-12-06 11:32:20.796 [main] INFO  page.HomePage - Traversals-Illustration
2023-12-06 11:32:21.092 [main] INFO  page.HomePage - Title is Traversals-Illustration as expected
2023-12-06 11:32:21.701 [main] INFO  page.HomePage - Try Here Link works as expected...
2023-12-06 11:32:22.248 [main] INFO  page.HomePage - Try Here Link works as expected...
2023-12-06 11:32:22.356 [main] INFO  page.HomePage - Binary Trees
2023-12-06 11:32:22.751 [main] INFO  page.HomePage - Title is Binary Trees as expected
2023-12-06 11:32:23.585 [main] INFO  page.HomePage - Try Here Link works as expected...
2023-12-06 11:32:24.310 [main] INFO  page.HomePage - Try Here Link works as expected...
2023-12-06 11:32:24.421 [main] INFO  page.HomePage - Types of Binary Trees
2023-12-06 11:32:24.851 [main] INFO  page.HomePage - Title is Types of Binary Trees as expected
2023-12-06 11:32:25.702 [main] INFO  page.HomePage - Try Here Link works as expected...
2023-12-06 11:32:26.442 [main] INFO  page.HomePage - Try Here Link works as expected...
2023-12-06 11:32:26.556 [main] INFO  page.HomePage - Implementation in Python
2023-12-06 11:32:26.899 [main] INFO  page.HomePage - Title is Implementation in Python as expected
2023-12-06 11:32:27.645 [main] INFO  page.HomePage - Try Here Link works as expected...
2023-12-06 11:32:28.160 [main] INFO  page.HomePage - Try Here Link works as expected...
2023-12-06 11:32:28.270 [main] INFO  page.HomePage - Binary Tree Traversals
2023-12-06 11:32:28.660 [main] INFO  page.HomePage - Title is Binary Tree Traversals as expected
2023-12-06 11:32:29.415 [main] INFO  page.HomePage - Try Here Link works as expected...
2023-12-06 11:32:29.972 [main] INFO  page.HomePage - Try Here Link works as expected...
2023-12-06 11:32:30.090 [main] INFO  page.HomePage - Implementation of Binary Trees
2023-12-06 11:32:30.439 [main] INFO  page.HomePage - Title is Implementation of Binary Trees as expected
2023-12-06 11:32:31.192 [main] INFO  page.HomePage - Try Here Link works as expected...
2023-12-06 11:32:31.826 [main] INFO  page.HomePage - Try Here Link works as expected...
2023-12-06 11:32:31.963 [main] INFO  page.HomePage - Applications of Binary trees
2023-12-06 11:32:32.288 [main] INFO  page.HomePage - Title is Applications of Binary trees as expected
2023-12-06 11:32:33.042 [main] INFO  page.HomePage - Try Here Link works as expected...
2023-12-06 11:32:33.671 [main] INFO  page.HomePage - Try Here Link works as expected...
2023-12-06 11:32:33.783 [main] INFO  page.HomePage - Binary Search Trees
2023-12-06 11:32:34.347 [main] INFO  page.HomePage - Title is Binary Search Trees as expected
2023-12-06 11:32:35.220 [main] INFO  page.HomePage - Try Here Link works as expected...
2023-12-06 11:32:35.773 [main] INFO  page.HomePage - Try Here Link works as expected...
2023-12-06 11:32:35.874 [main] INFO  page.HomePage - Implementation Of BST
2023-12-06 11:32:36.238 [main] INFO  page.HomePage - Title is Implementation Of BST as expected
2023-12-06 11:32:37.127 [main] INFO  page.HomePage - Try Here Link works as expected...
2023-12-06 11:32:37.806 [main] INFO  page.HomePage - Try Here Link works as expected...
2023-12-06 11:32:42.758 [main] INFO  page.HomePage - User is in Home Page as expected
2023-12-06 11:32:42.793 [main] INFO  page.HomePage - User is in Home Page as expected
2023-12-06 11:32:43.092 [main] INFO  page.HomePage - Title is Graph as expected
2023-12-06 11:32:43.144 [main] INFO  page.HomePage - Graph
2023-12-06 11:32:43.419 [main] INFO  page.HomePage - Title is Graph as expected
2023-12-06 11:32:44.427 [main] INFO  page.HomePage - Try Here Link works as expected...
2023-12-06 11:32:44.944 [main] INFO  page.HomePage - Try Here Link works as expected...
2023-12-06 11:32:45.033 [main] INFO  page.HomePage - Graph Representations
2023-12-06 11:32:45.401 [main] INFO  page.HomePage - Title is Graph Representations as expected
2023-12-06 11:32:46.090 [main] INFO  page.HomePage - Try Here Link works as expected...
2023-12-06 11:32:46.561 [main] INFO  page.HomePage - Try Here Link works as expected...
2023-12-06 13:05:47.172 [main] DEBUG org.apache.poi.openxml4j.opc.PackageRelationshipCollection - Parsing relationship: /xl/_rels/workbook.xml.rels
2023-12-06 13:05:47.226 [main] DEBUG org.apache.poi.openxml4j.opc.PackageRelationshipCollection - Parsing relationship: /_rels/.rels
2023-12-06 13:05:48.453 [main] INFO  page.RegisterPage - Actual Result is Invalid Username and Password - As expected
2023-12-06 13:05:52.223 [main] DEBUG org.apache.poi.openxml4j.opc.PackageRelationshipCollection - Parsing relationship: /xl/_rels/workbook.xml.rels
2023-12-06 13:05:52.229 [main] DEBUG org.apache.poi.openxml4j.opc.PackageRelationshipCollection - Parsing relationship: /_rels/.rels
2023-12-06 13:05:52.879 [main] INFO  page.RegisterPage - Actual Result is Invalid Username and Password - As expected
2023-12-06 13:05:56.663 [main] DEBUG org.apache.poi.openxml4j.opc.PackageRelationshipCollection - Parsing relationship: /xl/_rels/workbook.xml.rels
2023-12-06 13:05:56.670 [main] DEBUG org.apache.poi.openxml4j.opc.PackageRelationshipCollection - Parsing relationship: /_rels/.rels
2023-12-06 13:05:57.309 [main] INFO  page.RegisterPage - Actual Result is Invalid Username and Password - As expected
2023-12-06 13:06:01.058 [main] DEBUG org.apache.poi.openxml4j.opc.PackageRelationshipCollection - Parsing relationship: /xl/_rels/workbook.xml.rels
2023-12-06 13:06:01.064 [main] DEBUG org.apache.poi.openxml4j.opc.PackageRelationshipCollection - Parsing relationship: /_rels/.rels
2023-12-06 13:06:01.837 [main] INFO  page.RegisterPage - Actual Result is You are logged in - As expected
