2023-12-07 09:46:03.691 [main] INFO  page.HomePage - User is in Home Page as expected
2023-12-07 09:46:03.719 [main] INFO  page.HomePage - User is in Home Page as expected
2023-12-07 09:46:04.042 [main] INFO  page.HomePage - Title is Array as expected
2023-12-07 09:46:04.109 [main] INFO  page.HomePage - Arrays in Python
2023-12-07 09:46:04.629 [main] INFO  page.HomePage - Title is Arrays in Python as expected
2023-12-07 09:46:05.836 [main] INFO  page.HomePage - Try Here Link works as expected...
2023-12-07 09:46:06.529 [main] INFO  page.HomePage - Try Here Link works as expected...
2023-12-07 09:46:06.639 [main] INFO  page.HomePage - Arrays Using List
2023-12-07 09:46:06.961 [main] INFO  page.HomePage - Title is Arrays Using List as expected
2023-12-07 09:46:07.719 [main] INFO  page.HomePage - Try Here Link works as expected...
2023-12-07 09:46:08.408 [main] INFO  page.HomePage - Try Here Link works as expected...
2023-12-07 09:46:08.562 [main] INFO  page.HomePage - Basic Operations in Lists
2023-12-07 09:46:08.905 [main] INFO  page.HomePage - Title is Basic Operations in Lists as expected
2023-12-07 09:46:09.692 [main] INFO  page.HomePage - Try Here Link works as expected...
2023-12-07 09:46:10.340 [main] INFO  page.HomePage - Try Here Link works as expected...
2023-12-07 09:46:10.479 [main] INFO  page.HomePage - Applications of Array
2023-12-07 09:46:10.844 [main] INFO  page.HomePage - Title is Applications of Array as expected
2023-12-07 09:46:11.743 [main] INFO  page.HomePage - Try Here Link works as expected...
2023-12-07 09:46:12.399 [main] INFO  page.HomePage - Try Here Link works as expected...
2023-12-07 09:47:17.930 [main] INFO  page.HomePage - User is in Home Page as expected
2023-12-07 09:47:17.968 [main] INFO  page.HomePage - User is in Home Page as expected
2023-12-07 09:47:18.289 [main] INFO  page.HomePage - Title is Array as expected
2023-12-07 09:47:18.356 [main] INFO  page.HomePage - Arrays in Python
2023-12-07 09:47:18.814 [main] INFO  page.HomePage - Title is Arrays in Python as expected
2023-12-07 09:47:19.879 [main] INFO  page.HomePage - Try Here Link works as expected...
2023-12-07 09:47:20.464 [main] INFO  page.HomePage - Try Here Link works as expected...
2023-12-07 09:47:20.617 [main] INFO  page.HomePage - Arrays Using List
2023-12-07 09:47:20.919 [main] INFO  page.HomePage - Title is Arrays Using List as expected
2023-12-07 09:47:21.601 [main] INFO  page.HomePage - Try Here Link works as expected...
2023-12-07 09:47:22.151 [main] INFO  page.HomePage - Try Here Link works as expected...
2023-12-07 09:47:22.280 [main] INFO  page.HomePage - Basic Operations in Lists
2023-12-07 09:47:22.651 [main] INFO  page.HomePage - Title is Basic Operations in Lists as expected
2023-12-07 09:47:23.400 [main] INFO  page.HomePage - Try Here Link works as expected...
2023-12-07 09:47:23.947 [main] INFO  page.HomePage - Try Here Link works as expected...
2023-12-07 09:47:24.060 [main] INFO  page.HomePage - Applications of Array
2023-12-07 09:47:24.380 [main] INFO  page.HomePage - Title is Applications of Array as expected
2023-12-07 09:47:25.127 [main] INFO  page.HomePage - Try Here Link works as expected...
2023-12-07 09:47:25.751 [main] INFO  page.HomePage - Try Here Link works as expected...
2023-12-07 09:50:31.641 [main] INFO  page.HomePage - User is in Home Page as expected
2023-12-07 09:50:31.689 [main] INFO  page.HomePage - User is in Home Page as expected
2023-12-07 09:50:32.027 [main] INFO  page.HomePage - Title is Array as expected
2023-12-07 09:50:32.103 [main] INFO  page.HomePage - Arrays in Python
2023-12-07 09:50:32.499 [main] INFO  page.HomePage - Title is Arrays in Python as expected
2023-12-07 09:50:33.774 [main] INFO  page.HomePage - Try Here Link works as expected...
2023-12-07 09:50:34.503 [main] INFO  page.HomePage - Try Here Link works as expected...
2023-12-07 09:50:34.722 [main] INFO  page.HomePage - Arrays Using List
2023-12-07 09:50:35.143 [main] INFO  page.HomePage - Title is Arrays Using List as expected
2023-12-07 09:50:36.013 [main] INFO  page.HomePage - Try Here Link works as expected...
2023-12-07 09:50:36.599 [main] INFO  page.HomePage - Try Here Link works as expected...
2023-12-07 09:50:36.779 [main] INFO  page.HomePage - Basic Operations in Lists
2023-12-07 09:50:37.115 [main] INFO  page.HomePage - Title is Basic Operations in Lists as expected
2023-12-07 09:50:37.911 [main] INFO  page.HomePage - Try Here Link works as expected...
2023-12-07 09:50:38.548 [main] INFO  page.HomePage - Try Here Link works as expected...
2023-12-07 09:50:38.695 [main] INFO  page.HomePage - Applications of Array
2023-12-07 09:50:39.056 [main] INFO  page.HomePage - Title is Applications of Array as expected
2023-12-07 09:50:39.920 [main] INFO  page.HomePage - Try Here Link works as expected...
2023-12-07 09:50:40.672 [main] INFO  page.HomePage - Try Here Link works as expected...
2023-12-07 10:03:56.508 [main] INFO  page.HomePage - User is in Home Page as expected
2023-12-07 10:03:56.539 [main] INFO  page.HomePage - User is in Home Page as expected
2023-12-07 10:03:56.858 [main] INFO  page.HomePage - Title is Array as expected
2023-12-07 10:03:56.912 [main] INFO  page.HomePage - Arrays in Python
2023-12-07 10:03:57.289 [main] INFO  page.HomePage - Title is Arrays in Python as expected
2023-12-07 10:03:58.447 [main] INFO  page.HomePage - Try Here Link works as expected...
2023-12-07 10:03:59.065 [main] INFO  page.HomePage - Try Here Link works as expected...
2023-12-07 10:03:59.205 [main] INFO  page.HomePage - Arrays Using List
2023-12-07 10:03:59.522 [main] INFO  page.HomePage - Title is Arrays Using List as expected
2023-12-07 10:04:00.325 [main] INFO  page.HomePage - Try Here Link works as expected...
2023-12-07 10:04:00.976 [main] INFO  page.HomePage - Try Here Link works as expected...
2023-12-07 10:04:01.111 [main] INFO  page.HomePage - Basic Operations in Lists
2023-12-07 10:04:01.483 [main] INFO  page.HomePage - Title is Basic Operations in Lists as expected
2023-12-07 10:04:02.416 [main] INFO  page.HomePage - Try Here Link works as expected...
2023-12-07 10:04:02.990 [main] INFO  page.HomePage - Try Here Link works as expected...
2023-12-07 10:04:03.100 [main] INFO  page.HomePage - Applications of Array
2023-12-07 10:04:03.445 [main] INFO  page.HomePage - Title is Applications of Array as expected
2023-12-07 10:04:04.293 [main] INFO  page.HomePage - Try Here Link works as expected...
2023-12-07 10:04:04.978 [main] INFO  page.HomePage - Try Here Link works as expected...
2023-12-07 10:49:50.736 [main] INFO  page.HomePage - User is in Home Page as expected
2023-12-07 10:49:50.765 [main] INFO  page.HomePage - User is in Home Page as expected
2023-12-07 10:49:51.055 [main] INFO  page.HomePage - Title is Array as expected
2023-12-07 10:49:51.106 [main] INFO  page.HomePage - Arrays in Python
2023-12-07 10:49:51.460 [main] INFO  page.HomePage - Title is Arrays in Python as expected
2023-12-07 10:49:52.449 [main] INFO  page.HomePage - Try Here Link works as expected...
2023-12-07 10:49:52.909 [main] INFO  page.HomePage - Try Here Link works as expected...
2023-12-07 10:49:53.018 [main] INFO  page.HomePage - Arrays Using List
2023-12-07 10:49:53.223 [main] INFO  page.HomePage - Title is Arrays Using List as expected
2023-12-07 10:49:53.798 [main] INFO  page.HomePage - Try Here Link works as expected...
2023-12-07 10:49:54.234 [main] INFO  page.HomePage - Try Here Link works as expected...
2023-12-07 10:49:54.318 [main] INFO  page.HomePage - Basic Operations in Lists
2023-12-07 10:49:54.621 [main] INFO  page.HomePage - Title is Basic Operations in Lists as expected
2023-12-07 10:49:55.197 [main] INFO  page.HomePage - Try Here Link works as expected...
2023-12-07 10:49:55.670 [main] INFO  page.HomePage - Try Here Link works as expected...
2023-12-07 10:49:55.754 [main] INFO  page.HomePage - Applications of Array
2023-12-07 10:49:56.005 [main] INFO  page.HomePage - Title is Applications of Array as expected
2023-12-07 10:49:56.570 [main] INFO  page.HomePage - Try Here Link works as expected...
2023-12-07 10:49:57.059 [main] INFO  page.HomePage - Try Here Link works as expected...
2023-12-07 11:00:42.664 [main] INFO  page.HomePage - User is in Home Page as expected
2023-12-07 11:00:42.692 [main] INFO  page.HomePage - User is in Home Page as expected
2023-12-07 11:00:43.022 [main] INFO  page.HomePage - Title is Array as expected
2023-12-07 11:00:43.074 [main] INFO  page.HomePage - Arrays in Python
2023-12-07 11:00:43.510 [main] INFO  page.HomePage - Title is Arrays in Python as expected
2023-12-07 11:00:44.480 [main] INFO  page.HomePage - Try Here Link works as expected...
2023-12-07 11:00:45.034 [main] INFO  page.HomePage - Try Here Link works as expected...
2023-12-07 11:00:45.190 [main] INFO  page.HomePage - Arrays Using List
2023-12-07 11:00:45.455 [main] INFO  page.HomePage - Title is Arrays Using List as expected
2023-12-07 11:00:46.082 [main] INFO  page.HomePage - Try Here Link works as expected...
2023-12-07 11:00:46.591 [main] INFO  page.HomePage - Try Here Link works as expected...
2023-12-07 11:00:46.677 [main] INFO  page.HomePage - Basic Operations in Lists
2023-12-07 11:00:47.013 [main] INFO  page.HomePage - Title is Basic Operations in Lists as expected
2023-12-07 11:00:47.647 [main] INFO  page.HomePage - Try Here Link works as expected...
2023-12-07 11:00:48.131 [main] INFO  page.HomePage - Try Here Link works as expected...
2023-12-07 11:00:48.221 [main] INFO  page.HomePage - Applications of Array
2023-12-07 11:00:48.472 [main] INFO  page.HomePage - Title is Applications of Array as expected
2023-12-07 11:00:49.058 [main] INFO  page.HomePage - Try Here Link works as expected...
2023-12-07 11:00:49.564 [main] INFO  page.HomePage - Try Here Link works as expected...
2023-12-07 11:05:17.121 [main] INFO  page.HomePage - User is in Home Page as expected
2023-12-07 11:05:17.150 [main] INFO  page.HomePage - User is in Home Page as expected
2023-12-07 11:05:17.443 [main] INFO  page.HomePage - Title is Array as expected
2023-12-07 11:05:17.490 [main] INFO  page.HomePage - Arrays in Python
2023-12-07 11:05:17.886 [main] INFO  page.HomePage - Title is Arrays in Python as expected
2023-12-07 11:05:18.920 [main] INFO  page.HomePage - Try Here Link works as expected...
2023-12-07 11:05:19.402 [main] INFO  page.HomePage - Try Here Link works as expected...
2023-12-07 11:05:19.509 [main] INFO  page.HomePage - Arrays Using List
2023-12-07 11:05:19.756 [main] INFO  page.HomePage - Title is Arrays Using List as expected
2023-12-07 11:05:20.388 [main] INFO  page.HomePage - Try Here Link works as expected...
2023-12-07 11:05:20.878 [main] INFO  page.HomePage - Try Here Link works as expected...
2023-12-07 11:05:20.992 [main] INFO  page.HomePage - Basic Operations in Lists
2023-12-07 11:05:21.255 [main] INFO  page.HomePage - Title is Basic Operations in Lists as expected
2023-12-07 11:05:21.896 [main] INFO  page.HomePage - Try Here Link works as expected...
2023-12-07 11:05:22.372 [main] INFO  page.HomePage - Try Here Link works as expected...
2023-12-07 11:05:22.464 [main] INFO  page.HomePage - Applications of Array
2023-12-07 11:05:22.760 [main] INFO  page.HomePage - Title is Applications of Array as expected
2023-12-07 11:05:23.339 [main] INFO  page.HomePage - Try Here Link works as expected...
2023-12-07 11:05:23.821 [main] INFO  page.HomePage - Try Here Link works as expected...
2023-12-07 12:23:47.498 [main] INFO  page.HomePage - User is in Home Page as expected
2023-12-07 12:23:47.525 [main] INFO  page.HomePage - User is in Home Page as expected
2023-12-07 12:23:47.811 [main] INFO  page.HomePage - Title is Array as expected
2023-12-07 12:23:47.859 [main] INFO  page.HomePage - Arrays in Python
2023-12-07 12:23:48.207 [main] INFO  page.HomePage - Title is Arrays in Python as expected
2023-12-07 12:23:49.177 [main] INFO  page.HomePage - Try Here Link works as expected...
2023-12-07 12:23:49.633 [main] INFO  page.HomePage - Try Here Link works as expected...
2023-12-07 12:23:49.740 [main] INFO  page.HomePage - Arrays Using List
2023-12-07 12:23:49.974 [main] INFO  page.HomePage - Title is Arrays Using List as expected
2023-12-07 12:23:50.575 [main] INFO  page.HomePage - Try Here Link works as expected...
2023-12-07 12:23:51.065 [main] INFO  page.HomePage - Try Here Link works as expected...
2023-12-07 12:23:51.157 [main] INFO  page.HomePage - Basic Operations in Lists
2023-12-07 12:23:51.431 [main] INFO  page.HomePage - Title is Basic Operations in Lists as expected
2023-12-07 12:23:51.987 [main] INFO  page.HomePage - Try Here Link works as expected...
2023-12-07 12:23:52.464 [main] INFO  page.HomePage - Try Here Link works as expected...
2023-12-07 12:23:52.547 [main] INFO  page.HomePage - Applications of Array
2023-12-07 12:23:52.791 [main] INFO  page.HomePage - Title is Applications of Array as expected
2023-12-07 12:23:53.315 [main] INFO  page.HomePage - Try Here Link works as expected...
2023-12-07 12:23:53.807 [main] INFO  page.HomePage - Try Here Link works as expected...
2023-12-07 12:31:30.906 [main] INFO  page.HomePage - User is in Home Page as expected
2023-12-07 12:31:30.938 [main] INFO  page.HomePage - User is in Home Page as expected
2023-12-07 12:31:31.217 [main] INFO  page.HomePage - Title is Array as expected
2023-12-07 12:31:31.271 [main] INFO  page.HomePage - Arrays in Python
2023-12-07 12:31:31.597 [main] INFO  page.HomePage - Title is Arrays in Python as expected
2023-12-07 12:31:32.550 [main] INFO  page.HomePage - Try Here Link works as expected...
2023-12-07 12:31:32.986 [main] INFO  page.HomePage - Try Here Link works as expected...
2023-12-07 12:31:33.093 [main] INFO  page.HomePage - Arrays Using List
2023-12-07 12:31:33.327 [main] INFO  page.HomePage - Title is Arrays Using List as expected
2023-12-07 12:31:33.881 [main] INFO  page.HomePage - Try Here Link works as expected...
2023-12-07 12:31:34.365 [main] INFO  page.HomePage - Try Here Link works as expected...
2023-12-07 12:31:34.456 [main] INFO  page.HomePage - Basic Operations in Lists
2023-12-07 12:31:34.761 [main] INFO  page.HomePage - Title is Basic Operations in Lists as expected
2023-12-07 12:31:35.283 [main] INFO  page.HomePage - Try Here Link works as expected...
2023-12-07 12:31:35.735 [main] INFO  page.HomePage - Try Here Link works as expected...
2023-12-07 12:31:35.822 [main] INFO  page.HomePage - Applications of Array
2023-12-07 12:31:36.070 [main] INFO  page.HomePage - Title is Applications of Array as expected
2023-12-07 12:31:36.601 [main] INFO  page.HomePage - Try Here Link works as expected...
2023-12-07 12:31:37.076 [main] INFO  page.HomePage - Try Here Link works as expected...
2023-12-07 12:33:54.677 [main] INFO  page.HomePage - User is in Home Page as expected
2023-12-07 12:33:54.702 [main] INFO  page.HomePage - User is in Home Page as expected
2023-12-07 12:33:54.951 [main] INFO  page.HomePage - Title is Array as expected
2023-12-07 12:33:55.004 [main] INFO  page.HomePage - Arrays in Python
2023-12-07 12:33:55.366 [main] INFO  page.HomePage - Title is Arrays in Python as expected
2023-12-07 12:33:56.287 [main] INFO  page.HomePage - Try Here Link works as expected...
2023-12-07 12:33:56.716 [main] INFO  page.HomePage - Try Here Link works as expected...
2023-12-07 12:33:56.822 [main] INFO  page.HomePage - Arrays Using List
2023-12-07 12:33:57.054 [main] INFO  page.HomePage - Title is Arrays Using List as expected
2023-12-07 12:33:57.620 [main] INFO  page.HomePage - Try Here Link works as expected...
2023-12-07 12:33:58.090 [main] INFO  page.HomePage - Try Here Link works as expected...
2023-12-07 12:33:58.182 [main] INFO  page.HomePage - Basic Operations in Lists
2023-12-07 12:33:58.464 [main] INFO  page.HomePage - Title is Basic Operations in Lists as expected
2023-12-07 12:33:58.999 [main] INFO  page.HomePage - Try Here Link works as expected...
2023-12-07 12:33:59.460 [main] INFO  page.HomePage - Try Here Link works as expected...
2023-12-07 12:33:59.549 [main] INFO  page.HomePage - Applications of Array
2023-12-07 12:33:59.798 [main] INFO  page.HomePage - Title is Applications of Array as expected
2023-12-07 12:34:00.363 [main] INFO  page.HomePage - Try Here Link works as expected...
2023-12-07 12:34:00.835 [main] INFO  page.HomePage - Try Here Link works as expected...
2023-12-07 12:39:08.491 [main] INFO  page.HomePage - User is in Home Page as expected
2023-12-07 12:39:08.516 [main] INFO  page.HomePage - User is in Home Page as expected
2023-12-07 12:39:08.781 [main] INFO  page.HomePage - Title is Array as expected
2023-12-07 12:39:08.827 [main] INFO  page.HomePage - Arrays in Python
2023-12-07 12:39:09.202 [main] INFO  page.HomePage - Title is Arrays in Python as expected
2023-12-07 12:39:10.114 [main] INFO  page.HomePage - Try Here Link works as expected...
2023-12-07 12:39:10.571 [main] INFO  page.HomePage - Try Here Link works as expected...
2023-12-07 12:39:10.684 [main] INFO  page.HomePage - Arrays Using List
2023-12-07 12:39:10.926 [main] INFO  page.HomePage - Title is Arrays Using List as expected
2023-12-07 12:39:11.457 [main] INFO  page.HomePage - Try Here Link works as expected...
2023-12-07 12:39:11.916 [main] INFO  page.HomePage - Try Here Link works as expected...
2023-12-07 12:39:12.004 [main] INFO  page.HomePage - Basic Operations in Lists
2023-12-07 12:39:12.283 [main] INFO  page.HomePage - Title is Basic Operations in Lists as expected
2023-12-07 12:39:12.780 [main] INFO  page.HomePage - Try Here Link works as expected...
2023-12-07 12:39:13.245 [main] INFO  page.HomePage - Try Here Link works as expected...
2023-12-07 12:39:13.331 [main] INFO  page.HomePage - Applications of Array
2023-12-07 12:39:13.593 [main] INFO  page.HomePage - Title is Applications of Array as expected
2023-12-07 12:39:14.102 [main] INFO  page.HomePage - Try Here Link works as expected...
2023-12-07 12:39:14.550 [main] INFO  page.HomePage - Try Here Link works as expected...
2023-12-07 12:41:18.961 [main] INFO  page.HomePage - User is in Home Page as expected
2023-12-07 12:41:19.005 [main] INFO  page.HomePage - User is in Home Page as expected
2023-12-07 12:41:19.305 [main] INFO  page.HomePage - Title is Array as expected
2023-12-07 12:41:19.354 [main] INFO  page.HomePage - Arrays in Python
2023-12-07 12:41:19.693 [main] INFO  page.HomePage - Title is Arrays in Python as expected
2023-12-07 12:41:20.661 [main] INFO  page.HomePage - Try Here Link works as expected...
2023-12-07 12:41:21.120 [main] INFO  page.HomePage - Try Here Link works as expected...
2023-12-07 12:41:21.227 [main] INFO  page.HomePage - Arrays Using List
2023-12-07 12:41:21.453 [main] INFO  page.HomePage - Title is Arrays Using List as expected
2023-12-07 12:41:22.065 [main] INFO  page.HomePage - Try Here Link works as expected...
2023-12-07 12:41:22.510 [main] INFO  page.HomePage - Try Here Link works as expected...
2023-12-07 12:41:22.603 [main] INFO  page.HomePage - Basic Operations in Lists
2023-12-07 12:41:22.870 [main] INFO  page.HomePage - Title is Basic Operations in Lists as expected
2023-12-07 12:41:23.398 [main] INFO  page.HomePage - Try Here Link works as expected...
2023-12-07 12:41:23.884 [main] INFO  page.HomePage - Try Here Link works as expected...
2023-12-07 12:41:23.970 [main] INFO  page.HomePage - Applications of Array
2023-12-07 12:41:24.218 [main] INFO  page.HomePage - Title is Applications of Array as expected
2023-12-07 12:41:24.756 [main] INFO  page.HomePage - Try Here Link works as expected...
2023-12-07 12:41:25.199 [main] INFO  page.HomePage - Try Here Link works as expected...
2023-12-07 12:44:02.654 [main] INFO  page.HomePage - User is in Home Page as expected
2023-12-07 12:44:02.683 [main] INFO  page.HomePage - User is in Home Page as expected
2023-12-07 12:44:02.945 [main] INFO  page.HomePage - Title is Array as expected
2023-12-07 12:44:02.995 [main] INFO  page.HomePage - Arrays in Python
2023-12-07 12:44:03.356 [main] INFO  page.HomePage - Title is Arrays in Python as expected
2023-12-07 12:44:04.309 [main] INFO  page.HomePage - Try Here Link works as expected...
2023-12-07 12:44:04.762 [main] INFO  page.HomePage - Try Here Link works as expected...
2023-12-07 12:44:04.870 [main] INFO  page.HomePage - Arrays Using List
2023-12-07 12:44:05.122 [main] INFO  page.HomePage - Title is Arrays Using List as expected
2023-12-07 12:44:05.680 [main] INFO  page.HomePage - Try Here Link works as expected...
2023-12-07 12:44:06.146 [main] INFO  page.HomePage - Try Here Link works as expected...
2023-12-07 12:44:06.240 [main] INFO  page.HomePage - Basic Operations in Lists
2023-12-07 12:44:06.513 [main] INFO  page.HomePage - Title is Basic Operations in Lists as expected
2023-12-07 12:44:07.062 [main] INFO  page.HomePage - Try Here Link works as expected...
2023-12-07 12:44:07.552 [main] INFO  page.HomePage - Try Here Link works as expected...
2023-12-07 12:44:07.638 [main] INFO  page.HomePage - Applications of Array
2023-12-07 12:44:07.875 [main] INFO  page.HomePage - Title is Applications of Array as expected
2023-12-07 12:44:08.423 [main] INFO  page.HomePage - Try Here Link works as expected...
2023-12-07 12:44:08.871 [main] INFO  page.HomePage - Try Here Link works as expected...
2023-12-07 12:47:07.929 [main] INFO  page.HomePage - User is in Home Page as expected
2023-12-07 12:47:07.952 [main] INFO  page.HomePage - User is in Home Page as expected
2023-12-07 12:47:08.213 [main] INFO  page.HomePage - Title is Array as expected
2023-12-07 12:47:08.262 [main] INFO  page.HomePage - Arrays in Python
2023-12-07 12:47:08.607 [main] INFO  page.HomePage - Title is Arrays in Python as expected
2023-12-07 12:47:09.548 [main] INFO  page.HomePage - Try Here Link works as expected...
2023-12-07 12:47:10.024 [main] INFO  page.HomePage - Try Here Link works as expected...
2023-12-07 12:47:10.133 [main] INFO  page.HomePage - Arrays Using List
2023-12-07 12:47:10.379 [main] INFO  page.HomePage - Title is Arrays Using List as expected
2023-12-07 12:47:10.952 [main] INFO  page.HomePage - Try Here Link works as expected...
2023-12-07 12:47:11.410 [main] INFO  page.HomePage - Try Here Link works as expected...
2023-12-07 12:47:11.500 [main] INFO  page.HomePage - Basic Operations in Lists
2023-12-07 12:47:11.779 [main] INFO  page.HomePage - Title is Basic Operations in Lists as expected
2023-12-07 12:47:12.307 [main] INFO  page.HomePage - Try Here Link works as expected...
2023-12-07 12:47:12.778 [main] INFO  page.HomePage - Try Here Link works as expected...
2023-12-07 12:47:12.859 [main] INFO  page.HomePage - Applications of Array
2023-12-07 12:47:13.113 [main] INFO  page.HomePage - Title is Applications of Array as expected
2023-12-07 12:47:13.651 [main] INFO  page.HomePage - Try Here Link works as expected...
2023-12-07 12:47:14.104 [main] INFO  page.HomePage - Try Here Link works as expected...
2023-12-07 12:49:45.681 [main] INFO  page.HomePage - User is in Home Page as expected
2023-12-07 12:49:45.718 [main] INFO  page.HomePage - User is in Home Page as expected
2023-12-07 12:49:45.985 [main] INFO  page.HomePage - Title is Array as expected
2023-12-07 12:49:46.051 [main] INFO  page.HomePage - Arrays in Python
2023-12-07 12:49:46.426 [main] INFO  page.HomePage - Title is Arrays in Python as expected
2023-12-07 12:49:47.410 [main] INFO  page.HomePage - Try Here Link works as expected...
2023-12-07 12:49:47.893 [main] INFO  page.HomePage - Try Here Link works as expected...
2023-12-07 12:49:47.996 [main] INFO  page.HomePage - Arrays Using List
2023-12-07 12:49:48.218 [main] INFO  page.HomePage - Title is Arrays Using List as expected
2023-12-07 12:49:48.773 [main] INFO  page.HomePage - Try Here Link works as expected...
2023-12-07 12:49:49.245 [main] INFO  page.HomePage - Try Here Link works as expected...
2023-12-07 12:49:49.353 [main] INFO  page.HomePage - Basic Operations in Lists
2023-12-07 12:49:49.609 [main] INFO  page.HomePage - Title is Basic Operations in Lists as expected
2023-12-07 12:49:50.127 [main] INFO  page.HomePage - Try Here Link works as expected...
2023-12-07 12:49:50.580 [main] INFO  page.HomePage - Try Here Link works as expected...
2023-12-07 12:49:50.678 [main] INFO  page.HomePage - Applications of Array
2023-12-07 12:49:50.914 [main] INFO  page.HomePage - Title is Applications of Array as expected
2023-12-07 12:49:51.436 [main] INFO  page.HomePage - Try Here Link works as expected...
2023-12-07 12:49:51.896 [main] INFO  page.HomePage - Try Here Link works as expected...
2023-12-07 14:13:53.649 [main] INFO  page.HomePage - User is in Home Page as expected
2023-12-07 14:13:53.682 [main] INFO  page.HomePage - User is in Home Page as expected
2023-12-07 14:13:53.970 [main] INFO  page.HomePage - Title is Array as expected
2023-12-07 14:13:54.026 [main] INFO  page.HomePage - Arrays in Python
2023-12-07 14:13:54.504 [main] INFO  page.HomePage - Title is Arrays in Python as expected
2023-12-07 14:13:55.592 [main] INFO  page.HomePage - Try Here Link works as expected...
2023-12-07 14:13:56.170 [main] INFO  page.HomePage - Try Here Link works as expected...
2023-12-07 14:13:56.301 [main] INFO  page.HomePage - Arrays Using List
2023-12-07 14:13:56.615 [main] INFO  page.HomePage - Title is Arrays Using List as expected
2023-12-07 14:13:57.486 [main] INFO  page.HomePage - Try Here Link works as expected...
2023-12-07 14:13:58.086 [main] INFO  page.HomePage - Try Here Link works as expected...
2023-12-07 14:13:58.202 [main] INFO  page.HomePage - Basic Operations in Lists
2023-12-07 14:13:58.534 [main] INFO  page.HomePage - Title is Basic Operations in Lists as expected
2023-12-07 14:13:59.416 [main] INFO  page.HomePage - Try Here Link works as expected...
2023-12-07 14:14:00.150 [main] INFO  page.HomePage - Try Here Link works as expected...
2023-12-07 14:14:00.272 [main] INFO  page.HomePage - Applications of Array
2023-12-07 14:14:00.599 [main] INFO  page.HomePage - Title is Applications of Array as expected
2023-12-07 14:14:01.431 [main] INFO  page.HomePage - Try Here Link works as expected...
2023-12-07 14:14:02.017 [main] INFO  page.HomePage - Try Here Link works as expected...
2023-12-07 14:25:37.794 [main] INFO  page.HomePage - User is in Home Page as expected
2023-12-07 14:25:37.829 [main] INFO  page.HomePage - User is in Home Page as expected
2023-12-07 14:25:38.178 [main] INFO  page.HomePage - Title is Array as expected
2023-12-07 14:25:38.237 [main] INFO  page.HomePage - Arrays in Python
2023-12-07 14:25:38.617 [main] INFO  page.HomePage - Title is Arrays in Python as expected
2023-12-07 14:25:39.667 [main] INFO  page.HomePage - Try Here Link works as expected...
2023-12-07 14:25:40.224 [main] INFO  page.HomePage - Try Here Link works as expected...
2023-12-07 14:25:40.363 [main] INFO  page.HomePage - Arrays Using List
2023-12-07 14:25:40.653 [main] INFO  page.HomePage - Title is Arrays Using List as expected
2023-12-07 14:25:41.446 [main] INFO  page.HomePage - Try Here Link works as expected...
2023-12-07 14:25:42.115 [main] INFO  page.HomePage - Try Here Link works as expected...
2023-12-07 14:25:42.251 [main] INFO  page.HomePage - Basic Operations in Lists
2023-12-07 14:25:42.576 [main] INFO  page.HomePage - Title is Basic Operations in Lists as expected
2023-12-07 14:25:43.459 [main] INFO  page.HomePage - Try Here Link works as expected...
2023-12-07 14:25:44.160 [main] INFO  page.HomePage - Try Here Link works as expected...
2023-12-07 14:25:44.286 [main] INFO  page.HomePage - Applications of Array
2023-12-07 14:25:44.609 [main] INFO  page.HomePage - Title is Applications of Array as expected
2023-12-07 14:25:45.402 [main] INFO  page.HomePage - Try Here Link works as expected...
2023-12-07 14:25:45.990 [main] INFO  page.HomePage - Try Here Link works as expected...
2023-12-07 17:02:24.527 [main] INFO  page.HomePage - User is in Home Page as expected
2023-12-07 17:02:24.557 [main] INFO  page.HomePage - User is in Home Page as expected
2023-12-07 17:02:24.889 [main] INFO  page.HomePage - Title is Array as expected
2023-12-07 17:02:24.951 [main] INFO  page.HomePage - Arrays in Python
2023-12-07 17:02:25.311 [main] INFO  page.HomePage - Title is Arrays in Python as expected
2023-12-07 17:02:26.436 [main] INFO  page.HomePage - Try Here Link works as expected...
2023-12-07 17:02:27.066 [main] INFO  page.HomePage - Try Here Link works as expected...
2023-12-07 17:02:27.201 [main] INFO  page.HomePage - Arrays Using List
2023-12-07 17:02:27.535 [main] INFO  page.HomePage - Title is Arrays Using List as expected
2023-12-07 17:02:28.373 [main] INFO  page.HomePage - Try Here Link works as expected...
2023-12-07 17:02:29.104 [main] INFO  page.HomePage - Try Here Link works as expected...
2023-12-07 17:02:29.255 [main] INFO  page.HomePage - Basic Operations in Lists
2023-12-07 17:02:29.587 [main] INFO  page.HomePage - Title is Basic Operations in Lists as expected
2023-12-07 17:02:30.408 [main] INFO  page.HomePage - Try Here Link works as expected...
2023-12-07 17:02:31.100 [main] INFO  page.HomePage - Try Here Link works as expected...
2023-12-07 17:02:31.236 [main] INFO  page.HomePage - Applications of Array
2023-12-07 17:02:31.579 [main] INFO  page.HomePage - Title is Applications of Array as expected
2023-12-07 17:02:32.360 [main] INFO  page.HomePage - Try Here Link works as expected...
2023-12-07 17:02:32.940 [main] INFO  page.HomePage - Try Here Link works as expected...
2023-12-07 21:05:58.166 [main] INFO  page.HomePage - User is in Home Page as expected
2023-12-07 21:05:58.204 [main] INFO  page.HomePage - User is in Home Page as expected
2023-12-07 21:05:58.501 [main] INFO  page.HomePage - Title is Array as expected
2023-12-07 21:05:58.559 [main] INFO  page.HomePage - Arrays in Python
2023-12-07 21:05:59.067 [main] INFO  page.HomePage - Title is Arrays in Python as expected
2023-12-07 21:06:00.109 [main] INFO  page.HomePage - Try Here Link works as expected...
2023-12-07 21:06:00.624 [main] INFO  page.HomePage - Try Here Link works as expected...
2023-12-07 21:06:00.761 [main] INFO  page.HomePage - Arrays Using List
2023-12-07 21:06:01.064 [main] INFO  page.HomePage - Title is Arrays Using List as expected
2023-12-07 21:06:01.751 [main] INFO  page.HomePage - Try Here Link works as expected...
2023-12-07 21:06:02.280 [main] INFO  page.HomePage - Try Here Link works as expected...
2023-12-07 21:06:02.412 [main] INFO  page.HomePage - Basic Operations in Lists
2023-12-07 21:06:02.749 [main] INFO  page.HomePage - Title is Basic Operations in Lists as expected
2023-12-07 21:06:03.382 [main] INFO  page.HomePage - Try Here Link works as expected...
2023-12-07 21:06:03.913 [main] INFO  page.HomePage - Try Here Link works as expected...
2023-12-07 21:06:04.024 [main] INFO  page.HomePage - Applications of Array
2023-12-07 21:06:04.296 [main] INFO  page.HomePage - Title is Applications of Array as expected
2023-12-07 21:06:04.895 [main] INFO  page.HomePage - Try Here Link works as expected...
2023-12-07 21:06:05.374 [main] INFO  page.HomePage - Try Here Link works as expected...
2023-12-07 21:14:58.387 [main] INFO  page.HomePage - User is in Home Page as expected
2023-12-07 21:14:58.419 [main] INFO  page.HomePage - User is in Home Page as expected
2023-12-07 21:14:58.741 [main] INFO  page.HomePage - Title is Array as expected
2023-12-07 21:14:58.815 [main] INFO  page.HomePage - Arrays in Python
2023-12-07 21:14:59.216 [main] INFO  page.HomePage - Title is Arrays in Python as expected
2023-12-07 21:15:00.287 [main] INFO  page.HomePage - Try Here Link works as expected...
2023-12-07 21:15:00.793 [main] INFO  page.HomePage - Try Here Link works as expected...
2023-12-07 21:15:00.929 [main] INFO  page.HomePage - Arrays Using List
2023-12-07 21:15:01.251 [main] INFO  page.HomePage - Title is Arrays Using List as expected
2023-12-07 21:15:01.914 [main] INFO  page.HomePage - Try Here Link works as expected...
2023-12-07 21:15:02.383 [main] INFO  page.HomePage - Try Here Link works as expected...
2023-12-07 21:15:02.510 [main] INFO  page.HomePage - Basic Operations in Lists
2023-12-07 21:15:02.803 [main] INFO  page.HomePage - Title is Basic Operations in Lists as expected
2023-12-07 21:15:03.388 [main] INFO  page.HomePage - Try Here Link works as expected...
2023-12-07 21:15:03.871 [main] INFO  page.HomePage - Try Here Link works as expected...
2023-12-07 21:15:03.977 [main] INFO  page.HomePage - Applications of Array
2023-12-07 21:15:04.243 [main] INFO  page.HomePage - Title is Applications of Array as expected
2023-12-07 21:15:04.815 [main] INFO  page.HomePage - Try Here Link works as expected...
2023-12-07 21:15:05.299 [main] INFO  page.HomePage - Try Here Link works as expected...
2023-12-07 21:15:35.776 [main] INFO  page.HomePage - User is in Home Page as expected
2023-12-07 21:15:35.807 [main] INFO  page.HomePage - User is in Home Page as expected
2023-12-07 21:15:36.115 [main] INFO  page.HomePage - Title is Array as expected
2023-12-07 21:15:36.175 [main] INFO  page.HomePage - Arrays in Python
2023-12-07 21:15:36.601 [main] INFO  page.HomePage - Title is Arrays in Python as expected
2023-12-07 21:15:37.632 [main] INFO  page.HomePage - Try Here Link works as expected...
2023-12-07 21:15:38.150 [main] INFO  page.HomePage - Try Here Link works as expected...
2023-12-07 21:15:38.278 [main] INFO  page.HomePage - Arrays Using List
2023-12-07 21:15:38.598 [main] INFO  page.HomePage - Title is Arrays Using List as expected
2023-12-07 21:15:39.205 [main] INFO  page.HomePage - Try Here Link works as expected...
2023-12-07 21:15:39.683 [main] INFO  page.HomePage - Try Here Link works as expected...
2023-12-07 21:15:39.813 [main] INFO  page.HomePage - Basic Operations in Lists
2023-12-07 21:15:40.090 [main] INFO  page.HomePage - Title is Basic Operations in Lists as expected
2023-12-07 21:15:40.646 [main] INFO  page.HomePage - Try Here Link works as expected...
2023-12-07 21:15:41.131 [main] INFO  page.HomePage - Try Here Link works as expected...
2023-12-07 21:15:41.237 [main] INFO  page.HomePage - Applications of Array
2023-12-07 21:15:41.498 [main] INFO  page.HomePage - Title is Applications of Array as expected
2023-12-07 21:15:42.074 [main] INFO  page.HomePage - Try Here Link works as expected...
2023-12-07 21:15:42.574 [main] INFO  page.HomePage - Try Here Link works as expected...
2023-12-07 21:16:11.606 [main] INFO  page.HomePage - User is in Home Page as expected
2023-12-07 21:16:11.635 [main] INFO  page.HomePage - User is in Home Page as expected
2023-12-07 21:16:11.900 [main] INFO  page.HomePage - Title is Array as expected
2023-12-07 21:16:11.949 [main] INFO  page.HomePage - Arrays in Python
2023-12-07 21:16:12.338 [main] INFO  page.HomePage - Title is Arrays in Python as expected
2023-12-07 21:16:13.416 [main] INFO  page.HomePage - Try Here Link works as expected...
2023-12-07 21:16:13.920 [main] INFO  page.HomePage - Try Here Link works as expected...
2023-12-07 21:16:14.055 [main] INFO  page.HomePage - Arrays Using List
2023-12-07 21:16:14.322 [main] INFO  page.HomePage - Title is Arrays Using List as expected
2023-12-07 21:16:14.937 [main] INFO  page.HomePage - Try Here Link works as expected...
2023-12-07 21:16:15.453 [main] INFO  page.HomePage - Try Here Link works as expected...
2023-12-07 21:16:15.556 [main] INFO  page.HomePage - Basic Operations in Lists
2023-12-07 21:16:15.869 [main] INFO  page.HomePage - Title is Basic Operations in Lists as expected
2023-12-07 21:16:16.458 [main] INFO  page.HomePage - Try Here Link works as expected...
2023-12-07 21:16:16.935 [main] INFO  page.HomePage - Try Here Link works as expected...
2023-12-07 21:16:17.041 [main] INFO  page.HomePage - Applications of Array
2023-12-07 21:16:17.322 [main] INFO  page.HomePage - Title is Applications of Array as expected
2023-12-07 21:16:17.870 [main] INFO  page.HomePage - Try Here Link works as expected...
2023-12-07 21:16:18.351 [main] INFO  page.HomePage - Try Here Link works as expected...
2023-12-07 21:16:53.702 [main] INFO  page.HomePage - User is in Home Page as expected
2023-12-07 21:16:53.854 [main] INFO  page.HomePage - User is in Home Page as expected
2023-12-07 21:16:54.464 [main] INFO  page.HomePage - Title is Array as expected
2023-12-07 21:16:54.570 [main] INFO  page.HomePage - Arrays in Python
2023-12-07 21:16:55.010 [main] INFO  page.HomePage - Title is Arrays in Python as expected
2023-12-07 21:16:56.387 [main] INFO  page.HomePage - Try Here Link works as expected...
2023-12-07 21:16:57.157 [main] INFO  page.HomePage - Try Here Link works as expected...
2023-12-07 21:16:57.434 [main] INFO  page.HomePage - Arrays Using List
2023-12-07 21:16:57.764 [main] INFO  page.HomePage - Title is Arrays Using List as expected
2023-12-07 21:16:58.651 [main] INFO  page.HomePage - Try Here Link works as expected...
2023-12-07 21:16:59.420 [main] INFO  page.HomePage - Try Here Link works as expected...
2023-12-07 21:16:59.706 [main] INFO  page.HomePage - Basic Operations in Lists
2023-12-07 21:17:00.081 [main] INFO  page.HomePage - Title is Basic Operations in Lists as expected
2023-12-07 21:17:00.906 [main] INFO  page.HomePage - Try Here Link works as expected...
2023-12-07 21:17:01.550 [main] INFO  page.HomePage - Try Here Link works as expected...
2023-12-07 21:17:01.764 [main] INFO  page.HomePage - Applications of Array
2023-12-07 21:17:02.173 [main] INFO  page.HomePage - Title is Applications of Array as expected
2023-12-07 21:17:02.931 [main] INFO  page.HomePage - Try Here Link works as expected...
2023-12-07 21:17:03.755 [main] INFO  page.HomePage - Try Here Link works as expected...
2023-12-07 21:16:52.333 [main] INFO  page.HomePage - User is in Home Page as expected
2023-12-07 21:16:52.450 [main] INFO  page.HomePage - User is in Home Page as expected
2023-12-07 21:16:53.032 [main] INFO  page.HomePage - Title is Array as expected
2023-12-07 21:16:53.179 [main] INFO  page.HomePage - Arrays in Python
2023-12-07 21:16:53.683 [main] INFO  page.HomePage - Title is Arrays in Python as expected
2023-12-07 21:16:55.521 [main] INFO  page.HomePage - Try Here Link works as expected...
2023-12-07 21:16:56.190 [main] INFO  page.HomePage - Try Here Link works as expected...
2023-12-07 21:16:56.385 [main] INFO  page.HomePage - Arrays Using List
2023-12-07 21:16:56.899 [main] INFO  page.HomePage - Title is Arrays Using List as expected
2023-12-07 21:16:57.877 [main] INFO  page.HomePage - Try Here Link works as expected...
2023-12-07 21:16:58.538 [main] INFO  page.HomePage - Try Here Link works as expected...
2023-12-07 21:16:58.806 [main] INFO  page.HomePage - Basic Operations in Lists
2023-12-07 21:16:59.236 [main] INFO  page.HomePage - Title is Basic Operations in Lists as expected
2023-12-07 21:17:00.249 [main] INFO  page.HomePage - Try Here Link works as expected...
2023-12-07 21:17:00.892 [main] INFO  page.HomePage - Try Here Link works as expected...
2023-12-07 21:17:01.124 [main] INFO  page.HomePage - Applications of Array
2023-12-07 21:17:01.469 [main] INFO  page.HomePage - Title is Applications of Array as expected
2023-12-07 21:17:02.417 [main] INFO  page.HomePage - Try Here Link works as expected...
2023-12-07 21:17:03.169 [main] INFO  page.HomePage - Try Here Link works as expected...
2023-12-07 21:21:42.002 [main] INFO  page.HomePage - User is in Home Page as expected
2023-12-07 21:21:42.051 [main] INFO  page.HomePage - User is in Home Page as expected
2023-12-07 21:21:42.411 [main] INFO  page.HomePage - Title is Array as expected
2023-12-07 21:21:42.491 [main] INFO  page.HomePage - Arrays in Python
2023-12-07 21:21:42.876 [main] INFO  page.HomePage - Title is Arrays in Python as expected
2023-12-07 21:21:43.934 [main] INFO  page.HomePage - Try Here Link works as expected...
2023-12-07 21:21:44.447 [main] INFO  page.HomePage - Try Here Link works as expected...
2023-12-07 21:21:44.570 [main] INFO  page.HomePage - Arrays Using List
2023-12-07 21:21:44.838 [main] INFO  page.HomePage - Title is Arrays Using List as expected
2023-12-07 21:21:45.416 [main] INFO  page.HomePage - Try Here Link works as expected...
2023-12-07 21:21:45.889 [main] INFO  page.HomePage - Try Here Link works as expected...
2023-12-07 21:21:45.993 [main] INFO  page.HomePage - Basic Operations in Lists
2023-12-07 21:21:46.296 [main] INFO  page.HomePage - Title is Basic Operations in Lists as expected
2023-12-07 21:21:46.886 [main] INFO  page.HomePage - Try Here Link works as expected...
2023-12-07 21:21:47.358 [main] INFO  page.HomePage - Try Here Link works as expected...
2023-12-07 21:21:47.462 [main] INFO  page.HomePage - Applications of Array
2023-12-07 21:21:47.747 [main] INFO  page.HomePage - Title is Applications of Array as expected
2023-12-07 21:21:48.335 [main] INFO  page.HomePage - Try Here Link works as expected...
2023-12-07 21:21:48.837 [main] INFO  page.HomePage - Try Here Link works as expected...
2023-12-07 21:21:57.003 [main] INFO  page.HomePage - The output result is as expected - not exist
2023-12-07 21:22:02.709 [main] INFO  page.HomePage - Alert error message is as expected...SyntaxError: bad input on line 4
2023-12-07 21:24:58.821 [main] INFO  page.HomePage - User is in Home Page as expected
2023-12-07 21:24:58.859 [main] INFO  page.HomePage - User is in Home Page as expected
2023-12-07 21:24:59.165 [main] INFO  page.HomePage - Title is Array as expected
2023-12-07 21:24:59.233 [main] INFO  page.HomePage - Arrays in Python
2023-12-07 21:24:59.599 [main] INFO  page.HomePage - Title is Arrays in Python as expected
2023-12-07 21:25:00.638 [main] INFO  page.HomePage - Try Here Link works as expected...
2023-12-07 21:25:01.194 [main] INFO  page.HomePage - Try Here Link works as expected...
2023-12-07 21:25:01.363 [main] INFO  page.HomePage - Arrays Using List
2023-12-07 21:25:01.619 [main] INFO  page.HomePage - Title is Arrays Using List as expected
2023-12-07 21:25:02.220 [main] INFO  page.HomePage - Try Here Link works as expected...
2023-12-07 21:25:02.731 [main] INFO  page.HomePage - Try Here Link works as expected...
2023-12-07 21:25:02.868 [main] INFO  page.HomePage - Basic Operations in Lists
2023-12-07 21:25:03.154 [main] INFO  page.HomePage - Title is Basic Operations in Lists as expected
2023-12-07 21:25:03.734 [main] INFO  page.HomePage - Try Here Link works as expected...
2023-12-07 21:25:04.203 [main] INFO  page.HomePage - Try Here Link works as expected...
2023-12-07 21:25:04.318 [main] INFO  page.HomePage - Applications of Array
2023-12-07 21:25:04.576 [main] INFO  page.HomePage - Title is Applications of Array as expected
2023-12-07 21:25:05.172 [main] INFO  page.HomePage - Try Here Link works as expected...
2023-12-07 21:25:05.636 [main] INFO  page.HomePage - Try Here Link works as expected...
2023-12-07 21:29:30.184 [main] INFO  page.HomePage - User is in Home Page as expected
2023-12-07 21:29:30.213 [main] INFO  page.HomePage - User is in Home Page as expected
2023-12-07 21:29:30.523 [main] INFO  page.HomePage - Title is Array as expected
2023-12-07 21:29:30.575 [main] INFO  page.HomePage - Arrays in Python
2023-12-07 21:29:31.046 [main] INFO  page.HomePage - Title is Arrays in Python as expected
2023-12-07 21:29:32.020 [main] INFO  page.HomePage - Try Here Link works as expected...
2023-12-07 21:29:32.493 [main] INFO  page.HomePage - Try Here Link works as expected...
2023-12-07 21:29:32.615 [main] INFO  page.HomePage - Arrays Using List
2023-12-07 21:29:32.866 [main] INFO  page.HomePage - Title is Arrays Using List as expected
2023-12-07 21:29:33.433 [main] INFO  page.HomePage - Try Here Link works as expected...
2023-12-07 21:29:33.866 [main] INFO  page.HomePage - Try Here Link works as expected...
2023-12-07 21:29:33.950 [main] INFO  page.HomePage - Basic Operations in Lists
2023-12-07 21:29:34.472 [main] INFO  page.HomePage - Title is Basic Operations in Lists as expected
2023-12-07 21:29:35.402 [main] INFO  page.HomePage - Try Here Link works as expected...
2023-12-07 21:29:36.064 [main] INFO  page.HomePage - Try Here Link works as expected...
2023-12-07 21:29:36.209 [main] INFO  page.HomePage - Applications of Array
2023-12-07 21:29:36.568 [main] INFO  page.HomePage - Title is Applications of Array as expected
2023-12-07 21:29:37.132 [main] INFO  page.HomePage - Try Here Link works as expected...
2023-12-07 21:29:37.610 [main] INFO  page.HomePage - Try Here Link works as expected...
2023-12-07 21:29:38.581 [main] INFO  page.HomePage - The output result is as expected - not exist
2023-12-07 21:29:39.205 [main] INFO  page.HomePage - Alert error message is as expected...SyntaxError: bad input on line 4
2023-12-07 21:30:15.655 [main] INFO  page.HomePage - User is in Home Page as expected
2023-12-07 21:30:15.686 [main] INFO  page.HomePage - User is in Home Page as expected
2023-12-07 21:30:15.964 [main] INFO  page.HomePage - Title is Array as expected
2023-12-07 21:30:16.012 [main] INFO  page.HomePage - Arrays in Python
2023-12-07 21:30:16.350 [main] INFO  page.HomePage - Title is Arrays in Python as expected
2023-12-07 21:30:17.294 [main] INFO  page.HomePage - Try Here Link works as expected...
2023-12-07 21:30:17.789 [main] INFO  page.HomePage - Try Here Link works as expected...
2023-12-07 21:30:17.907 [main] INFO  page.HomePage - Arrays Using List
2023-12-07 21:30:18.150 [main] INFO  page.HomePage - Title is Arrays Using List as expected
2023-12-07 21:30:18.733 [main] INFO  page.HomePage - Try Here Link works as expected...
2023-12-07 21:30:19.247 [main] INFO  page.HomePage - Try Here Link works as expected...
2023-12-07 21:30:19.365 [main] INFO  page.HomePage - Basic Operations in Lists
2023-12-07 21:30:19.614 [main] INFO  page.HomePage - Title is Basic Operations in Lists as expected
2023-12-07 21:30:20.167 [main] INFO  page.HomePage - Try Here Link works as expected...
2023-12-07 21:30:20.704 [main] INFO  page.HomePage - Try Here Link works as expected...
2023-12-07 21:30:20.802 [main] INFO  page.HomePage - Applications of Array
2023-12-07 21:30:21.089 [main] INFO  page.HomePage - Title is Applications of Array as expected
2023-12-07 21:30:21.679 [main] INFO  page.HomePage - Try Here Link works as expected...
2023-12-07 21:30:22.137 [main] INFO  page.HomePage - Try Here Link works as expected...
2023-12-07 21:30:23.128 [main] INFO  page.HomePage - The output result is as expected - not exist
2023-12-07 21:30:23.755 [main] INFO  page.HomePage - Alert error message is as expected...SyntaxError: bad input on line 4
2023-12-07 21:30:24.554 [main] INFO  page.HomePage - The output result is as expected - not exist
2023-12-07 21:30:25.122 [main] INFO  page.HomePage - Alert error message is as expected...SyntaxError: bad input on line 4
2023-12-07 21:30:25.906 [main] INFO  page.HomePage - The output result is as expected - not exist
2023-12-07 21:30:26.474 [main] INFO  page.HomePage - Alert error message is as expected...SyntaxError: bad input on line 4
2023-12-07 21:30:27.284 [main] INFO  page.HomePage - The output result is as expected - not exist
2023-12-07 21:30:27.876 [main] INFO  page.HomePage - Alert error message is as expected...SyntaxError: bad input on line 4
2023-12-07 22:13:21.262 [main] INFO  page.HomePage - User is in Home Page as expected
2023-12-07 22:13:21.295 [main] INFO  page.HomePage - User is in Home Page as expected
2023-12-07 22:13:21.601 [main] INFO  page.HomePage - Title is Array as expected
2023-12-07 22:13:21.666 [main] INFO  page.HomePage - Arrays in Python
2023-12-07 22:13:22.006 [main] INFO  page.HomePage - Title is Arrays in Python as expected
2023-12-07 22:13:22.944 [main] INFO  page.HomePage - Try Here Link works as expected...
2023-12-07 22:13:23.394 [main] INFO  page.HomePage - Try Here Link works as expected...
2023-12-07 22:13:23.504 [main] INFO  page.HomePage - Arrays Using List
2023-12-07 22:13:23.752 [main] INFO  page.HomePage - Title is Arrays Using List as expected
2023-12-07 22:13:24.312 [main] INFO  page.HomePage - Try Here Link works as expected...
2023-12-07 22:13:25.053 [main] INFO  page.HomePage - Try Here Link works as expected...
2023-12-07 22:13:25.173 [main] INFO  page.HomePage - Basic Operations in Lists
2023-12-07 22:13:25.490 [main] INFO  page.HomePage - Title is Basic Operations in Lists as expected
2023-12-07 22:13:26.038 [main] INFO  page.HomePage - Try Here Link works as expected...
2023-12-07 22:13:26.510 [main] INFO  page.HomePage - Try Here Link works as expected...
2023-12-07 22:13:26.589 [main] INFO  page.HomePage - Applications of Array
2023-12-07 22:13:26.854 [main] INFO  page.HomePage - Title is Applications of Array as expected
2023-12-07 22:13:27.385 [main] INFO  page.HomePage - Try Here Link works as expected...
2023-12-07 22:13:27.846 [main] INFO  page.HomePage - Try Here Link works as expected...
2023-12-07 22:13:28.834 [main] INFO  page.HomePage - The output result is as expected - not exist
2023-12-07 22:13:29.469 [main] INFO  page.HomePage - Alert error message is as expected...SyntaxError: bad input on line 4
2023-12-07 22:13:30.268 [main] INFO  page.HomePage - The output result is as expected - not exist
2023-12-07 22:13:30.854 [main] INFO  page.HomePage - Alert error message is as expected...SyntaxError: bad input on line 4
2023-12-07 22:13:31.637 [main] INFO  page.HomePage - The output result is as expected - not exist
2023-12-07 22:13:32.241 [main] INFO  page.HomePage - Alert error message is as expected...SyntaxError: bad input on line 4
2023-12-07 22:13:33.044 [main] INFO  page.HomePage - The output result is as expected - not exist
2023-12-07 22:13:33.612 [main] INFO  page.HomePage - Alert error message is as expected...SyntaxError: bad input on line 4
2023-12-07 22:22:59.626 [main] INFO  page.HomePage - User is in Home Page as expected
2023-12-07 22:22:59.658 [main] INFO  page.HomePage - User is in Home Page as expected
2023-12-07 22:22:59.955 [main] INFO  page.HomePage - Title is Array as expected
2023-12-07 22:23:00.025 [main] INFO  page.HomePage - Arrays in Python
2023-12-07 22:23:00.385 [main] INFO  page.HomePage - Title is Arrays in Python as expected
2023-12-07 22:23:01.318 [main] INFO  page.HomePage - Try Here Link works as expected...
2023-12-07 22:23:01.823 [main] INFO  page.HomePage - Try Here Link works as expected...
2023-12-07 22:23:01.934 [main] INFO  page.HomePage - Arrays Using List
2023-12-07 22:23:02.200 [main] INFO  page.HomePage - Title is Arrays Using List as expected
2023-12-07 22:23:02.813 [main] INFO  page.HomePage - Try Here Link works as expected...
2023-12-07 22:23:03.280 [main] INFO  page.HomePage - Try Here Link works as expected...
2023-12-07 22:23:03.382 [main] INFO  page.HomePage - Basic Operations in Lists
2023-12-07 22:23:03.667 [main] INFO  page.HomePage - Title is Basic Operations in Lists as expected
2023-12-07 22:23:04.196 [main] INFO  page.HomePage - Try Here Link works as expected...
2023-12-07 22:23:04.693 [main] INFO  page.HomePage - Try Here Link works as expected...
2023-12-07 22:23:04.786 [main] INFO  page.HomePage - Applications of Array
2023-12-07 22:23:05.036 [main] INFO  page.HomePage - Title is Applications of Array as expected
2023-12-07 22:23:05.538 [main] INFO  page.HomePage - Try Here Link works as expected...
2023-12-07 22:23:06.014 [main] INFO  page.HomePage - Try Here Link works as expected...
2023-12-07 22:23:08.340 [main] INFO  page.HomePage - The output result is as expected - 4
2023-12-07 22:25:48.932 [main] INFO  page.HomePage - User is in Home Page as expected
2023-12-07 22:25:48.960 [main] INFO  page.HomePage - User is in Home Page as expected
2023-12-07 22:25:49.215 [main] INFO  page.HomePage - Title is Array as expected
2023-12-07 22:25:49.273 [main] INFO  page.HomePage - Arrays in Python
2023-12-07 22:25:49.620 [main] INFO  page.HomePage - Title is Arrays in Python as expected
2023-12-07 22:25:50.590 [main] INFO  page.HomePage - Try Here Link works as expected...
2023-12-07 22:25:51.040 [main] INFO  page.HomePage - Try Here Link works as expected...
2023-12-07 22:25:51.150 [main] INFO  page.HomePage - Arrays Using List
2023-12-07 22:25:51.354 [main] INFO  page.HomePage - Title is Arrays Using List as expected
2023-12-07 22:25:51.917 [main] INFO  page.HomePage - Try Here Link works as expected...
2023-12-07 22:25:52.371 [main] INFO  page.HomePage - Try Here Link works as expected...
2023-12-07 22:25:52.453 [main] INFO  page.HomePage - Basic Operations in Lists
2023-12-07 22:25:52.735 [main] INFO  page.HomePage - Title is Basic Operations in Lists as expected
2023-12-07 22:25:53.267 [main] INFO  page.HomePage - Try Here Link works as expected...
2023-12-07 22:25:53.739 [main] INFO  page.HomePage - Try Here Link works as expected...
2023-12-07 22:25:53.829 [main] INFO  page.HomePage - Applications of Array
2023-12-07 22:25:54.080 [main] INFO  page.HomePage - Title is Applications of Array as expected
2023-12-07 22:25:54.600 [main] INFO  page.HomePage - Try Here Link works as expected...
2023-12-07 22:25:55.063 [main] INFO  page.HomePage - Try Here Link works as expected...
2023-12-07 22:25:56.054 [main] INFO  page.HomePage - The output result is as expected - not exist
2023-12-07 22:25:56.692 [main] INFO  page.HomePage - Alert error message is as expected...SyntaxError: bad input on line 4
2023-12-07 22:25:58.652 [main] INFO  page.HomePage - The output result is as expected - 4
2023-12-07 22:27:23.813 [main] INFO  page.HomePage - User is in Home Page as expected
2023-12-07 22:27:23.844 [main] INFO  page.HomePage - User is in Home Page as expected
2023-12-07 22:27:24.112 [main] INFO  page.HomePage - Title is Array as expected
2023-12-07 22:27:24.160 [main] INFO  page.HomePage - Arrays in Python
2023-12-07 22:27:24.502 [main] INFO  page.HomePage - Title is Arrays in Python as expected
2023-12-07 22:27:25.447 [main] INFO  page.HomePage - Try Here Link works as expected...
2023-12-07 22:27:25.908 [main] INFO  page.HomePage - Try Here Link works as expected...
2023-12-07 22:27:26.017 [main] INFO  page.HomePage - Arrays Using List
2023-12-07 22:27:26.235 [main] INFO  page.HomePage - Title is Arrays Using List as expected
2023-12-07 22:27:26.820 [main] INFO  page.HomePage - Try Here Link works as expected...
2023-12-07 22:27:27.309 [main] INFO  page.HomePage - Try Here Link works as expected...
2023-12-07 22:27:27.399 [main] INFO  page.HomePage - Basic Operations in Lists
2023-12-07 22:27:27.663 [main] INFO  page.HomePage - Title is Basic Operations in Lists as expected
2023-12-07 22:27:28.215 [main] INFO  page.HomePage - Try Here Link works as expected...
2023-12-07 22:27:28.681 [main] INFO  page.HomePage - Try Here Link works as expected...
2023-12-07 22:27:28.768 [main] INFO  page.HomePage - Applications of Array
2023-12-07 22:27:29.018 [main] INFO  page.HomePage - Title is Applications of Array as expected
2023-12-07 22:27:29.547 [main] INFO  page.HomePage - Try Here Link works as expected...
2023-12-07 22:27:29.999 [main] INFO  page.HomePage - Try Here Link works as expected...
2023-12-07 22:27:31.016 [main] INFO  page.HomePage - The output result is as expected - not exist
2023-12-07 22:27:31.668 [main] INFO  page.HomePage - Alert error message is as expected...SyntaxError: bad input on line 4
2023-12-07 22:27:33.677 [main] INFO  page.HomePage - The output result is as expected - 4
2023-12-07 22:33:59.495 [main] INFO  page.HomePage - User is in Home Page as expected
2023-12-07 22:33:59.526 [main] INFO  page.HomePage - User is in Home Page as expected
2023-12-07 22:33:59.798 [main] INFO  page.HomePage - Title is Array as expected
2023-12-07 22:33:59.847 [main] INFO  page.HomePage - Arrays in Python
2023-12-07 22:34:00.181 [main] INFO  page.HomePage - Title is Arrays in Python as expected
2023-12-07 22:34:01.101 [main] INFO  page.HomePage - Try Here Link works as expected...
2023-12-07 22:34:01.557 [main] INFO  page.HomePage - Try Here Link works as expected...
2023-12-07 22:34:01.661 [main] INFO  page.HomePage - Arrays Using List
2023-12-07 22:34:01.887 [main] INFO  page.HomePage - Title is Arrays Using List as expected
2023-12-07 22:34:02.435 [main] INFO  page.HomePage - Try Here Link works as expected...
2023-12-07 22:34:02.926 [main] INFO  page.HomePage - Try Here Link works as expected...
2023-12-07 22:34:03.010 [main] INFO  page.HomePage - Basic Operations in Lists
2023-12-07 22:34:03.290 [main] INFO  page.HomePage - Title is Basic Operations in Lists as expected
2023-12-07 22:34:03.819 [main] INFO  page.HomePage - Try Here Link works as expected...
2023-12-07 22:34:04.254 [main] INFO  page.HomePage - Try Here Link works as expected...
2023-12-07 22:34:04.342 [main] INFO  page.HomePage - Applications of Array
2023-12-07 22:34:04.585 [main] INFO  page.HomePage - Title is Applications of Array as expected
2023-12-07 22:34:05.123 [main] INFO  page.HomePage - Try Here Link works as expected...
2023-12-07 22:34:05.581 [main] INFO  page.HomePage - Try Here Link works as expected...
2023-12-07 22:34:06.586 [main] INFO  page.HomePage - The output result is as expected - not exist
2023-12-07 22:34:07.216 [main] INFO  page.HomePage - Alert error message is as expected...SyntaxError: bad input on line 4
2023-12-07 22:34:09.220 [main] INFO  page.HomePage - The output result is as expected - 4
2023-12-07 22:35:09.068 [main] INFO  page.HomePage - User is in Home Page as expected
2023-12-07 22:35:09.106 [main] INFO  page.HomePage - User is in Home Page as expected
2023-12-07 22:35:09.367 [main] INFO  page.HomePage - Title is Array as expected
2023-12-07 22:35:09.417 [main] INFO  page.HomePage - Arrays in Python
2023-12-07 22:35:09.756 [main] INFO  page.HomePage - Title is Arrays in Python as expected
2023-12-07 22:35:10.656 [main] INFO  page.HomePage - Try Here Link works as expected...
2023-12-07 22:35:11.113 [main] INFO  page.HomePage - Try Here Link works as expected...
2023-12-07 22:35:11.214 [main] INFO  page.HomePage - Arrays Using List
2023-12-07 22:35:11.444 [main] INFO  page.HomePage - Title is Arrays Using List as expected
2023-12-07 22:35:12.020 [main] INFO  page.HomePage - Try Here Link works as expected...
2023-12-07 22:35:12.475 [main] INFO  page.HomePage - Try Here Link works as expected...
2023-12-07 22:35:12.563 [main] INFO  page.HomePage - Basic Operations in Lists
2023-12-07 22:35:12.847 [main] INFO  page.HomePage - Title is Basic Operations in Lists as expected
2023-12-07 22:35:13.396 [main] INFO  page.HomePage - Try Here Link works as expected...
2023-12-07 22:35:13.869 [main] INFO  page.HomePage - Try Here Link works as expected...
2023-12-07 22:35:13.949 [main] INFO  page.HomePage - Applications of Array
2023-12-07 22:35:14.202 [main] INFO  page.HomePage - Title is Applications of Array as expected
2023-12-07 22:35:14.817 [main] INFO  page.HomePage - Try Here Link works as expected...
2023-12-07 22:35:15.303 [main] INFO  page.HomePage - Try Here Link works as expected...
2023-12-07 22:35:18.338 [main] INFO  page.HomePage - The output result is as expected - not exist
2023-12-07 22:35:21.085 [main] INFO  page.HomePage - Alert error message is as expected...SyntaxError: bad input on line 4
2023-12-07 22:35:25.063 [main] INFO  page.HomePage - The output result is as expected - 4
2023-12-07 22:36:37.822 [main] INFO  page.HomePage - User is in Home Page as expected
2023-12-07 22:36:37.852 [main] INFO  page.HomePage - User is in Home Page as expected
2023-12-07 22:36:38.121 [main] INFO  page.HomePage - Title is Array as expected
2023-12-07 22:36:38.169 [main] INFO  page.HomePage - Arrays in Python
2023-12-07 22:36:38.514 [main] INFO  page.HomePage - Title is Arrays in Python as expected
2023-12-07 22:36:39.443 [main] INFO  page.HomePage - Try Here Link works as expected...
2023-12-07 22:36:39.937 [main] INFO  page.HomePage - Try Here Link works as expected...
2023-12-07 22:36:40.045 [main] INFO  page.HomePage - Arrays Using List
2023-12-07 22:36:40.275 [main] INFO  page.HomePage - Title is Arrays Using List as expected
2023-12-07 22:36:40.847 [main] INFO  page.HomePage - Try Here Link works as expected...
2023-12-07 22:36:41.305 [main] INFO  page.HomePage - Try Here Link works as expected...
2023-12-07 22:36:41.391 [main] INFO  page.HomePage - Basic Operations in Lists
2023-12-07 22:36:41.672 [main] INFO  page.HomePage - Title is Basic Operations in Lists as expected
2023-12-07 22:36:42.175 [main] INFO  page.HomePage - Try Here Link works as expected...
2023-12-07 22:36:42.670 [main] INFO  page.HomePage - Try Here Link works as expected...
2023-12-07 22:36:42.757 [main] INFO  page.HomePage - Applications of Array
2023-12-07 22:36:42.989 [main] INFO  page.HomePage - Title is Applications of Array as expected
2023-12-07 22:36:43.531 [main] INFO  page.HomePage - Try Here Link works as expected...
2023-12-07 22:36:43.974 [main] INFO  page.HomePage - Try Here Link works as expected...
2023-12-07 22:36:47.001 [main] INFO  page.HomePage - The output result is as expected - not exist
2023-12-07 22:36:49.723 [main] INFO  page.HomePage - Alert error message is as expected...SyntaxError: bad input on line 4
2023-12-07 22:36:53.672 [main] INFO  page.HomePage - The output result is as expected - 4
2023-12-07 22:36:57.496 [main] INFO  page.HomePage - Alert error message is as expected...SyntaxError: bad input on line 11
2023-12-07 22:37:02.453 [main] INFO  page.HomePage - The output result is as expected - 4
2023-12-07 22:37:06.467 [main] INFO  page.HomePage - Alert error message is as expected...SyntaxError: unindent does not match any outer indentation level on line 5
2023-12-07 22:37:10.394 [main] INFO  page.HomePage - The output result is as expected - 4
2023-12-07 22:37:14.152 [main] INFO  page.HomePage - Alert error message is as expected...SyntaxError: bad input on line 1
2023-12-07 22:39:51.318 [main] INFO  page.HomePage - User is in Home Page as expected
2023-12-07 22:39:51.346 [main] INFO  page.HomePage - User is in Home Page as expected
2023-12-07 22:39:51.620 [main] INFO  page.HomePage - Title is Array as expected
2023-12-07 22:39:51.675 [main] INFO  page.HomePage - Arrays in Python
2023-12-07 22:39:52.029 [main] INFO  page.HomePage - Title is Arrays in Python as expected
2023-12-07 22:39:52.957 [main] INFO  page.HomePage - Try Here Link works as expected...
2023-12-07 22:39:53.417 [main] INFO  page.HomePage - Try Here Link works as expected...
2023-12-07 22:39:53.523 [main] INFO  page.HomePage - Arrays Using List
2023-12-07 22:39:53.736 [main] INFO  page.HomePage - Title is Arrays Using List as expected
2023-12-07 22:39:54.312 [main] INFO  page.HomePage - Try Here Link works as expected...
2023-12-07 22:39:54.762 [main] INFO  page.HomePage - Try Here Link works as expected...
2023-12-07 22:39:54.857 [main] INFO  page.HomePage - Basic Operations in Lists
2023-12-07 22:39:55.137 [main] INFO  page.HomePage - Title is Basic Operations in Lists as expected
2023-12-07 22:39:55.754 [main] INFO  page.HomePage - Try Here Link works as expected...
2023-12-07 22:39:56.197 [main] INFO  page.HomePage - Try Here Link works as expected...
2023-12-07 22:39:56.284 [main] INFO  page.HomePage - Applications of Array
2023-12-07 22:39:56.526 [main] INFO  page.HomePage - Title is Applications of Array as expected
2023-12-07 22:39:57.090 [main] INFO  page.HomePage - Try Here Link works as expected...
2023-12-07 22:39:57.555 [main] INFO  page.HomePage - Try Here Link works as expected...
2023-12-07 22:39:58.548 [main] INFO  page.HomePage - The output result is as expected - not exist
2023-12-07 22:39:59.187 [main] INFO  page.HomePage - Alert error message is as expected...SyntaxError: bad input on line 4
2023-12-07 22:40:01.148 [main] INFO  page.HomePage - The output result is as expected - 4
2023-12-07 22:40:02.935 [main] INFO  page.HomePage - Alert error message is as expected...SyntaxError: bad input on line 11
2023-12-07 22:40:04.850 [main] INFO  page.HomePage - The output result is as expected - 4
2023-12-07 22:40:06.577 [main] INFO  page.HomePage - Alert error message is as expected...SyntaxError: unindent does not match any outer indentation level on line 5
2023-12-07 22:40:08.462 [main] INFO  page.HomePage - The output result is as expected - 4
2023-12-07 22:40:10.186 [main] INFO  page.HomePage - Alert error message is as expected...SyntaxError: bad input on line 1
2023-12-07 22:43:17.952 [main] INFO  page.PortalPage - Opening Portal Page...
2023-12-07 22:43:18.315 [main] INFO  page.PortalPage - Clicking Get started button....
2023-12-07 22:43:18.753 [main] INFO  page.HomePage - Opening home page...
2023-12-07 22:43:18.864 [main] INFO  page.HomePage - USER IS IN HOME PAGE
2023-12-07 22:43:21.989 [main] INFO  page.PortalPage - Opening Portal Page...
2023-12-07 22:43:22.314 [main] INFO  page.PortalPage - Clicking Get started button....
2023-12-07 22:43:22.782 [main] INFO  page.HomePage - Opening home page...
2023-12-07 22:43:22.869 [main] INFO  page.HomePage - USER IS IN HOME PAGE
2023-12-07 22:43:22.870 [main] INFO  page.HomePage - Clicking on data structures link
2023-12-07 22:43:23.017 [main] INFO  page.HomePage - 6 items available in the DataStructure dropdown
2023-12-07 22:43:26.089 [main] INFO  page.PortalPage - Opening Portal Page...
2023-12-07 22:43:26.440 [main] INFO  page.PortalPage - Clicking Get started button....
2023-12-07 22:43:26.924 [main] INFO  page.HomePage - Opening home page...
2023-12-07 22:43:26.988 [main] INFO  page.HomePage - USER IS IN HOME PAGE
2023-12-07 22:43:26.989 [main] INFO  page.HomePage - Clicking on array link
2023-12-07 22:43:27.307 [main] INFO  page.HomePage - You are not logged in is displayed as expected
2023-12-07 22:43:30.629 [main] INFO  page.PortalPage - Opening Portal Page...
2023-12-07 22:43:30.990 [main] INFO  page.PortalPage - Clicking Get started button....
2023-12-07 22:43:31.400 [main] INFO  page.HomePage - Opening home page...
2023-12-07 22:43:31.479 [main] INFO  page.HomePage - USER IS IN HOME PAGE
2023-12-07 22:43:31.925 [main] INFO  page.HomePage - You are not logged in is displayed as expected
2023-12-07 22:43:34.820 [main] INFO  page.PortalPage - Opening Portal Page...
2023-12-07 22:43:35.203 [main] INFO  page.PortalPage - Clicking Get started button....
2023-12-07 22:43:35.655 [main] INFO  page.HomePage - Opening home page...
2023-12-07 22:43:35.704 [main] INFO  page.HomePage - USER IS IN HOME PAGE
2023-12-07 22:43:35.706 [main] INFO  page.HomePage - Clicking on sign in link...
2023-12-07 22:43:35.968 [main] INFO  page.HomePage - USER IS IN SIGN IN PAGE
2023-12-07 22:43:39.081 [main] INFO  page.PortalPage - Opening Portal Page...
2023-12-07 22:43:39.342 [main] INFO  page.PortalPage - Clicking Get started button....
2023-12-07 22:43:39.910 [main] INFO  page.HomePage - Opening home page...
2023-12-07 22:43:39.979 [main] INFO  page.HomePage - USER IS IN HOME PAGE
2023-12-07 22:43:39.985 [main] INFO  page.HomePage - Clicking on Register link...
2023-12-07 22:43:40.268 [main] INFO  page.HomePage - USER IS IN REGISTER PAGE
2023-12-07 22:43:43.978 [main] INFO  page.RegisterPage - Please fill out this field. message is displayed as expected
2023-12-07 22:43:47.793 [main] INFO  page.RegisterPage - Please fill out this field. message is displayed as expected
2023-12-07 22:43:51.644 [main] INFO  page.RegisterPage - Please fill out this field. message is displayed as expected
2023-12-07 22:43:55.806 [main] INFO  page.RegisterPage - password_mismatch:The two password fields didnt match. message is displayed as expected
2023-12-07 22:43:59.783 [main] INFO  page.RegisterPage - password_mismatch:The two password fields didnt match. message is displayed as expected
2023-12-07 22:44:03.911 [main] INFO  page.RegisterPage - password_mismatch:The two password fields didnt match. message is displayed as expected
2023-12-07 22:44:08.101 [main] INFO  page.RegisterPage - password_mismatch:The two password fields didnt match. message is displayed as expected
2023-12-07 22:44:12.484 [main] INFO  page.RegisterPage - Home page is displayed successfully with message New Account Created. You are logged in as NumNi16@gmail.com
2023-12-07 22:44:27.762 [main] DEBUG org.apache.poi.openxml4j.opc.PackageRelationshipCollection - Parsing relationship: /xl/_rels/workbook.xml.rels
2023-12-07 22:44:27.802 [main] DEBUG org.apache.poi.openxml4j.opc.PackageRelationshipCollection - Parsing relationship: /_rels/.rels
2023-12-07 22:44:28.971 [main] INFO  page.RegisterPage - Actual Result is Invalid Username and Password - As expected
2023-12-07 22:44:32.620 [main] DEBUG org.apache.poi.openxml4j.opc.PackageRelationshipCollection - Parsing relationship: /xl/_rels/workbook.xml.rels
2023-12-07 22:44:32.623 [main] DEBUG org.apache.poi.openxml4j.opc.PackageRelationshipCollection - Parsing relationship: /_rels/.rels
2023-12-07 22:44:33.193 [main] INFO  page.RegisterPage - Actual Result is Invalid Username and Password - As expected
2023-12-07 22:44:36.777 [main] DEBUG org.apache.poi.openxml4j.opc.PackageRelationshipCollection - Parsing relationship: /xl/_rels/workbook.xml.rels
2023-12-07 22:44:36.778 [main] DEBUG org.apache.poi.openxml4j.opc.PackageRelationshipCollection - Parsing relationship: /_rels/.rels
2023-12-07 22:44:37.377 [main] INFO  page.RegisterPage - Actual Result is Invalid Username and Password - As expected
2023-12-07 22:44:41.001 [main] DEBUG org.apache.poi.openxml4j.opc.PackageRelationshipCollection - Parsing relationship: /xl/_rels/workbook.xml.rels
2023-12-07 22:44:41.001 [main] DEBUG org.apache.poi.openxml4j.opc.PackageRelationshipCollection - Parsing relationship: /_rels/.rels
2023-12-07 22:44:41.837 [main] INFO  page.RegisterPage - Actual Result is You are logged in - As expected
2023-12-07 22:44:46.025 [main] INFO  page.HomePage - User is in Home Page as expected
2023-12-07 22:44:46.044 [main] INFO  page.HomePage - User is in Home Page as expected
2023-12-07 22:44:46.313 [main] INFO  page.HomePage - Title is Data Structures-Introduction as expected
2023-12-07 22:44:46.353 [main] INFO  page.HomePage - Time Complexity
2023-12-07 22:44:46.559 [main] INFO  page.HomePage - Title is Time Complexity as expected
2023-12-07 22:44:47.514 [main] INFO  page.HomePage - Try Here Link works as expected...
2023-12-07 22:44:47.965 [main] INFO  page.HomePage - Try Here Link works as expected...
2023-12-07 22:44:52.199 [main] INFO  page.HomePage - User is in Home Page as expected
2023-12-07 22:44:52.219 [main] INFO  page.HomePage - User is in Home Page as expected
2023-12-07 22:44:52.509 [main] INFO  page.HomePage - Title is Array as expected
2023-12-07 22:44:52.547 [main] INFO  page.HomePage - Arrays in Python
2023-12-07 22:44:52.900 [main] INFO  page.HomePage - Title is Arrays in Python as expected
2023-12-07 22:44:53.821 [main] INFO  page.HomePage - Try Here Link works as expected...
2023-12-07 22:44:54.275 [main] INFO  page.HomePage - Try Here Link works as expected...
2023-12-07 22:44:54.386 [main] INFO  page.HomePage - Arrays Using List
2023-12-07 22:44:54.651 [main] INFO  page.HomePage - Title is Arrays Using List as expected
2023-12-07 22:44:55.412 [main] INFO  page.HomePage - Try Here Link works as expected...
2023-12-07 22:44:55.893 [main] INFO  page.HomePage - Try Here Link works as expected...
2023-12-07 22:44:55.994 [main] INFO  page.HomePage - Basic Operations in Lists
2023-12-07 22:44:56.245 [main] INFO  page.HomePage - Title is Basic Operations in Lists as expected
2023-12-07 22:44:56.788 [main] INFO  page.HomePage - Try Here Link works as expected...
2023-12-07 22:44:57.237 [main] INFO  page.HomePage - Try Here Link works as expected...
2023-12-07 22:44:57.327 [main] INFO  page.HomePage - Applications of Array
2023-12-07 22:44:57.614 [main] INFO  page.HomePage - Title is Applications of Array as expected
2023-12-07 22:44:58.124 [main] INFO  page.HomePage - Try Here Link works as expected...
2023-12-07 22:44:58.584 [main] INFO  page.HomePage - Try Here Link works as expected...
2023-12-07 22:44:59.618 [main] INFO  page.HomePage - The output result is as expected - not exist
2023-12-07 22:45:00.282 [main] INFO  page.HomePage - Alert error message is as expected...SyntaxError: bad input on line 4
2023-12-07 22:45:02.224 [main] INFO  page.HomePage - The output result is as expected - 4
2023-12-07 22:45:04.030 [main] INFO  page.HomePage - Alert error message is as expected...SyntaxError: bad input on line 11
2023-12-07 22:45:05.993 [main] INFO  page.HomePage - The output result is as expected - 4
2023-12-07 22:45:07.715 [main] INFO  page.HomePage - Alert error message is as expected...SyntaxError: unindent does not match any outer indentation level on line 5
2023-12-07 22:45:09.633 [main] INFO  page.HomePage - The output result is as expected - 4
2023-12-07 22:45:11.411 [main] INFO  page.HomePage - Alert error message is as expected...SyntaxError: bad input on line 1
2023-12-07 22:45:15.725 [main] INFO  page.HomePage - User is in Home Page as expected
2023-12-07 22:45:15.755 [main] INFO  page.HomePage - User is in Home Page as expected
2023-12-07 22:45:16.035 [main] INFO  page.HomePage - Title is Linked List as expected
2023-12-07 22:45:16.081 [main] INFO  page.HomePage - Introduction
2023-12-07 22:45:16.343 [main] INFO  page.HomePage - Title is Introduction as expected
2023-12-07 22:45:17.272 [main] INFO  page.HomePage - Try Here Link works as expected...
2023-12-07 22:45:17.725 [main] INFO  page.HomePage - Try Here Link works as expected...
2023-12-07 22:45:17.824 [main] INFO  page.HomePage - Creating Linked LIst
2023-12-07 22:45:18.025 [main] INFO  page.HomePage - Title is Creating Linked LIst as expected
2023-12-07 22:45:18.547 [main] INFO  page.HomePage - Try Here Link works as expected...
2023-12-07 22:45:18.987 [main] INFO  page.HomePage - Try Here Link works as expected...
2023-12-07 22:45:19.103 [main] INFO  page.HomePage - Types of Linked List
2023-12-07 22:45:19.440 [main] INFO  page.HomePage - Title is Types of Linked List as expected
2023-12-07 22:45:19.985 [main] INFO  page.HomePage - Try Here Link works as expected...
2023-12-07 22:45:20.444 [main] INFO  page.HomePage - Try Here Link works as expected...
2023-12-07 22:45:20.581 [main] INFO  page.HomePage - Implement Linked List in Python
2023-12-07 22:45:20.806 [main] INFO  page.HomePage - Title is Implement Linked List in Python as expected
2023-12-07 22:45:21.322 [main] INFO  page.HomePage - Try Here Link works as expected...
2023-12-07 22:45:21.775 [main] INFO  page.HomePage - Try Here Link works as expected...
2023-12-07 22:45:21.874 [main] INFO  page.HomePage - Traversal
2023-12-07 22:45:22.135 [main] INFO  page.HomePage - Title is Traversal as expected
2023-12-07 22:45:22.642 [main] INFO  page.HomePage - Try Here Link works as expected...
2023-12-07 22:45:23.109 [main] INFO  page.HomePage - Try Here Link works as expected...
2023-12-07 22:45:23.205 [main] INFO  page.HomePage - Insertion
2023-12-07 22:45:23.465 [main] INFO  page.HomePage - Title is Insertion as expected
2023-12-07 22:45:24.041 [main] INFO  page.HomePage - Try Here Link works as expected...
2023-12-07 22:45:24.490 [main] INFO  page.HomePage - Try Here Link works as expected...
2023-12-07 22:45:24.611 [main] INFO  page.HomePage - Deletion
2023-12-07 22:45:24.835 [main] INFO  page.HomePage - Title is Deletion as expected
2023-12-07 22:45:25.376 [main] INFO  page.HomePage - Try Here Link works as expected...
2023-12-07 22:45:25.846 [main] INFO  page.HomePage - Try Here Link works as expected...
2023-12-07 22:45:30.168 [main] INFO  page.HomePage - User is in Home Page as expected
2023-12-07 22:45:30.187 [main] INFO  page.HomePage - User is in Home Page as expected
2023-12-07 22:45:30.443 [main] INFO  page.HomePage - Title is Stack as expected
2023-12-07 22:45:30.467 [main] INFO  page.HomePage - Operations in Stack
2023-12-07 22:45:30.757 [main] INFO  page.HomePage - Title is Operations in Stack as expected
2023-12-07 22:45:31.694 [main] INFO  page.HomePage - Try Here Link works as expected...
2023-12-07 22:45:32.153 [main] INFO  page.HomePage - Try Here Link works as expected...
2023-12-07 22:45:32.257 [main] INFO  page.HomePage - Implementation
2023-12-07 22:45:32.470 [main] INFO  page.HomePage - Title is Implementation as expected
2023-12-07 22:45:33.028 [main] INFO  page.HomePage - Try Here Link works as expected...
2023-12-07 22:45:33.463 [main] INFO  page.HomePage - Try Here Link works as expected...
2023-12-07 22:45:33.572 [main] INFO  page.HomePage - Applications
2023-12-07 22:45:33.821 [main] INFO  page.HomePage - Title is Applications as expected
2023-12-07 22:45:34.345 [main] INFO  page.HomePage - Try Here Link works as expected...
2023-12-07 22:45:34.790 [main] INFO  page.HomePage - Try Here Link works as expected...
2023-12-07 22:45:39.112 [main] INFO  page.HomePage - User is in Home Page as expected
2023-12-07 22:45:39.121 [main] INFO  page.HomePage - User is in Home Page as expected
2023-12-07 22:45:39.393 [main] INFO  page.HomePage - Title is Queue as expected
2023-12-07 22:45:39.418 [main] INFO  page.HomePage - Implementation of Queue in Python
2023-12-07 22:45:39.662 [main] INFO  page.HomePage - Title is Implementation of Queue in Python as expected
2023-12-07 22:45:40.523 [main] INFO  page.HomePage - Try Here Link works as expected...
2023-12-07 22:45:40.967 [main] INFO  page.HomePage - Try Here Link works as expected...
2023-12-07 22:45:41.066 [main] INFO  page.HomePage - Implementation using collections.deque
2023-12-07 22:45:41.267 [main] INFO  page.HomePage - Title is Implementation using collections.deque as expected
2023-12-07 22:45:41.829 [main] INFO  page.HomePage - Try Here Link works as expected...
2023-12-07 22:45:42.263 [main] INFO  page.HomePage - Try Here Link works as expected...
2023-12-07 22:45:42.350 [main] INFO  page.HomePage - Implementation using array
2023-12-07 22:45:42.563 [main] INFO  page.HomePage - Title is Implementation using array as expected
2023-12-07 22:45:43.088 [main] INFO  page.HomePage - Try Here Link works as expected...
2023-12-07 22:45:43.551 [main] INFO  page.HomePage - Try Here Link works as expected...
2023-12-07 22:45:43.646 [main] INFO  page.HomePage - Queue Operations
2023-12-07 22:45:43.885 [main] INFO  page.HomePage - Title is Queue Operations as expected
2023-12-07 22:45:44.408 [main] INFO  page.HomePage - Try Here Link works as expected...
2023-12-07 22:45:44.860 [main] INFO  page.HomePage - Try Here Link works as expected...
2023-12-07 22:45:49.128 [main] INFO  page.HomePage - User is in Home Page as expected
2023-12-07 22:45:49.145 [main] INFO  page.HomePage - User is in Home Page as expected
2023-12-07 22:45:49.407 [main] INFO  page.HomePage - Title is Tree as expected
2023-12-07 22:45:49.444 [main] INFO  page.HomePage - Overview of Trees
2023-12-07 22:45:49.695 [main] INFO  page.HomePage - Title is Overview of Trees as expected
2023-12-07 22:45:50.583 [main] INFO  page.HomePage - Try Here Link works as expected...
2023-12-07 22:45:51.044 [main] INFO  page.HomePage - Try Here Link works as expected...
2023-12-07 22:45:51.147 [main] INFO  page.HomePage - Terminologies
2023-12-07 22:45:51.376 [main] INFO  page.HomePage - Title is Terminologies as expected
2023-12-07 22:45:51.955 [main] INFO  page.HomePage - Try Here Link works as expected...
2023-12-07 22:45:52.383 [main] INFO  page.HomePage - Try Here Link works as expected...
2023-12-07 22:45:52.472 [main] INFO  page.HomePage - Types of Trees
2023-12-07 22:45:52.734 [main] INFO  page.HomePage - Title is Types of Trees as expected
2023-12-07 22:45:53.235 [main] INFO  page.HomePage - Try Here Link works as expected...
2023-12-07 22:45:53.665 [main] INFO  page.HomePage - Try Here Link works as expected...
2023-12-07 22:45:53.767 [main] INFO  page.HomePage - Tree Traversals
2023-12-07 22:45:54.034 [main] INFO  page.HomePage - Title is Tree Traversals as expected
2023-12-07 22:45:54.616 [main] INFO  page.HomePage - Try Here Link works as expected...
2023-12-07 22:45:55.107 [main] INFO  page.HomePage - Try Here Link works as expected...
2023-12-07 22:45:55.197 [main] INFO  page.HomePage - Traversals-Illustration
2023-12-07 22:45:55.513 [main] INFO  page.HomePage - Title is Traversals-Illustration as expected
2023-12-07 22:45:56.025 [main] INFO  page.HomePage - Try Here Link works as expected...
2023-12-07 22:45:56.480 [main] INFO  page.HomePage - Try Here Link works as expected...
2023-12-07 22:45:56.571 [main] INFO  page.HomePage - Binary Trees
2023-12-07 22:45:56.893 [main] INFO  page.HomePage - Title is Binary Trees as expected
2023-12-07 22:45:57.419 [main] INFO  page.HomePage - Try Here Link works as expected...
2023-12-07 22:45:57.853 [main] INFO  page.HomePage - Try Here Link works as expected...
2023-12-07 22:45:57.960 [main] INFO  page.HomePage - Types of Binary Trees
2023-12-07 22:45:58.343 [main] INFO  page.HomePage - Title is Types of Binary Trees as expected
2023-12-07 22:45:58.941 [main] INFO  page.HomePage - Try Here Link works as expected...
2023-12-07 22:45:59.406 [main] INFO  page.HomePage - Try Here Link works as expected...
2023-12-07 22:45:59.505 [main] INFO  page.HomePage - Implementation in Python
2023-12-07 22:45:59.764 [main] INFO  page.HomePage - Title is Implementation in Python as expected
2023-12-07 22:46:00.359 [main] INFO  page.HomePage - Try Here Link works as expected...
2023-12-07 22:46:00.814 [main] INFO  page.HomePage - Try Here Link works as expected...
2023-12-07 22:46:00.910 [main] INFO  page.HomePage - Binary Tree Traversals
2023-12-07 22:46:01.211 [main] INFO  page.HomePage - Title is Binary Tree Traversals as expected
2023-12-07 22:46:01.763 [main] INFO  page.HomePage - Try Here Link works as expected...
2023-12-07 22:46:02.225 [main] INFO  page.HomePage - Try Here Link works as expected...
2023-12-07 22:46:02.340 [main] INFO  page.HomePage - Implementation of Binary Trees
2023-12-07 22:46:02.623 [main] INFO  page.HomePage - Title is Implementation of Binary Trees as expected
2023-12-07 22:46:03.159 [main] INFO  page.HomePage - Try Here Link works as expected...
2023-12-07 22:46:03.609 [main] INFO  page.HomePage - Try Here Link works as expected...
2023-12-07 22:46:03.736 [main] INFO  page.HomePage - Applications of Binary trees
2023-12-07 22:46:04.007 [main] INFO  page.HomePage - Title is Applications of Binary trees as expected
2023-12-07 22:46:04.544 [main] INFO  page.HomePage - Try Here Link works as expected...
2023-12-07 22:46:04.985 [main] INFO  page.HomePage - Try Here Link works as expected...
2023-12-07 22:46:05.084 [main] INFO  page.HomePage - Binary Search Trees
2023-12-07 22:46:05.550 [main] INFO  page.HomePage - Title is Binary Search Trees as expected
2023-12-07 22:46:06.103 [main] INFO  page.HomePage - Try Here Link works as expected...
2023-12-07 22:46:06.556 [main] INFO  page.HomePage - Try Here Link works as expected...
2023-12-07 22:46:06.652 [main] INFO  page.HomePage - Implementation Of BST
2023-12-07 22:46:06.919 [main] INFO  page.HomePage - Title is Implementation Of BST as expected
2023-12-07 22:46:07.460 [main] INFO  page.HomePage - Try Here Link works as expected...
2023-12-07 22:46:07.913 [main] INFO  page.HomePage - Try Here Link works as expected...
2023-12-07 22:46:12.173 [main] INFO  page.HomePage - User is in Home Page as expected
2023-12-07 22:46:12.190 [main] INFO  page.HomePage - User is in Home Page as expected
2023-12-07 22:46:12.420 [main] INFO  page.HomePage - Title is Graph as expected
2023-12-07 22:46:12.464 [main] INFO  page.HomePage - Graph
2023-12-07 22:46:12.704 [main] INFO  page.HomePage - Title is Graph as expected
2023-12-07 22:46:13.656 [main] INFO  page.HomePage - Try Here Link works as expected...
2023-12-07 22:46:14.105 [main] INFO  page.HomePage - Try Here Link works as expected...
2023-12-07 22:46:14.204 [main] INFO  page.HomePage - Graph Representations
2023-12-07 22:46:14.524 [main] INFO  page.HomePage - Title is Graph Representations as expected
2023-12-07 22:46:15.044 [main] INFO  page.HomePage - Try Here Link works as expected...
2023-12-07 22:46:15.500 [main] INFO  page.HomePage - Try Here Link works as expected...
