2023-12-13 09:03:11.821 [main] INFO  page.PortalPage - Opening Portal Page...
2023-12-13 09:03:12.371 [main] INFO  page.PortalPage - Clicking Get started button....
2023-12-13 09:03:12.872 [main] INFO  page.HomePage - Opening home page...
2023-12-13 09:03:12.984 [main] INFO  page.HomePage - USER IS IN HOME PAGE
2023-12-13 09:03:19.233 [main] INFO  page.PortalPage - Opening Portal Page...
2023-12-13 09:03:19.688 [main] INFO  page.PortalPage - Clicking Get started button....
2023-12-13 09:03:20.207 [main] INFO  page.HomePage - Opening home page...
2023-12-13 09:03:20.290 [main] INFO  page.HomePage - USER IS IN HOME PAGE
2023-12-13 09:03:20.303 [main] INFO  page.HomePage - Clicking on data structures link
2023-12-13 09:03:20.476 [main] INFO  page.HomePage - 6 items available in the DataStructure dropdown
2023-12-13 09:03:29.149 [main] INFO  page.PortalPage - Opening Portal Page...
2023-12-13 09:03:29.506 [main] INFO  page.PortalPage - Clicking Get started button....
2023-12-13 09:03:29.993 [main] INFO  page.HomePage - Opening home page...
2023-12-13 09:03:30.062 [main] INFO  page.HomePage - USER IS IN HOME PAGE
2023-12-13 09:03:30.071 [main] INFO  page.HomePage - Clicking on array link
2023-12-13 09:03:30.451 [main] INFO  page.HomePage - You are not logged in is displayed as expected
2023-12-13 09:03:36.801 [main] INFO  page.PortalPage - Opening Portal Page...
2023-12-13 09:03:37.144 [main] INFO  page.PortalPage - Clicking Get started button....
2023-12-13 09:03:37.664 [main] INFO  page.HomePage - Opening home page...
2023-12-13 09:03:37.801 [main] INFO  page.HomePage - USER IS IN HOME PAGE
2023-12-13 09:03:38.291 [main] INFO  page.HomePage - You are not logged in is displayed as expected
2023-12-13 09:03:45.717 [main] INFO  page.PortalPage - Opening Portal Page...
2023-12-13 09:03:46.044 [main] INFO  page.PortalPage - Clicking Get started button....
2023-12-13 09:03:46.602 [main] INFO  page.HomePage - Opening home page...
2023-12-13 09:03:46.657 [main] INFO  page.HomePage - USER IS IN HOME PAGE
2023-12-13 09:03:46.670 [main] INFO  page.HomePage - Clicking on sign in link...
2023-12-13 09:03:46.957 [main] INFO  page.HomePage - USER IS IN SIGN IN PAGE
2023-12-13 09:03:56.340 [main] INFO  page.PortalPage - Opening Portal Page...
2023-12-13 09:03:56.598 [main] INFO  page.PortalPage - Clicking Get started button....
2023-12-13 09:03:57.198 [main] INFO  page.HomePage - Opening home page...
2023-12-13 09:03:57.291 [main] INFO  page.HomePage - USER IS IN HOME PAGE
2023-12-13 09:03:57.298 [main] INFO  page.HomePage - Clicking on Register link...
2023-12-13 09:03:57.648 [main] INFO  page.HomePage - USER IS IN REGISTER PAGE
2023-12-13 09:04:13.171 [main] INFO  page.RegisterPage - Please fill out this field. message is displayed as expected
2023-12-13 09:04:20.668 [main] INFO  page.RegisterPage - Please fill out this field. message is displayed as expected
2023-12-13 09:04:48.012 [main] INFO  page.RegisterPage - Please fill out this field. message is displayed as expected
2023-12-13 09:04:58.552 [main] INFO  page.RegisterPage - password_mismatch:The two password fields didn’t match. message is displayed as expected
2023-12-13 09:05:04.132 [main] INFO  page.RegisterPage - password_mismatch:The two password fields didn’t match. message is displayed as expected
2023-12-13 09:05:09.849 [main] INFO  page.RegisterPage - password_mismatch:The two password fields didn’t match. message is displayed as expected
2023-12-13 09:05:17.713 [main] INFO  page.RegisterPage - password_mismatch:The two password fields didn’t match. message is displayed as expected
2023-12-13 09:05:55.737 [main] DEBUG org.apache.poi.openxml4j.opc.PackageRelationshipCollection - Parsing relationship: /xl/_rels/workbook.xml.rels
2023-12-13 09:05:55.786 [main] DEBUG org.apache.poi.openxml4j.opc.PackageRelationshipCollection - Parsing relationship: /_rels/.rels
2023-12-13 09:05:57.597 [main] INFO  page.RegisterPage - Actual Result is Invalid Username and Password - As expected
2023-12-13 09:06:01.872 [main] DEBUG org.apache.poi.openxml4j.opc.PackageRelationshipCollection - Parsing relationship: /xl/_rels/workbook.xml.rels
2023-12-13 09:06:01.877 [main] DEBUG org.apache.poi.openxml4j.opc.PackageRelationshipCollection - Parsing relationship: /_rels/.rels
2023-12-13 09:06:02.547 [main] INFO  page.RegisterPage - Actual Result is Invalid Username and Password - As expected
2023-12-13 09:06:06.327 [main] DEBUG org.apache.poi.openxml4j.opc.PackageRelationshipCollection - Parsing relationship: /xl/_rels/workbook.xml.rels
2023-12-13 09:06:06.334 [main] DEBUG org.apache.poi.openxml4j.opc.PackageRelationshipCollection - Parsing relationship: /_rels/.rels
2023-12-13 09:06:07.039 [main] INFO  page.RegisterPage - Actual Result is Invalid Username and Password - As expected
2023-12-13 09:06:10.795 [main] DEBUG org.apache.poi.openxml4j.opc.PackageRelationshipCollection - Parsing relationship: /xl/_rels/workbook.xml.rels
2023-12-13 09:06:10.796 [main] DEBUG org.apache.poi.openxml4j.opc.PackageRelationshipCollection - Parsing relationship: /_rels/.rels
2023-12-13 09:06:11.689 [main] INFO  page.RegisterPage - Actual Result is You are logged in - As expected
2023-12-13 09:06:16.183 [main] INFO  page.HomePage - User is in Home Page as expected
2023-12-13 09:06:16.222 [main] INFO  page.HomePage - User is in Home Page as expected
2023-12-13 09:06:16.489 [main] INFO  page.HomePage - Title is Data Structures-Introduction as expected
2023-12-13 09:06:16.548 [main] INFO  page.HomePage - Time Complexity
2023-12-13 09:06:16.775 [main] INFO  page.HomePage - Title is Time Complexity as expected
2023-12-13 09:06:17.811 [main] INFO  page.HomePage - Try Here Link works as expected...
2023-12-13 09:06:18.293 [main] INFO  page.HomePage - Try Here Link works as expected...
2023-12-13 09:06:23.001 [main] INFO  page.HomePage - User is in Home Page as expected
2023-12-13 09:06:23.023 [main] INFO  page.HomePage - User is in Home Page as expected
2023-12-13 09:06:23.344 [main] INFO  page.HomePage - Title is Array as expected
2023-12-13 09:06:23.424 [main] INFO  page.HomePage - Arrays in Python
2023-12-13 09:06:24.180 [main] INFO  page.HomePage - Title is Arrays in Python as expected
2023-12-13 09:06:25.272 [main] INFO  page.HomePage - Try Here Link works as expected...
2023-12-13 09:06:25.845 [main] INFO  page.HomePage - Try Here Link works as expected...
2023-12-13 09:06:25.940 [main] INFO  page.HomePage - Arrays Using List
2023-12-13 09:06:26.191 [main] INFO  page.HomePage - Title is Arrays Using List as expected
2023-12-13 09:06:26.845 [main] INFO  page.HomePage - Try Here Link works as expected...
2023-12-13 09:06:27.397 [main] INFO  page.HomePage - Try Here Link works as expected...
2023-12-13 09:06:27.496 [main] INFO  page.HomePage - Basic Operations in Lists
2023-12-13 09:06:27.826 [main] INFO  page.HomePage - Title is Basic Operations in Lists as expected
2023-12-13 09:06:28.558 [main] INFO  page.HomePage - Try Here Link works as expected...
2023-12-13 09:06:29.162 [main] INFO  page.HomePage - Try Here Link works as expected...
2023-12-13 09:06:29.276 [main] INFO  page.HomePage - Applications of Array
2023-12-13 09:06:29.647 [main] INFO  page.HomePage - Title is Applications of Array as expected
2023-12-13 09:06:30.433 [main] INFO  page.HomePage - Try Here Link works as expected...
2023-12-13 09:06:31.041 [main] INFO  page.HomePage - Try Here Link works as expected...
2023-12-13 09:06:32.391 [main] INFO  page.HomePage - The output result is as expected - not exist
2023-12-13 09:06:33.328 [main] INFO  page.HomePage - Alert error message is as expected...SyntaxError: bad input on line 4
2023-12-13 09:06:35.825 [main] INFO  page.HomePage - The output result is as expected - 4
2023-12-13 09:06:39.671 [main] INFO  page.HomePage - Alert error message is as expected...SyntaxError: bad input on line 11
2023-12-13 09:06:43.994 [main] INFO  page.HomePage - The output result is as expected - 4
2023-12-13 09:06:47.654 [main] INFO  page.HomePage - Alert error message is as expected...SyntaxError: unindent does not match any outer indentation level on line 5
2023-12-13 09:06:51.630 [main] INFO  page.HomePage - The output result is as expected - 4
2023-12-13 09:06:55.473 [main] INFO  page.HomePage - Alert error message is as expected...SyntaxError: bad input on line 1
2023-12-13 09:07:00.135 [main] INFO  page.HomePage - User is in Home Page as expected
2023-12-13 09:07:00.160 [main] INFO  page.HomePage - User is in Home Page as expected
2023-12-13 09:07:00.476 [main] INFO  page.HomePage - Title is Linked List as expected
2023-12-13 09:07:00.535 [main] INFO  page.HomePage - Introduction
2023-12-13 09:07:00.834 [main] INFO  page.HomePage - Title is Introduction as expected
2023-12-13 09:07:01.838 [main] INFO  page.HomePage - Try Here Link works as expected...
2023-12-13 09:07:02.335 [main] INFO  page.HomePage - Try Here Link works as expected...
2023-12-13 09:07:02.439 [main] INFO  page.HomePage - Creating Linked LIst
2023-12-13 09:07:02.702 [main] INFO  page.HomePage - Title is Creating Linked LIst as expected
2023-12-13 09:07:03.414 [main] INFO  page.HomePage - Try Here Link works as expected...
2023-12-13 09:07:03.941 [main] INFO  page.HomePage - Try Here Link works as expected...
2023-12-13 09:07:04.050 [main] INFO  page.HomePage - Types of Linked List
2023-12-13 09:07:04.380 [main] INFO  page.HomePage - Title is Types of Linked List as expected
2023-12-13 09:07:05.092 [main] INFO  page.HomePage - Try Here Link works as expected...
2023-12-13 09:07:05.723 [main] INFO  page.HomePage - Try Here Link works as expected...
2023-12-13 09:07:05.825 [main] INFO  page.HomePage - Implement Linked List in Python
2023-12-13 09:07:06.147 [main] INFO  page.HomePage - Title is Implement Linked List in Python as expected
2023-12-13 09:07:06.885 [main] INFO  page.HomePage - Try Here Link works as expected...
2023-12-13 09:07:07.526 [main] INFO  page.HomePage - Try Here Link works as expected...
2023-12-13 09:07:07.639 [main] INFO  page.HomePage - Traversal
2023-12-13 09:07:08.004 [main] INFO  page.HomePage - Title is Traversal as expected
2023-12-13 09:07:08.810 [main] INFO  page.HomePage - Try Here Link works as expected...
2023-12-13 09:07:09.446 [main] INFO  page.HomePage - Try Here Link works as expected...
2023-12-13 09:07:09.555 [main] INFO  page.HomePage - Insertion
2023-12-13 09:07:09.889 [main] INFO  page.HomePage - Title is Insertion as expected
2023-12-13 09:07:10.684 [main] INFO  page.HomePage - Try Here Link works as expected...
2023-12-13 09:07:11.355 [main] INFO  page.HomePage - Try Here Link works as expected...
2023-12-13 09:07:11.460 [main] INFO  page.HomePage - Deletion
2023-12-13 09:07:11.788 [main] INFO  page.HomePage - Title is Deletion as expected
2023-12-13 09:07:12.601 [main] INFO  page.HomePage - Try Here Link works as expected...
2023-12-13 09:07:13.222 [main] INFO  page.HomePage - Try Here Link works as expected...
2023-12-13 09:07:17.795 [main] INFO  page.HomePage - User is in Home Page as expected
2023-12-13 09:07:17.824 [main] INFO  page.HomePage - User is in Home Page as expected
2023-12-13 09:07:18.082 [main] INFO  page.HomePage - Title is Stack as expected
2023-12-13 09:07:18.140 [main] INFO  page.HomePage - Operations in Stack
2023-12-13 09:07:18.441 [main] INFO  page.HomePage - Title is Operations in Stack as expected
2023-12-13 09:07:19.479 [main] INFO  page.HomePage - Try Here Link works as expected...
2023-12-13 09:07:20.073 [main] INFO  page.HomePage - Try Here Link works as expected...
2023-12-13 09:07:20.175 [main] INFO  page.HomePage - Implementation
2023-12-13 09:07:20.425 [main] INFO  page.HomePage - Title is Implementation as expected
2023-12-13 09:07:21.130 [main] INFO  page.HomePage - Try Here Link works as expected...
2023-12-13 09:07:21.711 [main] INFO  page.HomePage - Try Here Link works as expected...
2023-12-13 09:07:21.799 [main] INFO  page.HomePage - Applications
2023-12-13 09:07:22.044 [main] INFO  page.HomePage - Title is Applications as expected
2023-12-13 09:07:22.662 [main] INFO  page.HomePage - Try Here Link works as expected...
2023-12-13 09:07:23.276 [main] INFO  page.HomePage - Try Here Link works as expected...
2023-12-13 09:07:27.953 [main] INFO  page.HomePage - User is in Home Page as expected
2023-12-13 09:07:27.980 [main] INFO  page.HomePage - User is in Home Page as expected
2023-12-13 09:07:28.242 [main] INFO  page.HomePage - Title is Queue as expected
2023-12-13 09:07:28.281 [main] INFO  page.HomePage - Implementation of Queue in Python
2023-12-13 09:07:28.532 [main] INFO  page.HomePage - Title is Implementation of Queue in Python as expected
2023-12-13 09:07:29.628 [main] INFO  page.HomePage - Try Here Link works as expected...
2023-12-13 09:07:30.192 [main] INFO  page.HomePage - Try Here Link works as expected...
2023-12-13 09:07:30.284 [main] INFO  page.HomePage - Implementation using collections.deque
2023-12-13 09:07:30.498 [main] INFO  page.HomePage - Title is Implementation using collections.deque as expected
2023-12-13 09:07:31.168 [main] INFO  page.HomePage - Try Here Link works as expected...
2023-12-13 09:07:31.728 [main] INFO  page.HomePage - Try Here Link works as expected...
2023-12-13 09:07:31.831 [main] INFO  page.HomePage - Implementation using array
2023-12-13 09:07:32.095 [main] INFO  page.HomePage - Title is Implementation using array as expected
2023-12-13 09:07:32.778 [main] INFO  page.HomePage - Try Here Link works as expected...
2023-12-13 09:07:33.399 [main] INFO  page.HomePage - Try Here Link works as expected...
2023-12-13 09:07:33.514 [main] INFO  page.HomePage - Queue Operations
2023-12-13 09:07:33.830 [main] INFO  page.HomePage - Title is Queue Operations as expected
2023-12-13 09:07:34.592 [main] INFO  page.HomePage - Try Here Link works as expected...
2023-12-13 09:07:35.152 [main] INFO  page.HomePage - Try Here Link works as expected...
2023-12-13 09:07:39.852 [main] INFO  page.HomePage - User is in Home Page as expected
2023-12-13 09:07:39.880 [main] INFO  page.HomePage - User is in Home Page as expected
2023-12-13 09:07:40.167 [main] INFO  page.HomePage - Title is Tree as expected
2023-12-13 09:07:40.230 [main] INFO  page.HomePage - Overview of Trees
2023-12-13 09:07:40.514 [main] INFO  page.HomePage - Title is Overview of Trees as expected
2023-12-13 09:07:41.531 [main] INFO  page.HomePage - Try Here Link works as expected...
2023-12-13 09:07:42.068 [main] INFO  page.HomePage - Try Here Link works as expected...
2023-12-13 09:07:42.150 [main] INFO  page.HomePage - Terminologies
2023-12-13 09:07:42.434 [main] INFO  page.HomePage - Title is Terminologies as expected
2023-12-13 09:07:43.049 [main] INFO  page.HomePage - Try Here Link works as expected...
2023-12-13 09:07:43.596 [main] INFO  page.HomePage - Try Here Link works as expected...
2023-12-13 09:07:43.697 [main] INFO  page.HomePage - Types of Trees
2023-12-13 09:07:44.019 [main] INFO  page.HomePage - Title is Types of Trees as expected
2023-12-13 09:07:44.681 [main] INFO  page.HomePage - Try Here Link works as expected...
2023-12-13 09:07:45.297 [main] INFO  page.HomePage - Try Here Link works as expected...
2023-12-13 09:07:45.403 [main] INFO  page.HomePage - Tree Traversals
2023-12-13 09:07:45.758 [main] INFO  page.HomePage - Title is Tree Traversals as expected
2023-12-13 09:07:46.490 [main] INFO  page.HomePage - Try Here Link works as expected...
2023-12-13 09:07:47.057 [main] INFO  page.HomePage - Try Here Link works as expected...
2023-12-13 09:07:47.155 [main] INFO  page.HomePage - Traversals-Illustration
2023-12-13 09:07:47.580 [main] INFO  page.HomePage - Title is Traversals-Illustration as expected
2023-12-13 09:07:48.407 [main] INFO  page.HomePage - Try Here Link works as expected...
2023-12-13 09:07:48.988 [main] INFO  page.HomePage - Try Here Link works as expected...
2023-12-13 09:07:49.410 [main] INFO  page.HomePage - Binary Trees
2023-12-13 09:07:49.806 [main] INFO  page.HomePage - Title is Binary Trees as expected
2023-12-13 09:07:50.493 [main] INFO  page.HomePage - Try Here Link works as expected...
2023-12-13 09:07:51.022 [main] INFO  page.HomePage - Try Here Link works as expected...
2023-12-13 09:07:51.120 [main] INFO  page.HomeP2023-12-13 09:57:33.693 [main] INFO  page.PortalPage - Opening Portal Page...
2023-12-13 09:57:34.029 [main] INFO  page.PortalPage - Clicking Get started button....
2023-12-13 09:57:35.170 [main] INFO  page.HomePage - Opening home page...
2023-12-13 09:57:35.314 [main] INFO  page.HomePage - USER IS IN HOME PAGE
2023-12-13 09:57:39.730 [main] INFO  page.PortalPage - Opening Portal Page...
2023-12-13 09:57:40.033 [main] INFO  page.PortalPage - Clicking Get started button....
2023-12-13 09:57:40.671 [main] INFO  page.HomePage - Opening home page...
2023-12-13 09:57:40.742 [main] INFO  page.HomePage - USER IS IN HOME PAGE
2023-12-13 09:57:40.748 [main] INFO  page.HomePage - Clicking on data structures link
2023-12-13 09:57:40.902 [main] INFO  page.HomePage - 6 items available in the DataStructure dropdown
2023-12-13 09:57:43.984 [main] INFO  page.PortalPage - Opening Portal Page...
2023-12-13 09:57:44.560 [main] INFO  page.PortalPage - Clicking Get started button....
2023-12-13 09:57:45.186 [main] INFO  page.HomePage - Opening home page...
2023-12-13 09:57:45.243 [main] INFO  page.HomePage - USER IS IN HOME PAGE
2023-12-13 09:57:45.250 [main] INFO  page.HomePage - Clicking on array link
2023-12-13 09:57:45.556 [main] INFO  page.HomePage - You are not logged in is displayed as expected
2023-12-13 09:57:48.595 [main] INFO  page.PortalPage - Opening Portal Page...
2023-12-13 09:57:48.930 [main] INFO  page.PortalPage - Clicking Get started button....
2023-12-13 09:57:49.420 [main] INFO  page.HomePage - Opening home page...
2023-12-13 09:57:49.497 [main] INFO  page.HomePage - USER IS IN HOME PAGE
2023-12-13 09:57:49.892 [main] INFO  page.HomePage - You are not logged in is displayed as expected
2023-12-13 09:57:52.905 [main] INFO  page.PortalPage - Opening Portal Page...
2023-12-13 09:57:53.143 [main] INFO  page.PortalPage - Clicking Get started button....
2023-12-13 09:57:53.742 [main] INFO  page.HomePage - Opening home page...
2023-12-13 09:57:53.804 [main] INFO  page.HomePage - USER IS IN HOME PAGE
2023-12-13 09:57:53.804 [main] INFO  page.HomePage - Clicking on sign in link...
2023-12-13 09:57:54.085 [main] INFO  page.HomePage - USER IS IN SIGN IN PAGE
2023-12-13 09:57:57.363 [main] INFO  page.PortalPage - Opening Portal Page...
2023-12-13 09:57:57.810 [main] INFO  page.PortalPage - Clicking Get started button....
2023-12-13 09:57:58.246 [main] INFO  page.HomePage - Opening home page...
2023-12-13 09:57:58.323 [main] INFO  page.HomePage - USER IS IN HOME PAGE
2023-12-13 09:57:58.323 [main] INFO  page.HomePage - Clicking on Register link...
2023-12-13 09:57:58.598 [main] INFO  page.HomePage - USER IS IN REGISTER PAGE
2023-12-13 09:58:02.839 [main] INFO  page.RegisterPage - Please fill out this field. message is displayed as expected
2023-12-13 09:58:06.650 [main] INFO  page.RegisterPage - Please fill out this field. message is displayed as expected
2023-12-13 09:58:10.676 [main] INFO  page.RegisterPage - Please fill out this field. message is displayed as expected
2023-12-13 09:58:14.748 [main] INFO  page.RegisterPage - password_mismatch:The two password fields didn’t match. message is displayed as expected
2023-12-13 09:58:18.928 [main] INFO  page.RegisterPage - password_mismatch:The two password fields didn’t match. message is displayed as expected
2023-12-13 09:58:23.246 [main] INFO  page.RegisterPage - password_mismatch:The two password fields didn’t match. message is displayed as expected
2023-12-13 09:58:27.764 [main] INFO  page.RegisterPage - password_mismatch:The two password fields didn’t match. message is displayed as expected
2023-12-13 09:58:47.210 [main] DEBUG org.apache.poi.openxml4j.opc.PackageRelationshipCollection - Parsing relationship: /xl/_rels/workbook.xml.rels
2023-12-13 09:58:47.261 [main] DEBUG org.apache.poi.openxml4j.opc.PackageRelationshipCollection - Parsing relationship: /_rels/.rels
2023-12-13 09:58:48.656 [main] INFO  page.RegisterPage - Actual Result is Invalid Username and Password - As expected
2023-12-13 09:58:52.234 [main] DEBUG org.apache.poi.openxml4j.opc.PackageRelationshipCollection - Parsing relationship: /xl/_rels/workbook.xml.rels
2023-12-13 09:58:52.241 [main] DEBUG org.apache.poi.openxml4j.opc.PackageRelationshipCollection - Parsing relationship: /_rels/.rels
2023-12-13 09:58:52.881 [main] INFO  page.RegisterPage - Actual Result is Invalid Username and Password - As expected
2023-12-13 09:58:56.429 [main] DEBUG org.apache.poi.openxml4j.opc.PackageRelationshipCollection - Parsing relationship: /xl/_rels/workbook.xml.rels
2023-12-13 09:58:56.432 [main] DEBUG org.apache.poi.openxml4j.opc.PackageRelationshipCollection - Parsing relationship: /_rels/.rels
2023-12-13 09:58:57.074 [main] INFO  page.RegisterPage - Actual Result is Invalid Username and Password - As expected
2023-12-13 09:59:00.612 [main] DEBUG org.apache.poi.openxml4j.opc.PackageRelationshipCollection - Parsing relationship: /xl/_rels/workbook.xml.rels
2023-12-13 09:59:00.619 [main] DEBUG org.apache.poi.openxml4j.opc.PackageRelationshipCollection - Parsing relationship: /_rels/.rels
2023-12-13 09:59:01.458 [main] INFO  page.RegisterPage - Actual Result is You are logged in - As expected
2023-12-13 09:59:05.838 [main] INFO  page.HomePage - User is in Home Page as expected
2023-12-13 09:59:05.865 [main] INFO  page.HomePage - User is in Home Page as expected
2023-12-13 09:59:06.130 [main] INFO  page.HomePage - Title is Data Structures-Introduction as expected
2023-12-13 09:59:06.183 [main] INFO  page.HomePage - Time Complexity
2023-12-13 09:59:06.429 [main] INFO  page.HomePage - Title is Time Complexity as expected
2023-12-13 09:59:07.352 [main] INFO  page.HomePage - Try Here Link works as expected...
2023-12-13 09:59:07.811 [main] INFO  page.HomePage - Try Here Link works as expected...
2023-12-13 09:59:12.188 [main] INFO  page.HomePage - User is in Home Page as expected
2023-12-13 09:59:12.223 [main] INFO  page.HomePage - User is in Home Page as expected
2023-12-13 09:59:12.517 [main] INFO  page.HomePage - Title is Array as expected
2023-12-13 09:59:12.564 [main] INFO  page.HomePage - Arrays in Python
2023-12-13 09:59:13.181 [main] INFO  page.HomePage - Title is Arrays in Python as expected
2023-12-13 09:59:14.141 [main] INFO  page.HomePage - Try Here Link works as expected...
2023-12-13 09:59:14.601 [main] INFO  page.HomePage - Try Here Link works as expected...
2023-12-13 09:59:14.699 [main] INFO  page.HomePage - Arrays Using List
2023-12-13 09:59:14.950 [main] INFO  page.HomePage - Title is Arrays Using List as expected
2023-12-13 09:59:15.582 [main] INFO  page.HomePage - Try Here Link works as expected...
2023-12-13 09:59:16.058 [main] INFO  page.HomePage - Try Here Link works as expected...
2023-12-13 09:59:16.148 [main] INFO  page.HomePage - Basic Operations in Lists
2023-12-13 09:59:16.423 [main] INFO  page.HomePage - Title is Basic Operations in Lists as expected
2023-12-13 09:59:16.988 [main] INFO  page.HomePage - Try Here Link works as expected...
2023-12-13 09:59:17.435 [main] INFO  page.HomePage - Try Here Link works as expected...
2023-12-13 09:59:17.520 [main] INFO  page.HomePage - Applications of Array
2023-12-13 09:59:17.758 [main] INFO  page.HomePage - Title is Applications of Array as expected
2023-12-13 09:59:18.305 [main] INFO  page.HomePage - Try Here Link works as expected...
2023-12-13 09:59:18.767 [main] INFO  page.HomePage - Try Here Link works as expected...
2023-12-13 09:59:19.811 [main] INFO  page.HomePage - The output result is as expected - not exist
2023-12-13 09:59:20.421 [main] INFO  page.HomePage - Alert error message is as expected...SyntaxError: bad input on line 4
2023-12-13 09:59:22.273 [main] INFO  page.HomePage - The output result is as expected - 4
2023-12-13 09:59:23.903 [main] INFO  page.HomePage - Alert error message is as expected...SyntaxError: bad input on line 11
2023-12-13 09:59:25.731 [main] INFO  page.HomePage - The output result is as expected - 4
2023-12-13 09:59:27.269 [main] INFO  page.HomePage - Alert error message is as expected...SyntaxError: unindent does not match any outer indentation level on line 5
2023-12-13 09:59:29.254 [main] INFO  page.HomePage - The output result is as expected - 4
2023-12-13 09:59:30.936 [main] INFO  page.HomePage - Alert error message is as expected...SyntaxError: bad input on line 1
2023-12-13 09:59:35.351 [main] INFO  page.HomePage - User is in Home Page as expected
2023-12-13 09:59:35.380 [main] INFO  page.HomePage - User is in Home Page as expected
2023-12-13 09:59:35.636 [main] INFO  page.HomePage - Title is Linked List as expected
2023-12-13 09:59:35.703 [main] INFO  page.HomePage - Introduction
2023-12-13 09:59:36.004 [main] INFO  page.HomePage - Title is Introduction as expected
2023-12-13 09:59:36.950 [main] INFO  page.HomePage - Try Here Link works as expected...
2023-12-13 09:59:37.405 [main] INFO  page.HomePage - Try Here Link works as expected...
2023-12-13 09:59:37.507 [main] INFO  page.HomePage - Creating Linked LIst
2023-12-13 09:59:37.759 [main] INFO  page.HomePage - Title is Creating Linked LIst as expected
2023-12-13 09:59:38.322 [main] INFO  page.HomePage - Try Here Link works as expected...
2023-12-13 09:59:38.767 [main] INFO  page.HomePage - Try Here Link works as expected...
2023-12-13 09:59:38.855 [main] INFO  page.HomePage - Types of Linked List
2023-12-13 09:59:39.173 [main] INFO  page.HomePage - Title is Types of Linked List as expected
2023-12-13 09:59:39.770 [main] INFO  page.HomePage - Try Here Link works as expected...
2023-12-13 09:59:40.261 [main] INFO  page.HomePage - Try Here Link works as expected...
2023-12-13 09:59:40.355 [main] INFO  page.HomePage - Implement Linked List in Python
2023-12-13 09:59:40.609 [main] INFO  page.HomePage - Title is Implement Linked List in Python as expected
2023-12-13 09:59:41.194 [main] INFO  page.HomePage - Try Here Link works as expected...
2023-12-13 09:59:41.637 [main] INFO  page.HomePage - Try Here Link works as expected...
2023-12-13 09:59:41.728 [main] INFO  page.HomePage - Traversal
2023-12-13 09:59:41.997 [main] INFO  page.HomePage - Title is Traversal as expected
2023-12-13 09:59:42.576 [main] INFO  page.HomePage - Try Here Link works as expected...
2023-12-13 09:59:43.023 [main] INFO  page.HomePage - Try Here Link works as expected...
2023-12-13 09:59:43.115 [main] INFO  page.HomePage - Insertion
2023-12-13 09:59:43.391 [main] INFO  page.HomePage - Title is Insertion as expected
2023-12-13 09:59:43.916 [main] INFO  page.HomePage - Try Here Link works as expected...
2023-12-13 09:59:44.356 [main] INFO  page.HomePage - Try Here Link works as expected...
2023-12-13 09:59:44.442 [main] INFO  page.HomePage - Deletion
2023-12-13 09:59:44.712 [main] INFO  page.HomePage - Title is Deletion as expected
2023-12-13 09:59:45.264 [main] INFO  page.HomePage - Try Here Link works as expected...
2023-12-13 09:59:45.686 [main] INFO  page.HomePage - Try Here Link works as expected...
2023-12-13 09:59:50.082 [main] INFO  page.HomePage - User is in Home Page as expected
2023-12-13 09:59:50.106 [main] INFO  page.HomePage - User is in Home Page as expected
2023-12-13 09:59:50.349 [main] INFO  page.HomePage - Title is Stack as expected
2023-12-13 09:59:50.395 [main] INFO  page.HomePage - Operations in Stack
2023-12-13 09:59:50.662 [main] INFO  page.HomePage - Title is Operations in Stack as expected
2023-12-13 09:59:51.547 [main] INFO  page.HomePage - Try Here Link works as expected...
2023-12-13 09:59:51.995 [main] INFO  page.HomePage - Try Here Link works as expected...
2023-12-13 09:59:52.086 [main] INFO  page.HomePage - Implementation
2023-12-13 09:59:52.297 [main] INFO  page.HomePage - Title is Implementation as expected
2023-12-13 09:59:52.862 [main] INFO  page.HomePage - Try Here Link works as expected...
2023-12-13 09:59:53.346 [main] INFO  page.HomePage - Try Here Link works as expected...
2023-12-13 09:59:53.433 [main] INFO  page.HomePage - Applications
2023-12-13 09:59:53.661 [main] INFO  page.HomePage - Title is Applications as expected
2023-12-13 09:59:54.232 [main] INFO  page.HomePage - Try Here Link works as expected...
2023-12-13 09:59:54.666 [main] INFO  page.HomePage - Try Here Link works as expected...
2023-12-13 09:59:59.042 [main] INFO  page.HomePage - User is in Home Page as expected
2023-12-13 09:59:59.064 [main] INFO  page.HomePage - User is in Home Page as expected
2023-12-13 09:59:59.313 [main] INFO  page.HomePage - Title is Queue as expected
2023-12-13 09:59:59.351 [main] INFO  page.HomePage - Implementation of Queue in Python
2023-12-13 09:59:59.598 [main] INFO  page.HomePage - Title is Implementation of Queue in Python as expected
2023-12-13 10:00:00.484 [main] INFO  page.HomePage - Try Here Link works as expected...
2023-12-13 10:00:00.919 [main] INFO  page.HomePage - Try Here Link works as expected...
2023-12-13 10:00:01.011 [main] INFO  page.HomePage - Implementation using collections.deque
2023-12-13 10:00:01.231 [main] INFO  page.HomePage - Title is Implementation using collections.deque as expected
2023-12-13 10:00:01.767 [main] INFO  page.HomePage - Try Here Link works as expected...
2023-12-13 10:00:02.182 [main] INFO  page.HomePage - Try Here Link works as expected...
2023-12-13 10:00:02.264 [main] INFO  page.HomePage - Implementation using array
2023-12-13 10:00:02.515 [main] INFO  page.HomePage - Title is Implementation using array as expected
2023-12-13 10:00:03.044 [main] INFO  page.HomePage - Try Here Link works as expected...
2023-12-13 10:00:03.510 [main] INFO  page.HomePage - Try Here Link works as expected...
2023-12-13 10:00:03.585 [main] INFO  page.HomePage - Queue Operations
2023-12-13 10:00:03.865 [main] INFO  page.HomePage - Title is Queue Operations as expected
2023-12-13 10:00:04.387 [main] INFO  page.HomePage - Try Here Link works as expected...
2023-12-13 10:00:04.818 [main] INFO  page.HomePage - Try Here Link works as expected...
2023-12-13 10:00:09.270 [main] INFO  page.HomePage - User is in Home Page as expected
2023-12-13 10:00:09.299 [main] INFO  page.HomePage - User is in Home Page as expected
2023-12-13 10:00:09.581 [main] INFO  page.HomePage - Title is Tree as expected
2023-12-13 10:00:09.628 [main] INFO  page.HomePage - Overview of Trees
2023-12-13 10:00:09.898 [main] INFO  page.HomePage - Title is Overview of Trees as expected
2023-12-13 10:00:10.811 [main] INFO  page.HomePage - Try Here Link works as expected...
2023-12-13 10:00:11.253 [main] INFO  page.HomePage - Try Here Link works as expected...
2023-12-13 10:00:11.348 [main] INFO  page.HomePage - Terminologies
2023-12-13 10:00:11.602 [main] INFO  page.HomePage - Title is Terminologies as expected
2023-12-13 10:00:12.175 [main] INFO  page.HomePage - Try Here Link works as expected...
2023-12-13 10:00:12.609 [main] INFO  page.HomePage - Try Here Link works as expected...
2023-12-13 10:00:12.684 [main] INFO  page.HomePage - Types of Trees
2023-12-13 10:00:12.965 [main] INFO  page.HomePage - Title is Types of Trees as expected
2023-12-13 10:00:13.567 [main] INFO  page.HomePage - Try Here Link works as expected...
2023-12-13 10:00:14.017 [main] INFO  page.HomePage - Try Here Link works as expected...
2023-12-13 10:00:14.100 [main] INFO  page.HomePage - Tree Traversals
2023-12-13 10:00:14.384 [main] INFO  page.HomePage - Title is Tree Traversals as expected
2023-12-13 10:00:14.922 [main] INFO  page.HomePage - Try Here Link works as expected...
2023-12-13 10:00:15.389 [main] INFO  page.HomePage - Try Here Link works as expected...
2023-12-13 10:00:15.471 [main] INFO  page.HomePage - Traversals-Illustration
2023-12-13 10:00:15.789 [main] INFO  page.HomePage - Title is Traversals-Illustration as expected
2023-12-13 10:00:16.322 [main] INFO  page.HomePage - Try Here Link works as expected...
2023-12-13 10:00:16.784 [main] INFO  page.HomePage - Try Here Link works as expected...
2023-12-13 10:00:16.856 [main] INFO  page.HomePage - Binary Trees
2023-12-13 10:00:17.143 [main] INFO  page.HomePage - Title is Binary Trees as expected
2023-12-13 10:00:17.706 [main] INFO  page.HomePage - Try Here Link works as expected...
2023-12-13 10:00:18.185 [main] INFO  page.HomePage - Try Here Link works as expected...
2023-12-13 10:00:18.271 [main] INFO  page.HomeP2023-12-13 12:46:07.482 [main] INFO  page.PortalPage - Opening Portal Page...
2023-12-13 12:46:07.944 [main] INFO  page.PortalPage - Clicking Get started button....
2023-12-13 12:46:08.379 [main] INFO  page.HomePage - Opening home page...
2023-12-13 12:46:08.454 [main] INFO  page.HomePage - USER IS IN HOME PAGE
2023-12-13 12:46:11.416 [main] INFO  page.PortalPage - Opening Portal Page...
2023-12-13 12:46:11.802 [main] INFO  page.PortalPage - Clicking Get started button....
2023-12-13 12:46:12.239 [main] INFO  page.HomePage - Opening home page...
2023-12-13 12:46:12.310 [main] INFO  page.HomePage - USER IS IN HOME PAGE
2023-12-13 12:46:12.320 [main] INFO  page.HomePage - Clicking on data structures link
2023-12-13 12:46:12.427 [main] INFO  page.HomePage - 6 items available in the DataStructure dropdown
2023-12-13 12:46:15.377 [main] INFO  page.PortalPage - Opening Portal Page...
2023-12-13 12:46:15.733 [main] INFO  page.PortalPage - Clicking Get started button....
2023-12-13 12:46:16.193 [main] INFO  page.HomePage - Opening home page...
2023-12-13 12:46:16.283 [main] INFO  page.HomePage - USER IS IN HOME PAGE
2023-12-13 12:46:16.290 [main] INFO  page.HomePage - Clicking on array link
2023-12-13 12:46:16.600 [main] INFO  page.HomePage - You are not logged in is displayed as expected
2023-12-13 12:46:19.540 [main] INFO  page.PortalPage - Opening Portal Page...
2023-12-13 12:46:19.936 [main] INFO  page.PortalPage - Clicking Get started button....
2023-12-13 12:46:20.407 [main] INFO  page.HomePage - Opening home page...
2023-12-13 12:46:20.477 [main] INFO  page.HomePage - USER IS IN HOME PAGE
2023-12-13 12:46:20.872 [main] INFO  page.HomePage - You are not logged in is displayed as expected
2023-12-13 12:46:23.929 [main] INFO  page.PortalPage - Opening Portal Page...
2023-12-13 12:46:24.577 [main] INFO  page.PortalPage - Clicking Get started button....
2023-12-13 12:46:24.990 [main] INFO  page.HomePage - Opening home page...
2023-12-13 12:46:25.051 [main] INFO  page.HomePage - USER IS IN HOME PAGE
2023-12-13 12:46:25.057 [main] INFO  page.HomePage - Clicking on sign in link...
2023-12-13 12:46:25.307 [main] INFO  page.HomePage - USER IS IN SIGN IN PAGE
2023-12-13 12:46:28.299 [main] INFO  page.PortalPage - Opening Portal Page...
2023-12-13 12:46:28.625 [main] INFO  page.PortalPage - Clicking Get started button....
2023-12-13 12:46:29.092 [main] INFO  page.HomePage - Opening home page...
2023-12-13 12:46:29.148 [main] INFO  page.HomePage - USER IS IN HOME PAGE
2023-12-13 12:46:29.156 [main] INFO  page.HomePage - Clicking on Register link...
2023-12-13 12:46:29.420 [main] INFO  page.HomePage - USER IS IN REGISTER PAGE
2023-12-13 12:46:33.072 [main] INFO  page.RegisterPage - Please fill out this field. message is displayed as expected
2023-12-13 12:46:36.749 [main] INFO  page.RegisterPage - Please fill out this field. message is displayed as expected
2023-12-13 12:46:40.748 [main] INFO  page.RegisterPage - Please fill out this field. message is displayed as expected
2023-12-13 12:46:44.835 [main] INFO  page.RegisterPage - password_mismatch:The two password fields didn’t match. message is displayed as expected
2023-12-13 12:46:48.870 [main] INFO  page.RegisterPage - password_mismatch:The two password fields didn’t match. message is displayed as expected
2023-12-13 12:46:52.857 [main] INFO  page.RegisterPage - password_mismatch:The two password fields didn’t match. message is displayed as expected
2023-12-13 12:46:56.906 [main] INFO  page.RegisterPage - password_mismatch:The two password fields didn’t match. message is displayed as expected
2023-12-13 12:47:16.014 [main] DEBUG org.apache.poi.openxml4j.opc.PackageRelationshipCollection - Parsing relationship: /xl/_rels/workbook.xml.rels
2023-12-13 12:47:16.088 [main] DEBUG org.apache.poi.openxml4j.opc.PackageRelationshipCollection - Parsing relationship: /_rels/.rels
2023-12-13 12:47:17.194 [main] INFO  page.RegisterPage - Actual Result is Invalid Username and Password - As expected
2023-12-13 12:47:20.706 [main] DEBUG org.apache.poi.openxml4j.opc.PackageRelationshipCollection - Parsing relationship: /xl/_rels/workbook.xml.rels
2023-12-13 12:47:20.711 [main] DEBUG org.apache.poi.openxml4j.opc.PackageRelationshipCollection - Parsing relationship: /_rels/.rels
2023-12-13 12:47:21.295 [main] INFO  page.RegisterPage - Actual Result is Invalid Username and Password - As expected
2023-12-13 12:47:24.488 [main] DEBUG org.apache.poi.openxml4j.opc.PackageRelationshipCollection - Parsing relationship: /xl/_rels/workbook.xml.rels
2023-12-13 12:47:24.491 [main] DEBUG org.apache.poi.openxml4j.opc.PackageRelationshipCollection - Parsing relationship: /_rels/.rels
2023-12-13 12:47:25.267 [main] INFO  page.RegisterPage - Actual Result is Invalid Username and Password - As expected
2023-12-13 12:47:28.726 [main] DEBUG org.apache.poi.openxml4j.opc.PackageRelationshipCollection - Parsing relationship: /xl/_rels/workbook.xml.rels
2023-12-13 12:47:28.727 [main] DEBUG org.apache.poi.openxml4j.opc.PackageRelationshipCollection - Parsing relationship: /_rels/.rels
2023-12-13 12:47:29.533 [main] INFO  page.RegisterPage - Actual Result is You are logged in - As expected
2023-12-13 12:47:33.811 [main] INFO  page.HomePage - User is in Home Page as expected
2023-12-13 12:47:33.834 [main] INFO  page.HomePage - User is in Home Page as expected
2023-12-13 12:47:34.076 [main] INFO  page.HomePage - Title is Data Structures-Introduction as expected
2023-12-13 12:47:34.116 [main] INFO  page.HomePage - Time Complexity
2023-12-13 12:47:34.363 [main] INFO  page.HomePage - Title is Time Complexity as expected
2023-12-13 12:47:35.286 [main] INFO  page.HomePage - Try Here Link works as expected...
2023-12-13 12:47:35.710 [main] INFO  page.HomePage - Try Here Link works as expected...
2023-12-13 12:47:40.011 [main] INFO  page.HomePage - User is in Home Page as expected
2023-12-13 12:47:40.032 [main] INFO  page.HomePage - User is in Home Page as expected
2023-12-13 12:47:40.282 [main] INFO  page.HomePage - Title is Array as expected
2023-12-13 12:47:40.321 [main] INFO  page.HomePage - Arrays in Python
2023-12-13 12:47:40.703 [main] INFO  page.HomePage - Title is Arrays in Python as expected
2023-12-13 12:47:41.585 [main] INFO  page.HomePage - Try Here Link works as expected...
2023-12-13 12:47:42.033 [main] INFO  page.HomePage - Try Here Link works as expected...
2023-12-13 12:47:42.132 [main] INFO  page.HomePage - Arrays Using List
2023-12-13 12:47:42.352 [main] INFO  page.HomePage - Title is Arrays Using List as expected
2023-12-13 12:47:42.886 [main] INFO  page.HomePage - Try Here Link works as expected...
2023-12-13 12:47:43.314 [main] INFO  page.HomePage - Try Here Link works as expected...
2023-12-13 12:47:43.392 [main] INFO  page.HomePage - Basic Operations in Lists
2023-12-13 12:47:43.636 [main] INFO  page.HomePage - Title is Basic Operations in Lists as expected
2023-12-13 12:47:44.137 [main] INFO  page.HomePage - Try Here Link works as expected...
2023-12-13 12:47:44.590 [main] INFO  page.HomePage - Try Here Link works as expected...
2023-12-13 12:47:44.664 [main] INFO  page.HomePage - Applications of Array
2023-12-13 12:47:44.938 [main] INFO  page.HomePage - Title is Applications of Array as expected
2023-12-13 12:47:45.449 [main] INFO  page.HomePage - Try Here Link works as expected...
2023-12-13 12:47:45.900 [main] INFO  page.HomePage - Try Here Link works as expected...
2023-12-13 12:47:46.776 [main] INFO  page.HomePage - The output result is as expected - not exist
2023-12-13 12:47:47.337 [main] INFO  page.HomePage - Alert error message is as expected...SyntaxError: bad input on line 4
2023-12-13 12:47:49.079 [main] INFO  page.HomePage - The output result is as expected - 4
2023-12-13 12:47:50.495 [main] INFO  page.HomePage - Alert error message is as expected...SyntaxError: bad input on line 11
2023-12-13 12:47:52.125 [main] INFO  page.HomePage - The output result is as expected - 4
2023-12-13 12:47:53.684 [main] INFO  page.HomePage - Alert error message is as expected...SyntaxError: unindent does not match any outer indentation level on line 5
2023-12-13 12:47:55.409 [main] INFO  page.HomePage - The output result is as expected - 4
2023-12-13 12:47:56.882 [main] INFO  page.HomePage - Alert error message is as expected...SyntaxError: bad input on line 1
2023-12-13 12:48:01.289 [main] INFO  page.HomePage - User is in Home Page as expected
2023-12-13 12:48:01.317 [main] INFO  page.HomePage - User is in Home Page as expected
2023-12-13 12:48:01.601 [main] INFO  page.HomePage - Title is Linked List as expected
2023-12-13 12:48:01.636 [main] INFO  page.HomePage - Introduction
2023-12-13 12:48:01.881 [main] INFO  page.HomePage - Title is Introduction as expected
2023-12-13 12:48:02.793 [main] INFO  page.HomePage - Try Here Link works as expected...
2023-12-13 12:48:03.208 [main] INFO  page.HomePage - Try Here Link works as expected...
2023-12-13 12:48:03.295 [main] INFO  page.HomePage - Creating Linked LIst
2023-12-13 12:48:03.525 [main] INFO  page.HomePage - Title is Creating Linked LIst as expected
2023-12-13 12:48:04.119 [main] INFO  page.HomePage - Try Here Link works as expected...
2023-12-13 12:48:04.542 [main] INFO  page.HomePage - Try Here Link works as expected...
2023-12-13 12:48:04.612 [main] INFO  page.HomePage - Types of Linked List
2023-12-13 12:48:04.938 [main] INFO  page.HomePage - Title is Types of Linked List as expected
2023-12-13 12:48:05.471 [main] INFO  page.HomePage - Try Here Link works as expected...
2023-12-13 12:48:05.904 [main] INFO  page.HomePage - Try Here Link works as expected...
2023-12-13 12:48:05.991 [main] INFO  page.HomePage - Implement Linked List in Python
2023-12-13 12:48:06.259 [main] INFO  page.HomePage - Title is Implement Linked List in Python as expected
2023-12-13 12:48:06.751 [main] INFO  page.HomePage - Try Here Link works as expected...
2023-12-13 12:48:07.180 [main] INFO  page.HomePage - Try Here Link works as expected...
2023-12-13 12:48:07.259 [main] INFO  page.HomePage - Traversal
2023-12-13 12:48:07.503 [main] INFO  page.HomePage - Title is Traversal as expected
2023-12-13 12:48:08.011 [main] INFO  page.HomePage - Try Here Link works as expected...
2023-12-13 12:48:08.454 [main] INFO  page.HomePage - Try Here Link works as expected...
2023-12-13 12:48:08.529 [main] INFO  page.HomePage - Insertion
2023-12-13 12:48:08.809 [main] INFO  page.HomePage - Title is Insertion as expected
2023-12-13 12:48:09.395 [main] INFO  page.HomePage - Try Here Link works as expected...
2023-12-13 12:48:09.852 [main] INFO  page.HomePage - Try Here Link works as expected...
2023-12-13 12:48:09.926 [main] INFO  page.HomePage - Deletion
2023-12-13 12:48:10.165 [main] INFO  page.HomePage - Title is Deletion as expected
2023-12-13 12:48:10.715 [main] INFO  page.HomePage - Try Here Link works as expected...
2023-12-13 12:48:11.156 [main] INFO  page.HomePage - Try Here Link works as expected...
2023-12-13 12:48:15.447 [main] INFO  page.HomePage - User is in Home Page as expected
2023-12-13 12:48:15.473 [main] INFO  page.HomePage - User is in Home Page as expected
2023-12-13 12:48:15.723 [main] INFO  page.HomePage - Title is Stack as expected
2023-12-13 12:48:15.766 [main] INFO  page.HomePage - Operations in Stack
2023-12-13 12:48:16.047 [main] INFO  page.HomePage - Title is Operations in Stack as expected
2023-12-13 12:48:16.998 [main] INFO  page.HomePage - Try Here Link works as expected...
2023-12-13 12:48:17.441 [main] INFO  page.HomePage - Try Here Link works as expected...
2023-12-13 12:48:17.528 [main] INFO  page.HomePage - Implementation
2023-12-13 12:48:17.743 [main] INFO  page.HomePage - Title is Implementation as expected
2023-12-13 12:48:18.275 [main] INFO  page.HomePage - Try Here Link works as expected...
2023-12-13 12:48:18.707 [main] INFO  page.HomePage - Try Here Link works as expected...
2023-12-13 12:48:18.788 [main] INFO  page.HomePage - Applications
2023-12-13 12:48:19.013 [main] INFO  page.HomePage - Title is Applications as expected
2023-12-13 12:48:19.552 [main] INFO  page.HomePage - Try Here Link works as expected...
2023-12-13 12:48:19.974 [main] INFO  page.HomePage - Try Here Link works as expected...
2023-12-13 12:48:24.182 [main] INFO  page.HomePage - User is in Home Page as expected
2023-12-13 12:48:24.200 [main] INFO  page.HomePage - User is in Home Page as expected
2023-12-13 12:48:24.425 [main] INFO  page.HomePage - Title is Queue as expected
2023-12-13 12:48:24.476 [main] INFO  page.HomePage - Implementation of Queue in Python
2023-12-13 12:48:24.714 [main] INFO  page.HomePage - Title is Implementation of Queue in Python as expected
2023-12-13 12:48:25.584 [main] INFO  page.HomePage - Try Here Link works as expected...
2023-12-13 12:48:26.026 [main] INFO  page.HomePage - Try Here Link works as expected...
2023-12-13 12:48:26.103 [main] INFO  page.HomePage - Implementation using collections.deque
2023-12-13 12:48:26.337 [main] INFO  page.HomePage - Title is Implementation using collections.deque as expected
2023-12-13 12:48:26.872 [main] INFO  page.HomePage - Try Here Link works as expected...
2023-12-13 12:48:27.302 [main] INFO  page.HomePage - Try Here Link works as expected...
2023-12-13 12:48:27.376 [main] INFO  page.HomePage - Implementation using array
2023-12-13 12:48:27.637 [main] INFO  page.HomePage - Title is Implementation using array as expected
2023-12-13 12:48:28.183 [main] INFO  page.HomePage - Try Here Link works as expected...
2023-12-13 12:48:28.617 [main] INFO  page.HomePage - Try Here Link works as expected...
2023-12-13 12:48:28.687 [main] INFO  page.HomePage - Queue Operations
2023-12-13 12:48:28.920 [main] INFO  page.HomePage - Title is Queue Operations as expected
2023-12-13 12:48:29.429 [main] INFO  page.HomePage - Try Here Link works as expected...
2023-12-13 12:48:29.862 [main] INFO  page.HomePage - Try Here Link works as expected...
2023-12-13 12:48:34.212 [main] INFO  page.HomePage - User is in Home Page as expected
2023-12-13 12:48:34.233 [main] INFO  page.HomePage - User is in Home Page as expected
2023-12-13 12:48:34.513 [main] INFO  page.HomePage - Title is Tree as expected
2023-12-13 12:48:34.548 [main] INFO  page.HomePage - Overview of Trees
2023-12-13 12:48:34.810 [main] INFO  page.HomePage - Title is Overview of Trees as expected
2023-12-13 12:48:35.700 [main] INFO  page.HomePage - Try Here Link works as expected...
2023-12-13 12:48:36.148 [main] INFO  page.HomePage - Try Here Link works as expected...
2023-12-13 12:48:36.230 [main] INFO  page.HomePage - Terminologies
2023-12-13 12:48:36.451 [main] INFO  page.HomePage - Title is Terminologies as expected
2023-12-13 12:48:36.986 [main] INFO  page.HomePage - Try Here Link works as expected...
2023-12-13 12:48:37.410 [main] INFO  page.HomePage - Try Here Link works as expected...
2023-12-13 12:48:37.483 [main] INFO  page.HomePage - Types of Trees
2023-12-13 12:48:37.707 [main] INFO  page.HomePage - Title is Types of Trees as expected
2023-12-13 12:48:38.278 [main] INFO  page.HomePage - Try Here Link works as expected...
2023-12-13 12:48:38.707 [main] INFO  page.HomePage - Try Here Link works as expected...
2023-12-13 12:48:38.773 [main] INFO  page.HomePage - Tree Traversals
2023-12-13 12:48:39.036 [main] INFO  page.HomePage - Title is Tree Traversals as expected
2023-12-13 12:48:39.558 [main] INFO  page.HomePage - Try Here Link works as expected...
2023-12-13 12:48:39.987 [main] INFO  page.HomePage - Try Here Link works as expected...
2023-12-13 12:48:40.058 [main] INFO  page.HomePage - Traversals-Illustration
2023-12-13 12:48:40.367 [main] INFO  page.HomePage - Title is Traversals-Illustration as expected
2023-12-13 12:48:40.881 [main] INFO  page.HomePage - Try Here Link works as expected...
2023-12-13 12:48:41.300 [main] INFO  page.HomePage - Try Here Link works as expected...
2023-12-13 12:48:41.379 [main] INFO  page.HomePage - Binary Trees
2023-12-13 12:48:41.655 [main] INFO  page.HomePage - Title is Binary Trees as expected
2023-12-13 12:48:42.163 [main] INFO  page.HomePage - Try Here Link works as expected...
2023-12-13 12:48:42.620 [main] INFO  page.HomePage - Try Here Link works as expected...
2023-12-13 12:48:42.691 [main] INFO  page.HomeP2023-12-13 13:18:13.869 [main] INFO  page.PortalPage - Opening Portal Page...
2023-12-13 13:18:14.251 [main] INFO  page.PortalPage - Clicking Get started button....
2023-12-13 13:18:14.677 [main] INFO  page.HomePage - Opening home page...
2023-12-13 13:18:14.751 [main] INFO  page.HomePage - USER IS IN HOME PAGE
2023-12-13 13:18:17.822 [main] INFO  page.PortalPage - Opening Portal Page...
2023-12-13 13:18:18.148 [main] INFO  page.PortalPage - Clicking Get started button....
2023-12-13 13:18:18.650 [main] INFO  page.HomePage - Opening home page...
2023-12-13 13:18:18.715 [main] INFO  page.HomePage - USER IS IN HOME PAGE
2023-12-13 13:18:18.721 [main] INFO  page.HomePage - Clicking on data structures link
2023-12-13 13:18:18.833 [main] INFO  page.HomePage - 6 items available in the DataStructure dropdown
2023-12-13 13:18:21.751 [main] INFO  page.PortalPage - Opening Portal Page...
2023-12-13 13:18:21.977 [main] INFO  page.PortalPage - Clicking Get started button....
2023-12-13 13:18:22.542 [main] INFO  page.HomePage - Opening home page...
2023-12-13 13:18:22.605 [main] INFO  page.HomePage - USER IS IN HOME PAGE
2023-12-13 13:18:22.611 [main] INFO  page.HomePage - Clicking on array link
2023-12-13 13:18:22.929 [main] INFO  page.HomePage - You are not logged in is displayed as expected
2023-12-13 13:18:26.771 [main] INFO  page.PortalPage - Opening Portal Page...
2023-12-13 13:18:27.106 [main] INFO  page.PortalPage - Clicking Get started button....
2023-12-13 13:18:27.558 [main] INFO  page.HomePage - Opening home page...
2023-12-13 13:18:27.630 [main] INFO  page.HomePage - USER IS IN HOME PAGE
2023-12-13 13:18:28.020 [main] INFO  page.HomePage - You are not logged in is displayed as expected
2023-12-13 13:18:30.943 [main] INFO  page.PortalPage - Opening Portal Page...
2023-12-13 13:18:31.280 [main] INFO  page.PortalPage - Clicking Get started button....
2023-12-13 13:18:31.747 [main] INFO  page.HomePage - Opening home page...
2023-12-13 13:18:31.811 [main] INFO  page.HomePage - USER IS IN HOME PAGE
2023-12-13 13:18:31.814 [main] INFO  page.HomePage - Clicking on sign in link...
2023-12-13 13:18:32.037 [main] INFO  page.HomePage - USER IS IN SIGN IN PAGE
2023-12-13 13:18:34.998 [main] INFO  page.PortalPage - Opening Portal Page...
2023-12-13 13:18:35.329 [main] INFO  page.PortalPage - Clicking Get started button....
2023-12-13 13:18:35.794 [main] INFO  page.HomePage - Opening home page...
2023-12-13 13:18:35.857 [main] INFO  page.HomePage - USER IS IN HOME PAGE
2023-12-13 13:18:35.864 [main] INFO  page.HomePage - Clicking on Register link...
2023-12-13 13:18:36.129 [main] INFO  page.HomePage - USER IS IN REGISTER PAGE
2023-12-13 13:18:39.757 [main] INFO  page.RegisterPage - Please fill out this field. message is displayed as expected
2023-12-13 13:18:43.441 [main] INFO  page.RegisterPage - Please fill out this field. message is displayed as expected
2023-12-13 13:18:47.180 [main] INFO  page.RegisterPage - Please fill out this field. message is displayed as expected
2023-12-13 13:18:51.171 [main] INFO  page.RegisterPage - password_mismatch:The two password fields didn’t match. message is displayed as expected
2023-12-13 13:18:55.136 [main] INFO  page.RegisterPage - password_mismatch:The two password fields didn’t match. message is displayed as expected
2023-12-13 13:18:59.066 [main] INFO  page.RegisterPage - password_mismatch:The two password fields didn’t match. message is displayed as expected
2023-12-13 13:19:03.011 [main] INFO  page.RegisterPage - password_mismatch:The two password fields didn’t match. message is displayed as expected
2023-12-13 13:19:21.931 [main] DEBUG org.apache.poi.openxml4j.opc.PackageRelationshipCollection - Parsing relationship: /xl/_rels/workbook.xml.rels
2023-12-13 13:19:21.971 [main] DEBUG org.apache.poi.openxml4j.opc.PackageRelationshipCollection - Parsing relationship: /_rels/.rels
2023-12-13 13:19:23.257 [main] INFO  page.RegisterPage - Actual Result is Invalid Username and Password - As expected
2023-12-13 13:19:26.775 [main] DEBUG org.apache.poi.openxml4j.opc.PackageRelationshipCollection - Parsing relationship: /xl/_rels/workbook.xml.rels
2023-12-13 13:19:26.778 [main] DEBUG org.apache.poi.openxml4j.opc.PackageRelationshipCollection - Parsing relationship: /_rels/.rels
2023-12-13 13:19:27.410 [main] INFO  page.RegisterPage - Actual Result is Invalid Username and Password - As expected
2023-12-13 13:19:30.856 [main] DEBUG org.apache.poi.openxml4j.opc.PackageRelationshipCollection - Parsing relationship: /xl/_rels/workbook.xml.rels
2023-12-13 13:19:30.859 [main] DEBUG org.apache.poi.openxml4j.opc.PackageRelationshipCollection - Parsing relationship: /_rels/.rels
2023-12-13 13:19:31.489 [main] INFO  page.RegisterPage - Actual Result is Invalid Username and Password - As expected
2023-12-13 13:19:34.965 [main] DEBUG org.apache.poi.openxml4j.opc.PackageRelationshipCollection - Parsing relationship: /xl/_rels/workbook.xml.rels
2023-12-13 13:19:34.966 [main] DEBUG org.apache.poi.openxml4j.opc.PackageRelationshipCollection - Parsing relationship: /_rels/.rels
2023-12-13 13:19:35.726 [main] INFO  page.RegisterPage - Actual Result is You are logged in - As expected
2023-12-13 13:19:39.981 [main] INFO  page.HomePage - User is in Home Page as expected
2023-12-13 13:19:40.001 [main] INFO  page.HomePage - User is in Home Page as expected
2023-12-13 13:19:40.247 [main] INFO  page.HomePage - Title is Data Structures-Introduction as expected
2023-12-13 13:19:40.302 [main] INFO  page.HomePage - Time Complexity
2023-12-13 13:19:40.520 [main] INFO  page.HomePage - Title is Time Complexity as expected
2023-12-13 13:19:41.379 [main] INFO  page.HomePage - Try Here Link works as expected...
2023-12-13 13:19:41.812 [main] INFO  page.HomePage - Try Here Link works as expected...
2023-12-13 13:19:46.116 [main] INFO  page.HomePage - User is in Home Page as expected
2023-12-13 13:19:46.136 [main] INFO  page.HomePage - User is in Home Page as expected
2023-12-13 13:19:46.389 [main] INFO  page.HomePage - Title is Array as expected
2023-12-13 13:19:46.436 [main] INFO  page.HomePage - Arrays in Python
2023-12-13 13:19:46.882 [main] INFO  page.HomePage - Title is Arrays in Python as expected
2023-12-13 13:19:47.812 [main] INFO  page.HomePage - Try Here Link works as expected...
2023-12-13 13:19:48.249 [main] INFO  page.HomePage - Try Here Link works as expected...
2023-12-13 13:19:48.333 [main] INFO  page.HomePage - Arrays Using List
2023-12-13 13:19:48.539 [main] INFO  page.HomePage - Title is Arrays Using List as expected
2023-12-13 13:19:49.077 [main] INFO  page.HomePage - Try Here Link works as expected...
2023-12-13 13:19:49.553 [main] INFO  page.HomePage - Try Here Link works as expected...
2023-12-13 13:19:49.635 [main] INFO  page.HomePage - Basic Operations in Lists
2023-12-13 13:19:49.900 [main] INFO  page.HomePage - Title is Basic Operations in Lists as expected
2023-12-13 13:19:50.385 [main] INFO  page.HomePage - Try Here Link works as expected...
2023-12-13 13:19:50.848 [main] INFO  page.HomePage - Try Here Link works as expected...
2023-12-13 13:19:50.931 [main] INFO  page.HomePage - Applications of Array
2023-12-13 13:19:51.180 [main] INFO  page.HomePage - Title is Applications of Array as expected
2023-12-13 13:19:51.685 [main] INFO  page.HomePage - Try Here Link works as expected...
2023-12-13 13:19:52.115 [main] INFO  page.HomePage - Try Here Link works as expected...
2023-12-13 13:19:53.010 [main] INFO  page.HomePage - The output result is as expected - not exist
2023-12-13 13:19:53.547 [main] INFO  page.HomePage - Alert error message is as expected...SyntaxError: bad input on line 4
2023-12-13 13:19:55.191 [main] INFO  page.HomePage - The output result is as expected - 4
2023-12-13 13:19:56.754 [main] INFO  page.HomePage - Alert error message is as expected...SyntaxError: bad input on line 11
2023-12-13 13:19:58.305 [main] INFO  page.HomePage - The output result is as expected - 4
2023-12-13 13:19:59.657 [main] INFO  page.HomePage - Alert error message is as expected...SyntaxError: unindent does not match any outer indentation level on line 5
2023-12-13 13:20:01.322 [main] INFO  page.HomePage - The output result is as expected - 4
2023-12-13 13:20:02.933 [main] INFO  page.HomePage - Alert error message is as expected...SyntaxError: bad input on line 1
2023-12-13 13:20:07.161 [main] INFO  page.HomePage - User is in Home Page as expected
2023-12-13 13:20:07.187 [main] INFO  page.HomePage - User is in Home Page as expected
2023-12-13 13:20:07.452 [main] INFO  page.HomePage - Title is Linked List as expected
2023-12-13 13:20:07.500 [main] INFO  page.HomePage - Introduction
2023-12-13 13:20:07.745 [main] INFO  page.HomePage - Title is Introduction as expected
2023-12-13 13:20:08.632 [main] INFO  page.HomePage - Try Here Link works as expected...
2023-12-13 13:20:09.069 [main] INFO  page.HomePage - Try Here Link works as expected...
2023-12-13 13:20:09.153 [main] INFO  page.HomePage - Creating Linked LIst
2023-12-13 13:20:09.374 [main] INFO  page.HomePage - Title is Creating Linked LIst as expected
2023-12-13 13:20:09.924 [main] INFO  page.HomePage - Try Here Link works as expected...
2023-12-13 13:20:10.359 [main] INFO  page.HomePage - Try Here Link works as expected...
2023-12-13 13:20:10.440 [main] INFO  page.HomePage - Types of Linked List
2023-12-13 13:20:10.760 [main] INFO  page.HomePage - Title is Types of Linked List as expected
2023-12-13 13:20:11.294 [main] INFO  page.HomePage - Try Here Link works as expected...
2023-12-13 13:20:11.720 [main] INFO  page.HomePage - Try Here Link works as expected...
2023-12-13 13:20:11.802 [main] INFO  page.HomePage - Implement Linked List in Python
2023-12-13 13:20:12.061 [main] INFO  page.HomePage - Title is Implement Linked List in Python as expected
2023-12-13 13:20:12.575 [main] INFO  page.HomePage - Try Here Link works as expected...
2023-12-13 13:20:13.026 [main] INFO  page.HomePage - Try Here Link works as expected...
2023-12-13 13:20:13.100 [main] INFO  page.HomePage - Traversal
2023-12-13 13:20:13.339 [main] INFO  page.HomePage - Title is Traversal as expected
2023-12-13 13:20:13.834 [main] INFO  page.HomePage - Try Here Link works as expected...
2023-12-13 13:20:14.262 [main] INFO  page.HomePage - Try Here Link works as expected...
2023-12-13 13:20:14.333 [main] INFO  page.HomePage - Insertion
2023-12-13 13:20:14.594 [main] INFO  page.HomePage - Title is Insertion as expected
2023-12-13 13:20:15.126 [main] INFO  page.HomePage - Try Here Link works as expected...
2023-12-13 13:20:15.530 [main] INFO  page.HomePage - Try Here Link works as expected...
2023-12-13 13:20:15.609 [main] INFO  page.HomePage - Deletion
2023-12-13 13:20:15.839 [main] INFO  page.HomePage - Title is Deletion as expected
2023-12-13 13:20:16.396 [main] INFO  page.HomePage - Try Here Link works as expected...
2023-12-13 13:20:16.846 [main] INFO  page.HomePage - Try Here Link works as expected...
2023-12-13 13:20:21.144 [main] INFO  page.HomePage - User is in Home Page as expected
2023-12-13 13:20:21.166 [main] INFO  page.HomePage - User is in Home Page as expected
2023-12-13 13:20:21.396 [main] INFO  page.HomePage - Title is Stack as expected
2023-12-13 13:20:21.439 [main] INFO  page.HomePage - Operations in Stack
2023-12-13 13:20:21.684 [main] INFO  page.HomePage - Title is Operations in Stack as expected
2023-12-13 13:20:22.607 [main] INFO  page.HomePage - Try Here Link works as expected...
2023-12-13 13:20:23.045 [main] INFO  page.HomePage - Try Here Link works as expected...
2023-12-13 13:20:23.130 [main] INFO  page.HomePage - Implementation
2023-12-13 13:20:23.334 [main] INFO  page.HomePage - Title is Implementation as expected
2023-12-13 13:20:23.875 [main] INFO  page.HomePage - Try Here Link works as expected...
2023-12-13 13:20:24.291 [main] INFO  page.HomePage - Try Here Link works as expected...
2023-12-13 13:20:24.362 [main] INFO  page.HomePage - Applications
2023-12-13 13:20:24.585 [main] INFO  page.HomePage - Title is Applications as expected
2023-12-13 13:20:25.100 [main] INFO  page.HomePage - Try Here Link works as expected...
2023-12-13 13:20:25.535 [main] INFO  page.HomePage - Try Here Link works as expected...
2023-12-13 13:20:29.850 [main] INFO  page.HomePage - User is in Home Page as expected
2023-12-13 13:20:29.883 [main] INFO  page.HomePage - User is in Home Page as expected
2023-12-13 13:20:30.111 [main] INFO  page.HomePage - Title is Queue as expected
2023-12-13 13:20:30.152 [main] INFO  page.HomePage - Implementation of Queue in Python
2023-12-13 13:20:30.390 [main] INFO  page.HomePage - Title is Implementation of Queue in Python as expected
2023-12-13 13:20:31.239 [main] INFO  page.HomePage - Try Here Link works as expected...
2023-12-13 13:20:31.670 [main] INFO  page.HomePage - Try Here Link works as expected...
2023-12-13 13:20:31.751 [main] INFO  page.HomePage - Implementation using collections.deque
2023-12-13 13:20:31.961 [main] INFO  page.HomePage - Title is Implementation using collections.deque as expected
2023-12-13 13:20:32.477 [main] INFO  page.HomePage - Try Here Link works as expected...
2023-12-13 13:20:32.911 [main] INFO  page.HomePage - Try Here Link works as expected...
2023-12-13 13:20:32.982 [main] INFO  page.HomePage - Implementation using array
2023-12-13 13:20:33.226 [main] INFO  page.HomePage - Title is Implementation using array as expected
2023-12-13 13:20:33.750 [main] INFO  page.HomePage - Try Here Link works as expected...
2023-12-13 13:20:34.171 [main] INFO  page.HomePage - Try Here Link works as expected...
2023-12-13 13:20:34.241 [main] INFO  page.HomePage - Queue Operations
2023-12-13 13:20:34.470 [main] INFO  page.HomePage - Title is Queue Operations as expected
2023-12-13 13:20:35.016 [main] INFO  page.HomePage - Try Here Link works as expected...
2023-12-13 13:20:35.447 [main] INFO  page.HomePage - Try Here Link works as expected...
2023-12-13 13:20:39.656 [main] INFO  page.HomePage - User is in Home Page as expected
2023-12-13 13:20:39.677 [main] INFO  page.HomePage - User is in Home Page as expected
2023-12-13 13:20:39.931 [main] INFO  page.HomePage - Title is Tree as expected
2023-12-13 13:20:39.972 [main] INFO  page.HomePage - Overview of Trees
2023-12-13 13:20:40.252 [main] INFO  page.HomePage - Title is Overview of Trees as expected
2023-12-13 13:20:41.131 [main] INFO  page.HomePage - Try Here Link works as expected...
2023-12-13 13:20:41.561 [main] INFO  page.HomePage - Try Here Link works as expected...
2023-12-13 13:20:41.646 [main] INFO  page.HomePage - Terminologies
2023-12-13 13:20:41.864 [main] INFO  page.HomePage - Title is Terminologies as expected
2023-12-13 13:20:42.380 [main] INFO  page.HomePage - Try Here Link works as expected...
2023-12-13 13:20:42.806 [main] INFO  page.HomePage - Try Here Link works as expected...
2023-12-13 13:20:42.879 [main] INFO  page.HomePage - Types of Trees
2023-12-13 13:20:43.148 [main] INFO  page.HomePage - Title is Types of Trees as expected
2023-12-13 13:20:43.723 [main] INFO  page.HomePage - Try Here Link works as expected...
2023-12-13 13:20:44.152 [main] INFO  page.HomePage - Try Here Link works as expected...
2023-12-13 13:20:44.219 [main] INFO  page.HomePage - Tree Traversals
2023-12-13 13:20:44.487 [main] INFO  page.HomePage - Title is Tree Traversals as expected
2023-12-13 13:20:45.004 [main] INFO  page.HomePage - Try Here Link works as expected...
2023-12-13 13:20:45.444 [main] INFO  page.HomePage - Try Here Link works as expected...
2023-12-13 13:20:45.513 [main] INFO  page.HomePage - Traversals-Illustration
2023-12-13 13:20:45.788 [main] INFO  page.HomePage - Title is Traversals-Illustration as expected
2023-12-13 13:20:46.316 [main] INFO  page.HomePage - Try Here Link works as expected...
2023-12-13 13:20:46.736 [main] INFO  page.HomePage - Try Here Link works as expected...
2023-12-13 13:20:46.808 [main] INFO  page.HomePage - Binary Trees
2023-12-13 13:20:47.079 [main] INFO  page.HomePage - Title is Binary Trees as expected
2023-12-13 13:20:47.644 [main] INFO  page.HomePage - Try Here Link works as expected...
2023-12-13 13:20:48.072 [main] INFO  page.HomePage - Try Here Link works as expected...
2023-12-13 13:20:48.149 [main] INFO  page.HomeP2023-12-13 14:15:25.785 [main] INFO  page.PortalPage - Opening Portal Page...
2023-12-13 14:15:26.135 [main] INFO  page.PortalPage - Clicking Get started button....
2023-12-13 14:15:26.623 [main] INFO  page.HomePage - Opening home page...
2023-12-13 14:15:26.704 [main] INFO  page.HomePage - USER IS IN HOME PAGE
2023-12-13 14:15:29.985 [main] INFO  page.PortalPage - Opening Portal Page...
2023-12-13 14:15:30.305 [main] INFO  page.PortalPage - Clicking Get started button....
2023-12-13 14:15:30.786 [main] INFO  page.HomePage - Opening home page...
2023-12-13 14:15:30.869 [main] INFO  page.HomePage - USER IS IN HOME PAGE
2023-12-13 14:15:30.869 [main] INFO  page.HomePage - Clicking on data structures link
2023-12-13 14:15:31.001 [main] INFO  page.HomePage - 6 items available in the DataStructure dropdown
2023-12-13 14:15:34.220 [main] INFO  page.PortalPage - Opening Portal Page...
2023-12-13 14:15:34.575 [main] INFO  page.PortalPage - Clicking Get started button....
2023-12-13 14:15:35.172 [main] INFO  page.HomePage - Opening home page...
2023-12-13 14:15:35.270 [main] INFO  page.HomePage - USER IS IN HOME PAGE
2023-12-13 14:15:35.270 [main] INFO  page.HomePage - Clicking on array link
2023-12-13 14:15:35.772 [main] INFO  page.HomePage - You are not logged in is displayed as expected
2023-12-13 14:15:39.245 [main] INFO  page.PortalPage - Opening Portal Page...
2023-12-13 14:15:39.556 [main] INFO  page.PortalPage - Clicking Get started button....
2023-12-13 14:15:40.046 [main] INFO  page.HomePage - Opening home page...
2023-12-13 14:15:40.111 [main] INFO  page.HomePage - USER IS IN HOME PAGE
2023-12-13 14:15:40.499 [main] INFO  page.HomePage - You are not logged in is displayed as expected
2023-12-13 14:15:43.722 [main] INFO  page.PortalPage - Opening Portal Page...
2023-12-13 14:15:44.070 [main] INFO  page.PortalPage - Clicking Get started button....
2023-12-13 14:15:44.558 [main] INFO  page.HomePage - Opening home page...
2023-12-13 14:15:44.618 [main] INFO  page.HomePage - USER IS IN HOME PAGE
2023-12-13 14:15:44.620 [main] INFO  page.HomePage - Clicking on sign in link...
2023-12-13 14:15:44.900 [main] INFO  page.HomePage - USER IS IN SIGN IN PAGE
2023-12-13 14:15:48.045 [main] INFO  page.PortalPage - Opening Portal Page...
2023-12-13 14:15:48.417 [main] INFO  page.PortalPage - Clicking Get started button....
2023-12-13 14:15:48.914 [main] INFO  page.HomePage - Opening home page...
2023-12-13 14:15:48.975 [main] INFO  page.HomePage - USER IS IN HOME PAGE
2023-12-13 14:15:48.986 [main] INFO  page.HomePage - Clicking on Register link...
2023-12-13 14:15:49.309 [main] INFO  page.HomePage - USER IS IN REGISTER PAGE
2023-12-13 14:15:53.141 [main] INFO  page.RegisterPage - Please fill out this field. message is displayed as expected
2023-12-13 14:15:56.935 [main] INFO  page.RegisterPage - Please fill out this field. message is displayed as expected
2023-12-13 14:16:00.818 [main] INFO  page.RegisterPage - Please fill out this field. message is displayed as expected
2023-12-13 14:16:04.951 [main] INFO  page.RegisterPage - password_mismatch:The two password fields didn’t match. message is displayed as expected
2023-12-13 14:16:09.067 [main] INFO  page.RegisterPage - password_mismatch:The two password fields didn’t match. message is displayed as expected
2023-12-13 14:16:13.177 [main] INFO  page.RegisterPage - password_mismatch:The two password fields didn’t match. message is displayed as expected
2023-12-13 14:16:17.761 [main] INFO  page.RegisterPage - password_mismatch:The two password fields didn’t match. message is displayed as expected
2023-12-13 14:16:39.354 [main] DEBUG org.apache.poi.openxml4j.opc.PackageRelationshipCollection - Parsing relationship: /xl/_rels/workbook.xml.rels
2023-12-13 14:16:39.403 [main] DEBUG org.apache.poi.openxml4j.opc.PackageRelationshipCollection - Parsing relationship: /_rels/.rels
2023-12-13 14:16:40.757 [main] INFO  page.RegisterPage - Actual Result is Invalid Username and Password - As expected
2023-12-13 14:16:44.420 [main] DEBUG org.apache.poi.openxml4j.opc.PackageRelationshipCollection - Parsing relationship: /xl/_rels/workbook.xml.rels
2023-12-13 14:16:44.428 [main] DEBUG org.apache.poi.openxml4j.opc.PackageRelationshipCollection - Parsing relationship: /_rels/.rels
2023-12-13 14:16:45.061 [main] INFO  page.RegisterPage - Actual Result is Invalid Username and Password - As expected
2023-12-13 14:16:48.643 [main] DEBUG org.apache.poi.openxml4j.opc.PackageRelationshipCollection - Parsing relationship: /xl/_rels/workbook.xml.rels
2023-12-13 14:16:48.647 [main] DEBUG org.apache.poi.openxml4j.opc.PackageRelationshipCollection - Parsing relationship: /_rels/.rels
2023-12-13 14:16:49.361 [main] INFO  page.RegisterPage - Actual Result is Invalid Username and Password - As expected
2023-12-13 14:16:52.811 [main] DEBUG org.apache.poi.openxml4j.opc.PackageRelationshipCollection - Parsing relationship: /xl/_rels/workbook.xml.rels
2023-12-13 14:16:52.828 [main] DEBUG org.apache.poi.openxml4j.opc.PackageRelationshipCollection - Parsing relationship: /_rels/.rels
2023-12-13 14:16:53.639 [main] INFO  page.RegisterPage - Actual Result is You are logged in - As expected
2023-12-13 14:16:57.881 [main] INFO  page.HomePage - User is in Home Page as expected
2023-12-13 14:16:57.905 [main] INFO  page.HomePage - User is in Home Page as expected
2023-12-13 14:16:58.181 [main] INFO  page.HomePage - Title is Data Structures-Introduction as expected
2023-12-13 14:16:58.211 [main] INFO  page.HomePage - Time Complexity
2023-12-13 14:16:58.454 [main] INFO  page.HomePage - Title is Time Complexity as expected
2023-12-13 14:16:59.422 [main] INFO  page.HomePage - Try Here Link works as expected...
2023-12-13 14:16:59.929 [main] INFO  page.HomePage - Try Here Link works as expected...
2023-12-13 14:17:04.201 [main] INFO  page.HomePage - User is in Home Page as expected
2023-12-13 14:17:04.221 [main] INFO  page.HomePage - User is in Home Page as expected
2023-12-13 14:17:04.488 [main] INFO  page.HomePage - Title is Array as expected
2023-12-13 14:17:04.531 [main] INFO  page.HomePage - Arrays in Python
2023-12-13 14:17:06.865 [main] INFO  page.HomePage - Title is Arrays in Python as expected
2023-12-13 14:17:07.770 [main] INFO  page.HomePage - Try Here Link works as expected...
2023-12-13 14:17:08.267 [main] INFO  page.HomePage - Try Here Link works as expected...
2023-12-13 14:17:08.368 [main] INFO  page.HomePage - Arrays Using List
2023-12-13 14:17:08.586 [main] INFO  page.HomePage - Title is Arrays Using List as expected
2023-12-13 14:17:09.103 [main] INFO  page.HomePage - Try Here Link works as expected...
2023-12-13 14:17:09.557 [main] INFO  page.HomePage - Try Here Link works as expected...
2023-12-13 14:17:09.649 [main] INFO  page.HomePage - Basic Operations in Lists
2023-12-13 14:17:09.938 [main] INFO  page.HomePage - Title is Basic Operations in Lists as expected
2023-12-13 14:17:10.500 [main] INFO  page.HomePage - Try Here Link works as expected...
2023-12-13 14:17:10.967 [main] INFO  page.HomePage - Try Here Link works as expected...
2023-12-13 14:17:11.053 [main] INFO  page.HomePage - Applications of Array
2023-12-13 14:17:11.314 [main] INFO  page.HomePage - Title is Applications of Array as expected
2023-12-13 14:17:11.843 [main] INFO  page.HomePage - Try Here Link works as expected...
2023-12-13 14:17:12.289 [main] INFO  page.HomePage - Try Here Link works as expected...
2023-12-13 14:17:13.387 [main] INFO  page.HomePage - The output result is as expected - not exist
2023-12-13 14:17:14.023 [main] INFO  page.HomePage - Alert error message is as expected...SyntaxError: bad input on line 4
2023-12-13 14:17:15.984 [main] INFO  page.HomePage - The output result is as expected - 4
2023-12-13 14:17:17.730 [main] INFO  page.HomePage - Alert error message is as expected...SyntaxError: bad input on line 11
2023-12-13 14:17:19.831 [main] INFO  page.HomePage - The output result is as expected - 4
2023-12-13 14:17:21.614 [main] INFO  page.HomePage - Alert error message is as expected...SyntaxError: unindent does not match any outer indentation level on line 5
2023-12-13 14:17:23.738 [main] INFO  page.HomePage - The output result is as expected - 4
2023-12-13 14:17:25.430 [main] INFO  page.HomePage - Alert error message is as expected...SyntaxError: bad input on line 1
2023-12-13 14:17:29.693 [main] INFO  page.HomePage - User is in Home Page as expected
2023-12-13 14:17:29.708 [main] INFO  page.HomePage - User is in Home Page as expected
2023-12-13 14:17:29.958 [main] INFO  page.HomePage - Title is Linked List as expected
2023-12-13 14:17:30.010 [main] INFO  page.HomePage - Introduction
2023-12-13 14:17:30.246 [main] INFO  page.HomePage - Title is Introduction as expected
2023-12-13 14:17:31.146 [main] INFO  page.HomePage - Try Here Link works as expected...
2023-12-13 14:17:31.631 [main] INFO  page.HomePage - Try Here Link works as expected...
2023-12-13 14:17:31.745 [main] INFO  page.HomePage - Creating Linked LIst
2023-12-13 14:17:31.981 [main] INFO  page.HomePage - Title is Creating Linked LIst as expected
2023-12-13 14:17:32.528 [main] INFO  page.HomePage - Try Here Link works as expected...
2023-12-13 14:17:33.106 [main] INFO  page.HomePage - Try Here Link works as expected...
2023-12-13 14:17:33.217 [main] INFO  page.HomePage - Types of Linked List
2023-12-13 14:17:33.549 [main] INFO  page.HomePage - Title is Types of Linked List as expected
2023-12-13 14:17:34.095 [main] INFO  page.HomePage - Try Here Link works as expected...
2023-12-13 14:17:34.542 [main] INFO  page.HomePage - Try Here Link works as expected...
2023-12-13 14:17:34.638 [main] INFO  page.HomePage - Implement Linked List in Python
2023-12-13 14:17:34.930 [main] INFO  page.HomePage - Title is Implement Linked List in Python as expected
2023-12-13 14:17:35.473 [main] INFO  page.HomePage - Try Here Link works as expected...
2023-12-13 14:17:35.923 [main] INFO  page.HomePage - Try Here Link works as expected...
2023-12-13 14:17:36.024 [main] INFO  page.HomePage - Traversal
2023-12-13 14:17:36.270 [main] INFO  page.HomePage - Title is Traversal as expected
2023-12-13 14:17:36.842 [main] INFO  page.HomePage - Try Here Link works as expected...
2023-12-13 14:17:37.327 [main] INFO  page.HomePage - Try Here Link works as expected...
2023-12-13 14:17:37.427 [main] INFO  page.HomePage - Insertion
2023-12-13 14:17:37.701 [main] INFO  page.HomePage - Title is Insertion as expected
2023-12-13 14:17:38.250 [main] INFO  page.HomePage - Try Here Link works as expected...
2023-12-13 14:17:38.702 [main] INFO  page.HomePage - Try Here Link works as expected...
2023-12-13 14:17:38.801 [main] INFO  page.HomePage - Deletion
2023-12-13 14:17:39.076 [main] INFO  page.HomePage - Title is Deletion as expected
2023-12-13 14:17:39.616 [main] INFO  page.HomePage - Try Here Link works as expected...
2023-12-13 14:17:40.068 [main] INFO  page.HomePage - Try Here Link works as expected...
2023-12-13 14:17:44.413 [main] INFO  page.HomePage - User is in Home Page as expected
2023-12-13 14:17:44.434 [main] INFO  page.HomePage - User is in Home Page as expected
2023-12-13 14:17:44.661 [main] INFO  page.HomePage - Title is Stack as expected
2023-12-13 14:17:44.695 [main] INFO  page.HomePage - Operations in Stack
2023-12-13 14:17:44.965 [main] INFO  page.HomePage - Title is Operations in Stack as expected
2023-12-13 14:17:45.885 [main] INFO  page.HomePage - Try Here Link works as expected...
2023-12-13 14:17:46.373 [main] INFO  page.HomePage - Try Here Link works as expected...
2023-12-13 14:17:46.483 [main] INFO  page.HomePage - Implementation
2023-12-13 14:17:46.715 [main] INFO  page.HomePage - Title is Implementation as expected
2023-12-13 14:17:47.275 [main] INFO  page.HomePage - Try Here Link works as expected...
2023-12-13 14:17:47.845 [main] INFO  page.HomePage - Try Here Link works as expected...
2023-12-13 14:17:47.946 [main] INFO  page.HomePage - Applications
2023-12-13 14:17:48.198 [main] INFO  page.HomePage - Title is Applications as expected
2023-12-13 14:17:48.745 [main] INFO  page.HomePage - Try Here Link works as expected...
2023-12-13 14:17:49.219 [main] INFO  page.HomePage - Try Here Link works as expected...
2023-12-13 14:17:53.456 [main] INFO  page.HomePage - User is in Home Page as expected
2023-12-13 14:17:53.478 [main] INFO  page.HomePage - User is in Home Page as expected
2023-12-13 14:17:53.767 [main] INFO  page.HomePage - Title is Queue as expected
2023-12-13 14:17:53.796 [main] INFO  page.HomePage - Implementation of Queue in Python
2023-12-13 14:17:54.039 [main] INFO  page.HomePage - Title is Implementation of Queue in Python as expected
2023-12-13 14:17:54.896 [main] INFO  page.HomePage - Try Here Link works as expected...
2023-12-13 14:17:55.383 [main] INFO  page.HomePage - Try Here Link works as expected...
2023-12-13 14:17:55.473 [main] INFO  page.HomePage - Implementation using collections.deque
2023-12-13 14:17:55.689 [main] INFO  page.HomePage - Title is Implementation using collections.deque as expected
2023-12-13 14:17:56.225 [main] INFO  page.HomePage - Try Here Link works as expected...
2023-12-13 14:17:56.718 [main] INFO  page.HomePage - Try Here Link works as expected...
2023-12-13 14:17:56.802 [main] INFO  page.HomePage - Implementation using array
2023-12-13 14:17:57.030 [main] INFO  page.HomePage - Title is Implementation using array as expected
2023-12-13 14:17:57.609 [main] INFO  page.HomePage - Try Here Link works as expected...
2023-12-13 14:17:58.057 [main] INFO  page.HomePage - Try Here Link works as expected...
2023-12-13 14:17:58.145 [main] INFO  page.HomePage - Queue Operations
2023-12-13 14:17:58.394 [main] INFO  page.HomePage - Title is Queue Operations as expected
2023-12-13 14:17:58.925 [main] INFO  page.HomePage - Try Here Link works as expected...
2023-12-13 14:17:59.385 [main] INFO  page.HomePage - Try Here Link works as expected...
2023-12-13 14:18:03.761 [main] INFO  page.HomePage - User is in Home Page as expected
2023-12-13 14:18:03.778 [main] INFO  page.HomePage - User is in Home Page as expected
2023-12-13 14:18:04.057 [main] INFO  page.HomePage - Title is Tree as expected
2023-12-13 14:18:04.092 [main] INFO  page.HomePage - Overview of Trees
2023-12-13 14:18:04.339 [main] INFO  page.HomePage - Title is Overview of Trees as expected
2023-12-13 14:18:05.210 [main] INFO  page.HomePage - Try Here Link works as expected...
2023-12-13 14:18:05.686 [main] INFO  page.HomePage - Try Here Link works as expected...
2023-12-13 14:18:05.786 [main] INFO  page.HomePage - Terminologies
2023-12-13 14:18:06.036 [main] INFO  page.HomePage - Title is Terminologies as expected
2023-12-13 14:18:06.620 [main] INFO  page.HomePage - Try Here Link works as expected...
2023-12-13 14:18:07.192 [main] INFO  page.HomePage - Try Here Link works as expected...
2023-12-13 14:18:07.276 [main] INFO  page.HomePage - Types of Trees
2023-12-13 14:18:07.541 [main] INFO  page.HomePage - Title is Types of Trees as expected
2023-12-13 14:18:08.133 [main] INFO  page.HomePage - Try Here Link works as expected...
2023-12-13 14:18:08.626 [main] INFO  page.HomePage - Try Here Link works as expected...
2023-12-13 14:18:08.709 [main] INFO  page.HomePage - Tree Traversals
2023-12-13 14:18:09.019 [main] INFO  page.HomePage - Title is Tree Traversals as expected
2023-12-13 14:18:09.594 [main] INFO  page.HomePage - Try Here Link works as expected...
2023-12-13 14:18:10.037 [main] INFO  page.HomePage - Try Here Link works as expected...
2023-12-13 14:18:10.127 [main] INFO  page.HomePage - Traversals-Illustration
2023-12-13 14:18:10.447 [main] INFO  page.HomePage - Title is Traversals-Illustration as expected
2023-12-13 14:18:11.012 [main] INFO  page.HomePage - Try Here Link works as expected...
2023-12-13 14:18:11.455 [main] INFO  page.HomePage - Try Here Link works as expected...
2023-12-13 14:18:11.554 [main] INFO  page.HomePage - Binary Trees
2023-12-13 14:18:11.887 [main] INFO  page.HomePage - Title is Binary Trees as expected
2023-12-13 14:18:12.487 [main] INFO  page.HomePage - Try Here Link works as expected...
2023-12-13 14:18:12.996 [main] INFO  page.HomePage - Try Here Link works as expected...
2023-12-13 14:18:13.110 [main] INFO  page.HomeP2023-12-13 15:42:36.593 [main] INFO  page.PortalPage - Opening Portal Page...
2023-12-13 15:42:37.001 [main] INFO  page.PortalPage - Clicking Get started button....
2023-12-13 15:42:37.499 [main] INFO  page.HomePage - Opening home page...
2023-12-13 15:42:37.586 [main] INFO  page.HomePage - USER IS IN HOME PAGE
2023-12-13 15:42:40.805 [main] INFO  page.PortalPage - Opening Portal Page...
2023-12-13 15:42:41.054 [main] INFO  page.PortalPage - Clicking Get started button....
2023-12-13 15:42:41.640 [main] INFO  page.HomePage - Opening home page...
2023-12-13 15:42:41.701 [main] INFO  page.HomePage - USER IS IN HOME PAGE
2023-12-13 15:42:41.709 [main] INFO  page.HomePage - Clicking on data structures link
2023-12-13 15:42:41.843 [main] INFO  page.HomePage - 6 items available in the DataStructure dropdown
2023-12-13 15:42:44.898 [main] INFO  page.PortalPage - Opening Portal Page...
2023-12-13 15:42:45.273 [main] INFO  page.PortalPage - Clicking Get started button....
2023-12-13 15:42:45.786 [main] INFO  page.HomePage - Opening home page...
2023-12-13 15:42:45.869 [main] INFO  page.HomePage - USER IS IN HOME PAGE
2023-12-13 15:42:45.875 [main] INFO  page.HomePage - Clicking on array link
2023-12-13 15:42:46.250 [main] INFO  page.HomePage - You are not logged in is displayed as expected
2023-12-13 15:42:49.310 [main] INFO  page.PortalPage - Opening Portal Page...
2023-12-13 15:42:49.629 [main] INFO  page.PortalPage - Clicking Get started button....
2023-12-13 15:42:50.271 [main] INFO  page.HomePage - Opening home page...
2023-12-13 15:42:50.317 [main] INFO  page.HomePage - USER IS IN HOME PAGE
2023-12-13 15:42:50.734 [main] INFO  page.HomePage - You are not logged in is displayed as expected
2023-12-13 15:42:53.742 [main] INFO  page.PortalPage - Opening Portal Page...
2023-12-13 15:42:54.074 [main] INFO  page.PortalPage - Clicking Get started button....
2023-12-13 15:42:54.570 [main] INFO  page.HomePage - Opening home page...
2023-12-13 15:42:54.659 [main] INFO  page.HomePage - USER IS IN HOME PAGE
2023-12-13 15:42:54.661 [main] INFO  page.HomePage - Clicking on sign in link...
2023-12-13 15:42:54.938 [main] INFO  page.HomePage - USER IS IN SIGN IN PAGE
2023-12-13 15:42:58.021 [main] INFO  page.PortalPage - Opening Portal Page...
2023-12-13 15:42:58.400 [main] INFO  page.PortalPage - Clicking Get started button....
2023-12-13 15:42:58.906 [main] INFO  page.HomePage - Opening home page...
2023-12-13 15:42:58.965 [main] INFO  page.HomePage - USER IS IN HOME PAGE
2023-12-13 15:42:58.971 [main] INFO  page.HomePage - Clicking on Register link...
2023-12-13 15:42:59.264 [main] INFO  page.HomePage - USER IS IN REGISTER PAGE
2023-12-13 15:43:03.120 [main] INFO  page.RegisterPage - Please fill out this field. message is displayed as expected
2023-12-13 15:43:07.021 [main] INFO  page.RegisterPage - Please fill out this field. message is displayed as expected
2023-12-13 15:43:11.023 [main] INFO  page.RegisterPage - Please fill out this field. message is displayed as expected
2023-12-13 15:43:15.364 [main] INFO  page.RegisterPage - password_mismatch:The two password fields didn’t match. message is displayed as expected
2023-12-13 15:43:19.588 [main] INFO  page.RegisterPage - password_mismatch:The two password fields didn’t match. message is displayed as expected
2023-12-13 15:43:23.939 [main] INFO  page.RegisterPage - password_mismatch:The two password fields didn’t match. message is displayed as expected
2023-12-13 15:43:28.079 [main] INFO  page.RegisterPage - password_mismatch:The two password fields didn’t match. message is displayed as expected
2023-12-13 15:43:47.528 [main] DEBUG org.apache.poi.openxml4j.opc.PackageRelationshipCollection - Parsing relationship: /xl/_rels/workbook.xml.rels
2023-12-13 15:43:47.579 [main] DEBUG org.apache.poi.openxml4j.opc.PackageRelationshipCollection - Parsing relationship: /_rels/.rels
2023-12-13 15:43:49.022 [main] INFO  page.RegisterPage - Actual Result is Invalid Username and Password - As expected
2023-12-13 15:43:52.796 [main] DEBUG org.apache.poi.openxml4j.opc.PackageRelationshipCollection - Parsing relationship: /xl/_rels/workbook.xml.rels
2023-12-13 15:43:52.799 [main] DEBUG org.apache.poi.openxml4j.opc.PackageRelationshipCollection - Parsing relationship: /_rels/.rels
2023-12-13 15:43:53.419 [main] INFO  page.RegisterPage - Actual Result is Invalid Username and Password - As expected
2023-12-13 15:43:57.102 [main] DEBUG org.apache.poi.openxml4j.opc.PackageRelationshipCollection - Parsing relationship: /xl/_rels/workbook.xml.rels
2023-12-13 15:43:57.110 [main] DEBUG org.apache.poi.openxml4j.opc.PackageRelationshipCollection - Parsing relationship: /_rels/.rels
2023-12-13 15:43:57.716 [main] INFO  page.RegisterPage - Actual Result is Invalid Username and Password - As expected
2023-12-13 15:44:01.364 [main] DEBUG org.apache.poi.openxml4j.opc.PackageRelationshipCollection - Parsing relationship: /xl/_rels/workbook.xml.rels
2023-12-13 15:44:01.366 [main] DEBUG org.apache.poi.openxml4j.opc.PackageRelationshipCollection - Parsing relationship: /_rels/.rels
2023-12-13 15:44:02.210 [main] INFO  page.RegisterPage - Actual Result is You are logged in - As expected
2023-12-13 15:44:06.612 [main] INFO  page.HomePage - User is in Home Page as expected
2023-12-13 15:44:06.637 [main] INFO  page.HomePage - User is in Home Page as expected
2023-12-13 15:44:06.868 [main] INFO  page.HomePage - Title is Data Structures-Introduction as expected
2023-12-13 15:44:06.913 [main] INFO  page.HomePage - Time Complexity
2023-12-13 15:44:07.136 [main] INFO  page.HomePage - Title is Time Complexity as expected
2023-12-13 15:44:08.092 [main] INFO  page.HomePage - Try Here Link works as expected...
2023-12-13 15:44:08.546 [main] INFO  page.HomePage - Try Here Link works as expected...
2023-12-13 15:44:12.965 [main] INFO  page.HomePage - User is in Home Page as expected
2023-12-13 15:44:12.998 [main] INFO  page.HomePage - User is in Home Page as expected
2023-12-13 15:44:13.248 [main] INFO  page.HomePage - Title is Array as expected
2023-12-13 15:44:13.297 [main] INFO  page.HomePage - Arrays in Python
2023-12-13 15:44:13.660 [main] INFO  page.HomePage - Title is Arrays in Python as expected
2023-12-13 15:44:14.920 [main] INFO  page.HomePage - Try Here Link works as expected...
2023-12-13 15:44:15.373 [main] INFO  page.HomePage - Try Here Link works as expected...
2023-12-13 15:44:15.468 [main] INFO  page.HomePage - Arrays Using List
2023-12-13 15:44:15.735 [main] INFO  page.HomePage - Title is Arrays Using List as expected
2023-12-13 15:44:16.321 [main] INFO  page.HomePage - Try Here Link works as expected...
2023-12-13 15:44:16.749 [main] INFO  page.HomePage - Try Here Link works as expected...
2023-12-13 15:44:16.854 [main] INFO  page.HomePage - Basic Operations in Lists
2023-12-13 15:44:17.133 [main] INFO  page.HomePage - Title is Basic Operations in Lists as expected
2023-12-13 15:44:17.712 [main] INFO  page.HomePage - Try Here Link works as expected...
2023-12-13 15:44:18.200 [main] INFO  page.HomePage - Try Here Link works as expected...
2023-12-13 15:44:18.293 [main] INFO  page.HomePage - Applications of Array
2023-12-13 15:44:18.551 [main] INFO  page.HomePage - Title is Applications of Array as expected
2023-12-13 15:44:19.118 [main] INFO  page.HomePage - Try Here Link works as expected...
2023-12-13 15:44:19.616 [main] INFO  page.HomePage - Try Here Link works as expected...
2023-12-13 15:44:20.829 [main] INFO  page.HomePage - The output result is as expected - not exist
2023-12-13 15:44:21.569 [main] INFO  page.HomePage - Alert error message is as expected...SyntaxError: bad input on line 4
2023-12-13 15:44:23.748 [main] INFO  page.HomePage - The output result is as expected - 4
2023-12-13 15:44:25.668 [main] INFO  page.HomePage - Alert error message is as expected...SyntaxError: bad input on line 11
2023-12-13 15:44:28.002 [main] INFO  page.HomePage - The output result is as expected - 4
2023-12-13 15:44:29.860 [main] INFO  page.HomePage - Alert error message is as expected...SyntaxError: unindent does not match any outer indentation level on line 5
2023-12-13 15:44:31.861 [main] INFO  page.HomePage - The output result is as expected - 4
2023-12-13 15:44:33.641 [main] INFO  page.HomePage - Alert error message is as expected...SyntaxError: bad input on line 1
2023-12-13 15:44:38.178 [main] INFO  page.HomePage - User is in Home Page as expected
2023-12-13 15:44:38.205 [main] INFO  page.HomePage - User is in Home Page as expected
2023-12-13 15:44:38.484 [main] INFO  page.HomePage - Title is Linked List as expected
2023-12-13 15:44:38.526 [main] INFO  page.HomePage - Introduction
2023-12-13 15:44:38.795 [main] INFO  page.HomePage - Title is Introduction as expected
2023-12-13 15:44:39.827 [main] INFO  page.HomePage - Try Here Link works as expected...
2023-12-13 15:44:40.269 [main] INFO  page.HomePage - Try Here Link works as expected...
2023-12-13 15:44:40.362 [main] INFO  page.HomePage - Creating Linked LIst
2023-12-13 15:44:40.607 [main] INFO  page.HomePage - Title is Creating Linked LIst as expected
2023-12-13 15:44:41.162 [main] INFO  page.HomePage - Try Here Link works as expected...
2023-12-13 15:44:41.598 [main] INFO  page.HomePage - Try Here Link works as expected...
2023-12-13 15:44:41.693 [main] INFO  page.HomePage - Types of Linked List
2023-12-13 15:44:42.022 [main] INFO  page.HomePage - Title is Types of Linked List as expected
2023-12-13 15:44:42.560 [main] INFO  page.HomePage - Try Here Link works as expected...
2023-12-13 15:44:43.043 [main] INFO  page.HomePage - Try Here Link works as expected...
2023-12-13 15:44:43.132 [main] INFO  page.HomePage - Implement Linked List in Python
2023-12-13 15:44:43.472 [main] INFO  page.HomePage - Title is Implement Linked List in Python as expected
2023-12-13 15:44:44.062 [main] INFO  page.HomePage - Try Here Link works as expected...
2023-12-13 15:44:44.602 [main] INFO  page.HomePage - Try Here Link works as expected...
2023-12-13 15:44:44.706 [main] INFO  page.HomePage - Traversal
2023-12-13 15:44:44.993 [main] INFO  page.HomePage - Title is Traversal as expected
2023-12-13 15:44:45.603 [main] INFO  page.HomePage - Try Here Link works as expected...
2023-12-13 15:44:46.062 [main] INFO  page.HomePage - Try Here Link works as expected...
2023-12-13 15:44:46.148 [main] INFO  page.HomePage - Insertion
2023-12-13 15:44:46.727 [main] INFO  page.HomePage - Title is Insertion as expected
2023-12-13 15:44:47.283 [main] INFO  page.HomePage - Try Here Link works as expected...
2023-12-13 15:44:47.717 [main] INFO  page.HomePage - Try Here Link works as expected...
2023-12-13 15:44:47.816 [main] INFO  page.HomePage - Deletion
2023-12-13 15:44:48.101 [main] INFO  page.HomePage - Title is Deletion as expected
2023-12-13 15:44:48.699 [main] INFO  page.HomePage - Try Here Link works as expected...
2023-12-13 15:44:49.158 [main] INFO  page.HomePage - Try Here Link works as expected...
2023-12-13 15:44:53.459 [main] INFO  page.HomePage - User is in Home Page as expected
2023-12-13 15:44:53.488 [main] INFO  page.HomePage - User is in Home Page as expected
2023-12-13 15:44:53.748 [main] INFO  page.HomePage - Title is Stack as expected
2023-12-13 15:44:53.791 [main] INFO  page.HomePage - Operations in Stack
2023-12-13 15:44:54.082 [main] INFO  page.HomePage - Title is Operations in Stack as expected
2023-12-13 15:44:55.133 [main] INFO  page.HomePage - Try Here Link works as expected...
2023-12-13 15:44:55.594 [main] INFO  page.HomePage - Try Here Link works as expected...
2023-12-13 15:44:55.698 [main] INFO  page.HomePage - Implementation
2023-12-13 15:44:55.940 [main] INFO  page.HomePage - Title is Implementation as expected
2023-12-13 15:44:56.510 [main] INFO  page.HomePage - Try Here Link works as expected...
2023-12-13 15:44:56.944 [main] INFO  page.HomePage - Try Here Link works as expected...
2023-12-13 15:44:57.036 [main] INFO  page.HomePage - Applications
2023-12-13 15:44:57.265 [main] INFO  page.HomePage - Title is Applications as expected
2023-12-13 15:44:57.810 [main] INFO  page.HomePage - Try Here Link works as expected...
2023-12-13 15:44:58.254 [main] INFO  page.HomePage - Try Here Link works as expected...
2023-12-13 15:45:02.713 [main] INFO  page.HomePage - User is in Home Page as expected
2023-12-13 15:45:02.734 [main] INFO  page.HomePage - User is in Home Page as expected
2023-12-13 15:45:02.998 [main] INFO  page.HomePage - Title is Queue as expected
2023-12-13 15:45:03.038 [main] INFO  page.HomePage - Implementation of Queue in Python
2023-12-13 15:45:03.271 [main] INFO  page.HomePage - Title is Implementation of Queue in Python as expected
2023-12-13 15:45:04.557 [main] INFO  page.HomePage - Try Here Link works as expected...
2023-12-13 15:45:05.062 [main] INFO  page.HomePage - Try Here Link works as expected...
2023-12-13 15:45:05.168 [main] INFO  page.HomePage - Implementation using collections.deque
2023-12-13 15:45:05.404 [main] INFO  page.HomePage - Title is Implementation using collections.deque as expected
2023-12-13 15:45:05.971 [main] INFO  page.HomePage - Try Here Link works as expected...
2023-12-13 15:45:06.428 [main] INFO  page.HomePage - Try Here Link works as expected...
2023-12-13 15:45:06.518 [main] INFO  page.HomePage - Implementation using array
2023-12-13 15:45:06.736 [main] INFO  page.HomePage - Title is Implementation using array as expected
2023-12-13 15:45:07.454 [main] INFO  page.HomePage - Try Here Link works as expected...
2023-12-13 15:45:07.922 [main] INFO  page.HomePage - Try Here Link works as expected...
2023-12-13 15:45:08.017 [main] INFO  page.HomePage - Queue Operations
2023-12-13 15:45:08.240 [main] INFO  page.HomePage - Title is Queue Operations as expected
2023-12-13 15:45:08.770 [main] INFO  page.HomePage - Try Here Link works as expected...
2023-12-13 15:45:09.203 [main] INFO  page.HomePage - Try Here Link works as expected...
2023-12-13 15:45:13.685 [main] INFO  page.HomePage - User is in Home Page as expected
2023-12-13 15:45:13.714 [main] INFO  page.HomePage - User is in Home Page as expected
2023-12-13 15:45:13.979 [main] INFO  page.HomePage - Title is Tree as expected
2023-12-13 15:45:14.024 [main] INFO  page.HomePage - Overview of Trees
2023-12-13 15:45:14.293 [main] INFO  page.HomePage - Title is Overview of Trees as expected
2023-12-13 15:45:15.502 [main] INFO  page.HomePage - Try Here Link works as expected...
2023-12-13 15:45:15.983 [main] INFO  page.HomePage - Try Here Link works as expected...
2023-12-13 15:45:16.079 [main] INFO  page.HomePage - Terminologies
2023-12-13 15:45:16.312 [main] INFO  page.HomePage - Title is Terminologies as expected
2023-12-13 15:45:16.890 [main] INFO  page.HomePage - Try Here Link works as expected...
2023-12-13 15:45:17.349 [main] INFO  page.HomePage - Try Here Link works as expected...
2023-12-13 15:45:17.434 [main] INFO  page.HomePage - Types of Trees
2023-12-13 15:45:17.718 [main] INFO  page.HomePage - Title is Types of Trees as expected
2023-12-13 15:45:18.300 [main] INFO  page.HomePage - Try Here Link works as expected...
2023-12-13 15:45:19.130 [main] INFO  page.HomePage - Try Here Link works as expected...
2023-12-13 15:45:19.220 [main] INFO  page.HomePage - Tree Traversals
2023-12-13 15:45:19.509 [main] INFO  page.HomePage - Title is Tree Traversals as expected
2023-12-13 15:45:20.090 [main] INFO  page.HomePage - Try Here Link works as expected...
2023-12-13 15:45:20.557 [main] INFO  page.HomePage - Try Here Link works as expected...
2023-12-13 15:45:20.652 [main] INFO  page.HomePage - Traversals-Illustration
2023-12-13 15:45:20.952 [main] INFO  page.HomePage - Title is Traversals-Illustration as expected
2023-12-13 15:45:21.481 [main] INFO  page.HomePage - Try Here Link works as expected...
2023-12-13 15:45:21.952 [main] INFO  page.HomePage - Try Here Link works as expected...
2023-12-13 15:45:22.043 [main] INFO  page.HomePage - Binary Trees
2023-12-13 15:45:22.384 [main] INFO  page.HomePage - Title is Binary Trees as expected
2023-12-13 15:45:22.924 [main] INFO  page.HomePage - Try Here Link works as expected...
2023-12-13 15:45:23.350 [main] INFO  page.HomePage - Try Here Link works as expected...
2023-12-13 15:45:23.441 [main] INFO  page.HomeP